# Time-averaged data for fix strainstress
# TimeStep v_strain v_truestrain v_pzz v_pzzsq
192700 0.00015125 0.000151236 -0.0585638 0.00351705
192800 0.00040125 0.000401167 -0.0696046 0.00503225
192900 0.00065125 0.000651035 -0.082642 0.00698745
193000 0.00090125 0.000900842 -0.107652 0.0116293
193100 0.00115125 0.00115059 -0.139688 0.0196232
193200 0.00140125 0.00140027 -0.1503 0.0226593
193300 0.00165125 0.00164989 -0.189775 0.0362637
193400 0.00190125 0.00189944 -0.217318 0.0472733
193500 0.00215125 0.00214894 -0.215336 0.0465146
193600 0.00240125 0.00239837 -0.2432 0.0591823
193700 0.00265125 0.00264774 -0.242858 0.0591847
193800 0.00290125 0.00289705 -0.297329 0.0885162
193900 0.00315125 0.00314629 -0.299588 0.0898048
194000 0.00340125 0.00339548 -0.318056 0.10119
194100 0.00365125 0.0036446 -0.308671 0.0953734
194200 0.00390125 0.00389366 -0.370342 0.137676
194300 0.00415125 0.00414265 -0.375575 0.141112
194400 0.00440125 0.00439159 -0.425315 0.181361
194500 0.00465125 0.00464046 -0.417487 0.174712
194600 0.00490125 0.00488928 -0.440512 0.195421
194700 0.00515125 0.00513803 -0.462754 0.214472
194800 0.00540125 0.00538671 -0.467055 0.219125
194900 0.00565125 0.00563534 -0.511433 0.261829
195000 0.00590125 0.0058839 -0.509236 0.260064
195100 0.00615125 0.00613241 -0.585227 0.342779
195200 0.00640125 0.00638085 -0.524638 0.275404
195300 0.00665125 0.00662923 -0.605216 0.366565
195400 0.00690125 0.00687754 -0.575627 0.331539
195500 0.00715125 0.0071258 -0.625953 0.392544
195600 0.00740125 0.00737399 -0.64308 0.41357
195700 0.00765125 0.00762213 -0.658102 0.433445
195800 0.00790125 0.0078702 -0.681733 0.464826
195900 0.00815125 0.00811821 -0.702228 0.493478
196000 0.00840125 0.00836615 -0.726425 0.527742
196100 0.00865125 0.00861404 -0.730347 0.533526
196200 0.00890125 0.00886186 -0.761773 0.580327
196300 0.00915125 0.00910963 -0.774671 0.600303
196400 0.00940125 0.00935733 -0.808724 0.654117
196500 0.00965125 0.00960497 -0.819144 0.671062
196600 0.00990125 0.00985255 -0.826566 0.683258
196700 0.0101513 0.0101001 -0.845124 0.714321
196800 0.0104013 0.0103475 -0.87537 0.766326
196900 0.0106513 0.0105949 -0.872296 0.760973
197000 0.0109013 0.0108423 -0.911975 0.831796
197100 0.0111513 0.0110895 -0.928375 0.861957
197200 0.0114013 0.0113367 -0.931153 0.867141
197300 0.0116513 0.0115839 -0.953937 0.910033
197400 0.0119013 0.011831 -0.958746 0.919309
197500 0.0121513 0.012078 -0.989496 0.979137
197600 0.0124013 0.012325 -0.976302 0.953386
197700 0.0126513 0.0125719 -1.04865 1.09995
197800 0.0129013 0.0128187 -1.01292 1.02627
197900 0.0131513 0.0130655 -1.05855 1.12093
198000 0.0134013 0.0133122 -1.04541 1.09325
198100 0.0136513 0.0135589 -1.07672 1.15995
198200 0.0139013 0.0138055 -1.09249 1.19398
198300 0.0141513 0.0140521 -1.11554 1.24534
198400 0.0144013 0.0142985 -1.11955 1.25395
198500 0.0146513 0.014545 -1.12228 1.26087
198600 0.0149013 0.0147913 -1.18564 1.40585
198700 0.0151513 0.0150376 -1.17678 1.38509
198800 0.0154013 0.0152839 -1.2046 1.45134
198900 0.0156513 0.01553 -1.16941 1.36775
199000 0.0159013 0.0157761 -1.22894 1.51036
199100 0.0161513 0.0160222 -1.21493 1.47619
199200 0.0164013 0.0162682 -1.27437 1.62414
199300 0.0166513 0.0165141 -1.24812 1.55791
199400 0.0169013 0.01676 -1.25828 1.58336
199500 0.0171513 0.0170058 -1.26923 1.61098
199600 0.0174013 0.0172516 -1.28391 1.64856
199700 0.0176513 0.0174973 -1.27716 1.63126
199800 0.0179013 0.0177429 -1.3111 1.71974
199900 0.0181513 0.0179885 -1.35168 1.82709
200000 0.0184013 0.018234 -1.35455 1.83497
200100 0.0186513 0.0184794 -1.3687 1.87338
200200 0.0189013 0.0187248 -1.37363 1.887
200300 0.0191513 0.0189702 -1.37433 1.88901
200400 0.0194013 0.0192154 -1.37648 1.895
200500 0.0196513 0.0194607 -1.40109 1.96337
200600 0.0199013 0.0197058 -1.39878 1.95709
200700 0.0201513 0.0199509 -1.43964 2.07286
200800 0.0204013 0.0201959 -1.40013 1.96053
200900 0.0206513 0.0204409 -1.46315 2.14094
201000 0.0209013 0.0206858 -1.43405 2.0567
201100 0.0211513 0.0209307 -1.49903 2.24738
201200 0.0214013 0.0211755 -1.46744 2.15377
201300 0.0216513 0.0214202 -1.48323 2.20025
201400 0.0219013 0.0216649 -1.49035 2.22126
201500 0.0221513 0.0219095 -1.5137 2.29165
201600 0.0224013 0.022154 -1.52506 2.32602
201700 0.0226513 0.0223985 -1.51249 2.28771
201800 0.0229013 0.022643 -1.53126 2.34486
201900 0.0231513 0.0228873 -1.52421 2.32346
202000 0.0234013 0.0231316 -1.56112 2.43714
202100 0.0236513 0.0233759 -1.55658 2.42307
202200 0.0239013 0.0236201 -1.5925 2.53611
202300 0.0241513 0.0238642 -1.59204 2.53477
202400 0.0244013 0.0241083 -1.62149 2.62927
202500 0.0246513 0.0243523 -1.61514 2.60874
202600 0.0249013 0.0245963 -1.63348 2.66844
202700 0.0251513 0.0248402 -1.61897 2.62109
202800 0.0254013 0.025084 -1.64744 2.71415
202900 0.0256513 0.0253278 -1.65703 2.74589
203000 0.0259013 0.0255715 -1.70044 2.89165
203100 0.0261513 0.0258152 -1.6953 2.87411
203200 0.0264013 0.0260587 -1.70517 2.90777
203300 0.0266513 0.0263023 -1.68656 2.84458
203400 0.0269013 0.0265458 -1.70642 2.91204
203500 0.0271513 0.0267892 -1.71596 2.9446
203600 0.0274013 0.0270326 -1.71401 2.93806
203700 0.0276513 0.0272759 -1.71004 2.92431
203800 0.0279013 0.0275191 -1.72048 2.96054
203900 0.0281513 0.0277623 -1.74145 3.03287
204000 0.0284013 0.0280054 -1.719 2.95517
204100 0.0286513 0.0282485 -1.7706 3.13512
204200 0.0289013 0.0284915 -1.74231 3.03572
204300 0.0291513 0.0287344 -1.76864 3.12814
204400 0.0294013 0.0289773 -1.75445 3.07828
204500 0.0296513 0.0292202 -1.77167 3.13909
204600 0.0299013 0.0294629 -1.77405 3.14731
204700 0.0301513 0.0297056 -1.77479 3.15002
204800 0.0304013 0.0299483 -1.77538 3.152
204900 0.0306513 0.0301909 -1.78296 3.17902
205000 0.0309013 0.0304334 -1.79866 3.23525
205100 0.0311513 0.0306759 -1.81209 3.28377
205200 0.0314013 0.0309183 -1.82055 3.31443
205300 0.0316513 0.0311607 -1.8047 3.25698
205400 0.0319013 0.031403 -1.81681 3.30086
205500 0.0321513 0.0316452 -1.80486 3.25756
205600 0.0324013 0.0318874 -1.80513 3.25854
205700 0.0326513 0.0321295 -1.8247 3.32955
205800 0.0329013 0.0323716 -1.80983 3.27555
205900 0.0331513 0.0326136 -1.8146 3.29279
206000 0.0334013 0.0328555 -1.8062 3.26243
206100 0.0336513 0.0330974 -1.81335 3.28876
206200 0.0339013 0.0333393 -1.82069 3.31498
206300 0.0341513 0.033581 -1.82099 3.31614
206400 0.0344013 0.0338228 -1.84793 3.41486
206500 0.0346513 0.0340644 -1.85871 3.45493
206600 0.0349013 0.034306 -1.88069 3.53706
206700 0.0351513 0.0345475 -1.85373 3.43636
206800 0.0354013 0.034789 -1.88986 3.57169
206900 0.0356513 0.0350305 -1.86577 3.48133
207000 0.0359013 0.0352718 -1.90025 3.61164
207100 0.0361513 0.0355131 -1.89498 3.59113
207200 0.0364013 0.0357544 -1.9051 3.62991
207300 0.0366513 0.0359956 -1.92087 3.69017
207400 0.0369013 0.0362367 -1.90682 3.63672
207500 0.0371513 0.0364778 -1.94429 3.78052
207600 0.0374013 0.0367188 -1.91925 3.6841
207700 0.0376513 0.0369597 -1.99889 3.99579
207800 0.0379013 0.0372006 -1.93513 3.74508
207900 0.0381513 0.0374415 -1.96937 3.87863
208000 0.0384013 0.0376823 -1.95573 3.825
208100 0.0386513 0.037923 -1.96408 3.85778
208200 0.0389013 0.0381637 -1.97374 3.89565
208300 0.0391513 0.0384043 -1.98802 3.95228
208400 0.0394013 0.0386448 -1.97834 3.91385
208500 0.0396513 0.0388853 -1.99512 3.98058
208600 0.0399013 0.0391258 -2.00031 4.00133
208700 0.0401513 0.0393661 -2.0256 4.1031
208800 0.0404013 0.0396065 -2.00311 4.01269
208900 0.0406513 0.0398467 -2.00822 4.03333
209000 0.0409013 0.0400869 -2.01957 4.07876
209100 0.0411513 0.0403271 -1.98629 3.94541
209200 0.0414013 0.0405672 -2.00759 4.0305
209300 0.0416513 0.0408072 -1.99838 3.99355
209400 0.0419013 0.0410472 -1.99707 3.98834
209500 0.0421513 0.0412871 -1.96944 3.87877
209600 0.0424013 0.0415269 -1.98283 3.93168
209700 0.0426513 0.0417667 -1.96156 3.84783
209800 0.0429013 0.0420065 -1.95067 3.80518
209900 0.0431513 0.0422462 -1.96206 3.84971
210000 0.0434013 0.0424858 -1.97874 3.91549
210100 0.0436513 0.0427254 -1.97357 3.89514
210200 0.0439013 0.0429649 -1.97773 3.91164
210300 0.0441513 0.0432044 -1.99946 3.99789
210400 0.0444013 0.0434438 -1.99265 3.97074
210500 0.0446513 0.0436831 -2.00618 4.02485
210600 0.0449013 0.0439224 -1.96799 3.87316
210700 0.0451513 0.0441616 -2.00134 4.00544
210800 0.0454013 0.0444008 -1.95773 3.83276
210900 0.0456513 0.0446399 -1.98478 3.93955
211000 0.0459013 0.044879 -1.96041 3.8435
211100 0.0461513 0.045118 -1.94909 3.79897
211200 0.0464013 0.0453569 -1.94159 3.76988
211300 0.0466513 0.0455958 -1.9654 3.86311
211400 0.0469013 0.0458346 -1.96049 3.84396
211500 0.0471513 0.0460734 -1.93346 3.73833
211600 0.0474013 0.0463121 -1.96532 3.86253
211700 0.0476513 0.0465508 -1.94555 3.78523
211800 0.0479013 0.0467894 -1.97343 3.89452
211900 0.0481513 0.0470279 -1.96941 3.87867
212000 0.0484013 0.0472664 -1.98801 3.95238
212100 0.0486513 0.0475048 -1.99881 3.9953
212200 0.0489013 0.0477432 -2.01906 4.07671
212300 0.0491513 0.0479815 -2.01978 4.07978
212400 0.0494013 0.0482198 -1.99168 3.96699
212500 0.0496513 0.048458 -2.01848 4.0744
212600 0.0499013 0.0486961 -1.96979 3.88018
212700 0.0501513 0.0489342 -1.98952 3.95831
212800 0.0504013 0.0491722 -1.97071 3.8838
212900 0.0506513 0.0494102 -2.00978 4.03941
213000 0.0509013 0.0496481 -1.99423 3.97723
213100 0.0511513 0.049886 -1.99867 3.99477
213200 0.0514013 0.0501238 -1.95788 3.83393
213300 0.0516513 0.0503615 -1.97864 3.91557
213400 0.0519013 0.0505992 -1.99507 3.98033
213500 0.0521513 0.0508369 -2.00609 4.02465
213600 0.0524013 0.0510745 -1.99734 3.98992
213700 0.0526513 0.051312 -1.97285 3.89224
213800 0.0529013 0.0515494 -1.98944 3.95799
213900 0.0531513 0.0517869 -1.98524 3.94136
214000 0.0534013 0.0520242 -1.99314 3.97278
214100 0.0536513 0.0522615 -1.96557 3.86373
214200 0.0539013 0.0524988 -1.99503 3.98018
214300 0.0541513 0.0527359 -1.97412 3.89717
214400 0.0544013 0.0529731 -1.98947 3.95803
214500 0.0546513 0.0532101 -1.954 3.8182
214600 0.0549013 0.0534472 -1.97371 3.89567
214700 0.0551513 0.0536841 -1.97491 3.90035
214800 0.0554013 0.053921 -2.01251 4.05033
214900 0.0556513 0.0541579 -2.00979 4.03929
215000 0.0559013 0.0543947 -2.04207 4.17043
215100 0.0561513 0.0546314 -2.01654 4.06712
215200 0.0564013 0.0548681 -1.98937 3.95775
215300 0.0566513 0.0551047 -1.98568 3.94367
215400 0.0569013 0.0553413 -1.93538 3.74583
215500 0.0571513 0.0555778 -1.93804 3.75658
215600 0.0574013 0.0558142 -1.89318 3.58421
215700 0.0576513 0.0560506 -1.90758 3.63912
215800 0.0579013 0.056287 -1.86597 3.48225
215900 0.0581513 0.0565233 -1.92891 3.72088
216000 0.0584013 0.0567595 -1.84659 3.41031
216100 0.0586513 0.0569957 -1.91087 3.65171
216200 0.0589013 0.0572318 -1.85634 3.44613
216300 0.0591513 0.0574679 -1.91674 3.67459
216400 0.0594013 0.0577039 -1.89556 3.59348
216500 0.0596513 0.0579398 -1.92938 3.72297
216600 0.0599013 0.0581757 -1.90971 3.64751
216700 0.0601513 0.0584116 -1.90748 3.63852
216800 0.0604013 0.0586474 -1.8872 3.56163
216900 0.0606513 0.0588831 -1.90291 3.62118
217000 0.0609013 0.0591188 -1.88641 3.55881
217100 0.0611513 0.0593544 -1.86472 3.47732
217200 0.0614013 0.05959 -1.86154 3.46547
217300 0.0616513 0.0598255 -1.85224 3.43096
217400 0.0619013 0.0600609 -1.84375 3.4
217500 0.0621513 0.0602963 -1.78281 3.17853
217600 0.0624013 0.0605317 -1.80064 3.24235
217700 0.0626513 0.060767 -1.78218 3.17625
217800 0.0629013 0.0610022 -1.8005 3.24193
217900 0.0631513 0.0612374 -1.78299 3.17926
218000 0.0634013 0.0614725 -1.78874 3.19988
218100 0.0636513 0.0617076 -1.79749 3.23103
218200 0.0639013 0.0619426 -1.79024 3.20505
218300 0.0641513 0.0621775 -1.80385 3.25417
218400 0.0644013 0.0624124 -1.77871 3.16383
218500 0.0646513 0.0626473 -1.78005 3.16861
218600 0.0649013 0.0628821 -1.75788 3.09022
218700 0.0651513 0.0631168 -1.7799 3.1681
218800 0.0654013 0.0633515 -1.77673 3.15683
218900 0.0656513 0.0635861 -1.78512 3.18672
219000 0.0659013 0.0638207 -1.77783 3.16074
219100 0.0661513 0.0640552 -1.78149 3.17376
219200 0.0664013 0.0642897 -1.77645 3.15584
219300 0.0666513 0.0645241 -1.80641 3.26322
219400 0.0669013 0.0647584 -1.81613 3.29837
219500 0.0671513 0.0649927 -1.82594 3.33409
219600 0.0674013 0.065227 -1.80125 3.2446
219700 0.0676513 0.0654611 -1.8149 3.29398
219800 0.0679013 0.0656953 -1.80788 3.26852
219900 0.0681513 0.0659293 -1.81309 3.2875
220000 0.0684013 0.0661634 -1.83436 3.36502
220100 0.0686513 0.0663973 -1.82277 3.32275
220200 0.0689013 0.0666312 -1.84652 3.40993
220300 0.0691513 0.0668651 -1.8025 3.2491
220400 0.0694013 0.0670989 -1.83931 3.38316
220500 0.0696513 0.0673327 -1.79073 3.20696
220600 0.0699013 0.0675664 -1.81971 3.31156
220700 0.0701513 0.0678 -1.78746 3.19529
220800 0.0704013 0.0680336 -1.81005 3.27652
220900 0.0706513 0.0682671 -1.80466 3.25699
221000 0.0709013 0.0685006 -1.798 3.23284
221100 0.0711513 0.068734 -1.7983 3.23413
221200 0.0714013 0.0689674 -1.79476 3.22127
221300 0.0716513 0.0692007 -1.79557 3.22413
221400 0.0719013 0.0694339 -1.80783 3.26837
221500 0.0721513 0.0696671 -1.79417 3.21916
221600 0.0724013 0.0699003 -1.77816 3.16192
221700 0.0726513 0.0701334 -1.76969 3.13192
221800 0.0729013 0.0703664 -1.78534 3.18769
221900 0.0731513 0.0705994 -1.80145 3.24543
222000 0.0734013 0.0708323 -1.78651 3.19183
222100 0.0736513 0.0710652 -1.81137 3.28119
222200 0.0739013 0.071298 -1.78854 3.199
222300 0.0741513 0.0715308 -1.83615 3.37162
222400 0.0744013 0.0717635 -1.80396 3.25435
222500 0.0746513 0.0719962 -1.86229 3.46884
222600 0.0749013 0.0722288 -1.86937 3.49474
222700 0.0751513 0.0724613 -1.86665 3.48445
222800 0.0754013 0.0726938 -1.82931 3.34658
222900 0.0756513 0.0729263 -1.8772 3.52449
223000 0.0759013 0.0731587 -1.85443 3.44012
223100 0.0761513 0.073391 -1.83556 3.36997
223200 0.0764013 0.0736233 -1.87023 3.49825
223300 0.0766513 0.0738555 -1.83122 3.35358
223400 0.0769013 0.0740877 -1.87175 3.50368
223500 0.0771513 0.0743198 -1.82554 3.33268
223600 0.0774013 0.0745519 -1.86102 3.46348
223700 0.0776513 0.0747839 -1.83363 3.36234
223800 0.0779013 0.0750159 -1.87783 3.5263
223900 0.0781513 0.0752478 -1.84359 3.39896
224000 0.0784013 0.0754796 -1.88202 3.54216
224100 0.0786513 0.0757114 -1.87346 3.51017
224200 0.0789013 0.0759432 -1.86457 3.47669
224300 0.0791513 0.0761749 -1.86181 3.4664
224400 0.0794013 0.0764065 -1.88278 3.54498
224500 0.0796513 0.0766381 -1.87591 3.51915
224600 0.0799013 0.0768696 -1.88013 3.53503
224700 0.0801513 0.0771011 -1.88744 3.56248
224800 0.0804013 0.0773325 -1.8671 3.48613
224900 0.0806513 0.0775639 -1.8822 3.54269
225000 0.0809013 0.0777952 -1.87153 3.50265
225100 0.0811513 0.0780264 -1.87405 3.51209
225200 0.0814013 0.0782577 -1.86373 3.47356
225300 0.0816513 0.0784888 -1.86038 3.46109
225400 0.0819013 0.0787199 -1.87379 3.51113
225500 0.0821513 0.078951 -1.87305 3.50834
225600 0.0824013 0.079182 -1.86898 3.49313
225700 0.0826513 0.0794129 -1.89506 3.59129
225800 0.0829013 0.0796438 -1.89809 3.60281
225900 0.0831513 0.0798746 -1.8838 3.54876
226000 0.0834013 0.0801054 -1.89629 3.59597
226100 0.0836513 0.0803361 -1.88563 3.55572
226200 0.0839013 0.0805668 -1.87124 3.50164
226300 0.0841513 0.0807974 -1.88572 3.55599
226400 0.0844013 0.081028 -1.86958 3.49537
226500 0.0846513 0.0812585 -1.84693 3.41127
226600 0.0849013 0.081489 -1.83434 3.36497
226700 0.0851513 0.0817194 -1.81257 3.28556
226800 0.0854013 0.0819497 -1.78592 3.18958
226900 0.0856513 0.08218 -1.79104 3.20785
227000 0.0859013 0.0824103 -1.79689 3.22886
227100 0.0861513 0.0826405 -1.78071 3.17097
227200 0.0864013 0.0828706 -1.77122 3.13728
227300 0.0866513 0.0831007 -1.79499 3.22205
227400 0.0869013 0.0833308 -1.78083 3.17139
227500 0.0871513 0.0835607 -1.78412 3.18316
227600 0.0874013 0.0837907 -1.7844 3.18431
227700 0.0876513 0.0840206 -1.76363 3.11042
227800 0.0879013 0.0842504 -1.75652 3.08542
227900 0.0881513 0.0844802 -1.75948 3.09582
228000 0.0884013 0.0847099 -1.77313 3.14405
228100 0.0886513 0.0849395 -1.75491 3.07975
228200 0.0889013 0.0851692 -1.75509 3.08039
228300 0.0891513 0.0853987 -1.72308 2.96907
228400 0.0894013 0.0856282 -1.74116 3.03175
228500 0.0896513 0.0858577 -1.69473 2.87259
228600 0.0899013 0.0860871 -1.6908 2.85895
228700 0.0901513 0.0863164 -1.65883 2.75227
228800 0.0904013 0.0865457 -1.64159 2.69496
228900 0.0906513 0.086775 -1.64119 2.69391
229000 0.0909013 0.0870042 -1.63048 2.65875
229100 0.0911513 0.0872333 -1.66026 2.75655
229200 0.0914013 0.0874624 -1.63081 2.65994
229300 0.0916513 0.0876915 -1.69463 2.87188
229400 0.0919013 0.0879204 -1.65279 2.73184
229500 0.0921513 0.0881494 -1.67859 2.81782
229600 0.0924013 0.0883783 -1.66715 2.77952
229700 0.0926513 0.0886071 -1.6864 2.84414
229800 0.0929013 0.0888359 -1.67731 2.81352
229900 0.0931513 0.0890646 -1.69399 2.8699
230000 0.0934013 0.0892932 -1.70982 2.92361
230100 0.0936513 0.0895219 -1.69143 2.86107
230200 0.0939013 0.0897504 -1.71263 2.93314
230300 0.0941513 0.0899789 -1.7036 2.90231
230400 0.0944013 0.0902074 -1.71249 2.93265
230500 0.0946513 0.0904358 -1.71117 2.92813
230600 0.0949013 0.0906642 -1.71083 2.92702
230700 0.0951513 0.0908925 -1.72638 2.9805
230800 0.0954013 0.0911207 -1.75074 3.06517
230900 0.0956513 0.0913489 -1.73624 3.01464
231000 0.0959013 0.0915771 -1.76268 3.1072
231100 0.0961513 0.0918052 -1.72939 2.99089
231200 0.0964013 0.0920332 -1.76449 3.1136
231300 0.0966513 0.0922612 -1.76067 3.10008
231400 0.0969013 0.0924892 -1.79703 3.22944
231500 0.0971513 0.092717 -1.77801 3.16161
231600 0.0974013 0.0929449 -1.77743 3.15938
231700 0.0976513 0.0931727 -1.77676 3.15694
231800 0.0979013 0.0934004 -1.79914 3.23719
231900 0.0981513 0.0936281 -1.79588 3.22533
232000 0.0984013 0.0938557 -1.81341 3.28902
232100 0.0986513 0.0940833 -1.81696 3.30194
232200 0.0989013 0.0943108 -1.80003 3.24069
232300 0.0991513 0.0945383 -1.81982 3.31217
232400 0.0994013 0.0947657 -1.76403 3.11188
232500 0.0996513 0.0949931 -1.8066 3.2639
232600 0.0999013 0.0952204 -1.78016 3.16908
232700 0.100151 0.0954477 -1.80419 3.25519
232800 0.100401 0.0956749 -1.75145 3.06776
232900 0.100651 0.095902 -1.77752 3.15983
233000 0.100901 0.0961292 -1.7736 3.14581
233100 0.101151 0.0963562 -1.78447 3.18447
233200 0.101401 0.0965832 -1.78148 3.17382
233300 0.101651 0.0968102 -1.7738 3.1465
233400 0.101901 0.0970371 -1.76859 3.12802
233500 0.102151 0.0972639 -1.76173 3.10376
233600 0.102401 0.0974908 -1.77911 3.16524
233700 0.102651 0.0977175 -1.79888 3.23615
233800 0.102901 0.0979442 -1.7922 3.21214
233900 0.103151 0.0981709 -1.79877 3.23588
234000 0.103401 0.0983975 -1.81902 3.30894
234100 0.103651 0.098624 -1.8052 3.25881
234200 0.103901 0.0988505 -1.83052 3.35094
234300 0.104151 0.0990769 -1.80463 3.25676
234400 0.104401 0.0993033 -1.81254 3.28535
234500 0.104651 0.0995297 -1.79546 3.22375
234600 0.104901 0.099756 -1.82914 3.34591
234700 0.105151 0.0999822 -1.8017 3.24628
234800 0.105401 0.100208 -1.80467 3.25709
234900 0.105651 0.100435 -1.77607 3.15453
235000 0.105901 0.100661 -1.80231 3.24849
235100 0.106151 0.100887 -1.77884 3.16492
235200 0.106401 0.101113 -1.76896 3.12967
235300 0.106651 0.101339 -1.77616 3.15532
235400 0.106901 0.101564 -1.76153 3.10348
235500 0.107151 0.10179 -1.77839 3.16321
235600 0.107401 0.102016 -1.7344 3.00851
235700 0.107651 0.102242 -1.77684 3.15736
235800 0.107901 0.102467 -1.72747 2.98432
235900 0.108151 0.102693 -1.76407 3.11209
236000 0.108401 0.102919 -1.73558 3.01227
236100 0.108651 0.103144 -1.77263 3.14247
236200 0.108901 0.10337 -1.76896 3.1293
236300 0.109151 0.103595 -1.77276 3.14278
236400 0.109401 0.10382 -1.77978 3.16769
236500 0.109651 0.104046 -1.79394 3.21823
236600 0.109901 0.104271 -1.78577 3.18912
236700 0.110151 0.104496 -1.80629 3.26278
236800 0.110401 0.104721 -1.80089 3.24324
236900 0.110651 0.104947 -1.81021 3.27695
237000 0.110901 0.105172 -1.81642 3.29947
237100 0.111151 0.105397 -1.80113 3.24411
237200 0.111401 0.105622 -1.79234 3.21252
237300 0.111651 0.105847 -1.7762 3.15491
237400 0.111901 0.106071 -1.80023 3.24087
237500 0.112151 0.106296 -1.79947 3.23813
237600 0.112401 0.106521 -1.81649 3.29973
237700 0.112651 0.106746 -1.80464 3.25683
237800 0.112901 0.10697 -1.81865 3.30764
237900 0.113151 0.107195 -1.82754 3.33997
238000 0.113401 0.10742 -1.83115 3.35323
238100 0.113651 0.107644 -1.83603 3.3711
238200 0.113901 0.107868 -1.81778 3.30434
238300 0.114151 0.108093 -1.80756 3.26764
238400 0.114401 0.108317 -1.8071 3.26625
238500 0.114651 0.108542 -1.85896 3.45577
238600 0.114901 0.108766 -1.83213 3.35677
238700 0.115151 0.10899 -1.84354 3.39872
238800 0.115401 0.109214 -1.8146 3.29286
238900 0.115651 0.109438 -1.85192 3.42987
239000 0.115901 0.109662 -1.82544 3.33256
239100 0.116151 0.109886 -1.8244 3.32867
239200 0.116401 0.11011 -1.83489 3.36686
239300 0.116651 0.110334 -1.84982 3.4221
239400 0.116901 0.110558 -1.84963 3.42154
239500 0.117151 0.110782 -1.82418 3.32792
239600 0.117401 0.111006 -1.86218 3.46786
239700 0.117651 0.111229 -1.82889 3.34485
239800 0.117901 0.111453 -1.84706 3.41168
239900 0.118151 0.111677 -1.82831 3.34284
240000 0.118401 0.1119 -1.85459 3.43962
240100 0.118651 0.112124 -1.82276 3.32248
240200 0.118901 0.112347 -1.85218 3.43078
240300 0.119151 0.112571 -1.80615 3.26269
240400 0.119401 0.112794 -1.81042 3.27825
240500 0.119651 0.113017 -1.82806 3.34238
240600 0.119901 0.113241 -1.81125 3.28087
240700 0.120151 0.113464 -1.86139 3.46489
240800 0.120401 0.113687 -1.83275 3.35903
240900 0.120651 0.11391 -1.85724 3.44939
241000 0.120901 0.114133 -1.81593 3.29767
241100 0.121151 0.114356 -1.85438 3.43888
241200 0.121401 0.114579 -1.82195 3.31981
241300 0.121651 0.114802 -1.82022 3.31341
241400 0.121901 0.115025 -1.81978 3.31164
241500 0.122151 0.115248 -1.81163 3.28206
241600 0.122401 0.11547 -1.78241 3.17723
241700 0.122651 0.115693 -1.80745 3.26709
241800 0.122901 0.115916 -1.79945 3.23819
241900 0.123151 0.116138 -1.79165 3.21016
242000 0.123401 0.116361 -1.80322 3.25175
242100 0.123651 0.116583 -1.77314 3.1441
242200 0.123901 0.116806 -1.78834 3.19817
242300 0.124151 0.117028 -1.77011 3.13336
242400 0.124401 0.117251 -1.73676 3.01653
242500 0.124651 0.117473 -1.73033 2.9942
242600 0.124901 0.117695 -1.75131 3.06713
242700 0.125151 0.117917 -1.71604 2.94493
242800 0.125401 0.11814 -1.74643 3.05008
242900 0.125651 0.118362 -1.73497 3.01023
243000 0.125901 0.118584 -1.78979 3.20398
243100 0.126151 0.118806 -1.78727 3.19465
243200 0.126401 0.119028 -1.78441 3.1847
243300 0.126651 0.11925 -1.80107 3.24424
243400 0.126901 0.119472 -1.75157 3.06806
243500 0.127151 0.119693 -1.77959 3.167
243600 0.127401 0.119915 -1.75752 3.08893
243700 0.127651 0.120137 -1.78884 3.20002
243800 0.127901 0.120359 -1.7586 3.09285
243900 0.128151 0.12058 -1.73857 3.02267
244000 0.128401 0.120802 -1.73823 3.02147
244100 0.128651 0.121023 -1.772 3.14013
244200 0.128901 0.121245 -1.76192 3.10444
244300 0.129151 0.121466 -1.77477 3.14991
244400 0.129401 0.121688 -1.74816 3.05638
244500 0.129651 0.121909 -1.78229 3.17709
