# Time-averaged data for fix strainstress
# TimeStep v_strain v_truestrain v_pzz v_pzzsq
178300 0.00014375 0.000143737 -0.00448026 0.000122712
178400 0.00039375 0.00039367 -0.00150207 0.000204489
178500 0.00064375 0.00064354 -0.0392604 0.00163172
178600 0.00089375 0.000893348 -0.0167687 0.000341214
178700 0.00114375 0.00114309 -0.0753615 0.0061352
178800 0.00139375 0.00139278 -0.090801 0.00835673
178900 0.00164375 0.0016424 -0.0945073 0.00927409
179000 0.00189375 0.00189196 -0.118357 0.0141029
179100 0.00214375 0.00214145 -0.121529 0.0150703
179200 0.00239375 0.00239089 -0.195636 0.0384388
179300 0.00264375 0.00264026 -0.179562 0.0323266
179400 0.00289375 0.00288957 -0.219474 0.048278
179500 0.00314375 0.00313882 -0.19943 0.0398719
179600 0.00339375 0.003388 -0.24969 0.0629613
179700 0.00364375 0.00363713 -0.255224 0.0651676
179800 0.00389375 0.00388619 -0.294876 0.0873482
179900 0.00414375 0.00413519 -0.294356 0.0869825
180000 0.00439375 0.00438412 -0.301043 0.0913108
180100 0.00464375 0.004633 -0.343904 0.118464
180200 0.00489375 0.00488181 -0.352492 0.124785
180300 0.00514375 0.00513056 -0.39735 0.158019
180400 0.00539375 0.00537925 -0.358114 0.128357
180500 0.00564375 0.00562788 -0.400553 0.160531
180600 0.00589375 0.00587645 -0.400751 0.160854
180700 0.00614375 0.00612495 -0.468933 0.219982
180800 0.00639375 0.00637339 -0.443628 0.196951
180900 0.00664375 0.00662177 -0.497586 0.24829
181000 0.00689375 0.00687009 -0.493427 0.243743
181100 0.00714375 0.00711835 -0.527308 0.278374
181200 0.00739375 0.00736655 -0.514515 0.2651
181300 0.00764375 0.00761468 -0.559757 0.314557
181400 0.00789375 0.00786275 -0.584263 0.342018
181500 0.00814375 0.00811077 -0.567154 0.322047
181600 0.00839375 0.00835872 -0.605394 0.366698
181700 0.00864375 0.0086066 -0.598882 0.359009
181800 0.00889375 0.00885443 -0.64653 0.418087
181900 0.00914375 0.0091022 -0.640345 0.410233
182000 0.00939375 0.0093499 -0.688914 0.474657
182100 0.00964375 0.00959754 -0.674921 0.455577
182200 0.00989375 0.00984512 -0.714659 0.511069
182300 0.0101438 0.0100926 -0.717753 0.515247
182400 0.0103938 0.0103401 -0.744949 0.555226
182500 0.0106438 0.0105875 -0.755011 0.570055
182600 0.0108938 0.0108348 -0.766539 0.587927
182700 0.0111438 0.0110821 -0.805872 0.649461
182800 0.0113938 0.0113293 -0.806578 0.650629
182900 0.0116438 0.0115765 -0.820964 0.674037
183000 0.0118938 0.0118236 -0.8093 0.655113
183100 0.0121438 0.0120706 -0.842474 0.709867
183200 0.0123938 0.0123176 -0.829656 0.688425
183300 0.0126438 0.0125645 -0.886606 0.786723
183400 0.0128938 0.0128113 -0.879493 0.773633
183500 0.0131438 0.0130581 -0.921165 0.849018
183600 0.0133938 0.0133048 -0.915789 0.838981
183700 0.0136438 0.0135515 -0.939576 0.883527
183800 0.0138938 0.0137981 -0.965239 0.932241
183900 0.0141438 0.0140447 -0.946344 0.896271
184000 0.0143938 0.0142911 -0.998365 0.996937
184100 0.0146438 0.0145376 -0.972714 0.946708
184200 0.0148938 0.0147839 -1.03552 1.07241
184300 0.0151438 0.0150302 -1.00046 1.001
184400 0.0153938 0.0152765 -1.05099 1.10481
184500 0.0156438 0.0155226 -1.04374 1.08944
184600 0.0158938 0.0157688 -1.09161 1.19193
184700 0.0161438 0.0160148 -1.079 1.16446
184800 0.0163938 0.0162608 -1.09943 1.2093
184900 0.0166438 0.0165068 -1.11358 1.24026
185000 0.0168938 0.0167526 -1.11706 1.24799
185100 0.0171438 0.0169985 -1.13799 1.29509
185200 0.0173938 0.0172442 -1.13183 1.28107
185300 0.0176438 0.0174899 -1.164 1.35505
185400 0.0178938 0.0177355 -1.19216 1.42125
185500 0.0181438 0.0179811 -1.18599 1.4066
185600 0.0183938 0.0182266 -1.20976 1.46366
185700 0.0186438 0.0184721 -1.22171 1.49263
185800 0.0188938 0.0187175 -1.22136 1.49178
185900 0.0191438 0.0189628 -1.23938 1.53614
186000 0.0193938 0.0192081 -1.25937 1.58621
186100 0.0196438 0.0194533 -1.26996 1.61286
186200 0.0198938 0.0196985 -1.27004 1.61307
186300 0.0201438 0.0199435 -1.28362 1.64772
186400 0.0203938 0.0201886 -1.27873 1.63527
186500 0.0206438 0.0204336 -1.3154 1.73038
186600 0.0208938 0.0206785 -1.29739 1.68326
186700 0.0211438 0.0209233 -1.31889 1.73979
186800 0.0213938 0.0211681 -1.33328 1.77769
186900 0.0216438 0.0214128 -1.32791 1.7634
187000 0.0218938 0.0216575 -1.35307 1.8309
187100 0.0221438 0.0219021 -1.3696 1.87583
187200 0.0223938 0.0221467 -1.39657 1.95046
187300 0.0226438 0.0223912 -1.40639 1.97798
187400 0.0228938 0.0226356 -1.39925 1.95798
187500 0.0231438 0.02288 -1.41612 2.00542
187600 0.0233938 0.0231243 -1.424 2.02791
187700 0.0236438 0.0233686 -1.46254 2.13909
187800 0.0238938 0.0236128 -1.44449 2.08659
187900 0.0241438 0.0238569 -1.48769 2.2133
188000 0.0243938 0.024101 -1.45813 2.12626
188100 0.0246438 0.024345 -1.50287 2.25889
188200 0.0248938 0.0245889 -1.49477 2.23459
188300 0.0251438 0.0248328 -1.51475 2.29504
188400 0.0253938 0.0250767 -1.51954 2.30914
188500 0.0256438 0.0253205 -1.52326 2.32098
188600 0.0258938 0.0255642 -1.55589 2.42091
188700 0.0261438 0.0258078 -1.54584 2.38991
188800 0.0263938 0.0260514 -1.57683 2.48657
188900 0.0266438 0.026295 -1.55129 2.40662
189000 0.0268938 0.0265385 -1.60823 2.58654
189100 0.0271438 0.0267819 -1.59661 2.54928
189200 0.0273938 0.0270253 -1.62634 2.64511
189300 0.0276438 0.0272686 -1.61589 2.61127
189400 0.0278938 0.0275118 -1.60028 2.56093
189500 0.0281438 0.027755 -1.63248 2.66505
189600 0.0283938 0.0279981 -1.63943 2.68777
189700 0.0286438 0.0282412 -1.64415 2.70325
189800 0.0288938 0.0284842 -1.64744 2.7141
189900 0.0291438 0.0287271 -1.66362 2.76768
190000 0.0293938 0.02897 -1.66623 2.77637
190100 0.0296438 0.0292129 -1.67067 2.79134
190200 0.0298938 0.0294556 -1.70061 2.8921
190300 0.0301438 0.0296984 -1.67548 2.80733
190400 0.0303938 0.029941 -1.68155 2.82764
190500 0.0306438 0.0301836 -1.66923 2.78637
190600 0.0308938 0.0304261 -1.68733 2.84726
190700 0.0311438 0.0306686 -1.69623 2.87725
190800 0.0313938 0.030911 -1.70411 2.90405
190900 0.0316438 0.0311534 -1.71092 2.92726
191000 0.0318938 0.0313957 -1.73054 2.99483
191100 0.0321438 0.0316379 -1.72094 2.96167
191200 0.0323938 0.0318801 -1.73646 3.01536
191300 0.0326438 0.0321223 -1.75336 3.07432
191400 0.0328938 0.0323643 -1.7463 3.04962
191500 0.0331438 0.0326063 -1.74215 3.0351
191600 0.0333938 0.0328483 -1.7462 3.04927
191700 0.0336438 0.0330902 -1.78255 3.17753
191800 0.0338938 0.033332 -1.76585 3.11835
191900 0.0341438 0.0335738 -1.78853 3.19912
192000 0.0343938 0.0338155 -1.8012 3.24448
192100 0.0346438 0.0340572 -1.80707 3.26565
192200 0.0348938 0.0342988 -1.81111 3.28023
192300 0.0351438 0.0345403 -1.81197 3.28364
192400 0.0353938 0.0347818 -1.84728 3.41263
192500 0.0356438 0.0350232 -1.81471 3.29322
192600 0.0358938 0.0352646 -1.8204 3.31386
192700 0.0361438 0.0355059 -1.82006 3.31269
192800 0.0363938 0.0357471 -1.8194 3.31031
192900 0.0366438 0.0359883 -1.82813 3.34211
193000 0.0368938 0.0362295 -1.84402 3.40048
193100 0.0371438 0.0364705 -1.854 3.43752
193200 0.0373938 0.0367116 -1.8659 3.48182
193300 0.0376438 0.0369525 -1.84227 3.3941
193400 0.0378938 0.0371934 -1.87543 3.5174
193500 0.0381438 0.0374343 -1.85232 3.43121
193600 0.0383938 0.037675 -1.86645 3.4837
193700 0.0386438 0.0379158 -1.82097 3.31617
193800 0.0388938 0.0381564 -1.86156 3.46561
193900 0.0391438 0.0383971 -1.83369 3.36277
194000 0.0393938 0.0386376 -1.84003 3.38609
194100 0.0396438 0.0388781 -1.8414 3.39089
194200 0.0398938 0.0391185 -1.87299 3.50867
194300 0.0401438 0.0393589 -1.8672 3.48668
194400 0.0403938 0.0395992 -1.86144 3.46536
194500 0.0406438 0.0398395 -1.88778 3.56388
194600 0.0408938 0.0400797 -1.85748 3.45033
194700 0.0411438 0.0403199 -1.86079 3.46273
194800 0.0413938 0.04056 -1.84077 3.38885
194900 0.0416438 0.0408 -1.89677 3.59781
195000 0.0418938 0.04104 -1.87767 3.52571
195100 0.0421438 0.0412799 -1.91613 3.67168
195200 0.0423938 0.0415197 -1.89037 3.57357
195300 0.0426438 0.0417596 -1.91148 3.65392
195400 0.0428938 0.0419993 -1.90941 3.64598
195500 0.0431438 0.042239 -1.92311 3.69847
195600 0.0433938 0.0424786 -1.90287 3.62117
195700 0.0436438 0.0427182 -1.9214 3.69233
195800 0.0438938 0.0429577 -1.94834 3.79651
195900 0.0441438 0.0431972 -1.90519 3.62984
196000 0.0443938 0.0434366 -1.95541 3.82377
196100 0.0446438 0.0436759 -1.93527 3.74537
196200 0.0448938 0.0439152 -1.98048 3.9224
196300 0.0451438 0.0441544 -1.91741 3.67664
196400 0.0453938 0.0443936 -1.9597 3.84084
196500 0.0456438 0.0446327 -1.89951 3.60894
196600 0.0458938 0.0448718 -1.93546 3.74694
196700 0.0461438 0.0451108 -1.92152 3.69274
196800 0.0463938 0.0453497 -1.926 3.71005
196900 0.0466438 0.0455886 -1.92321 3.69933
197000 0.0468938 0.0458274 -1.90248 3.61985
197100 0.0471438 0.0460662 -1.91247 3.65783
197200 0.0473938 0.0463049 -1.88354 3.54779
197300 0.0476438 0.0465436 -1.8941 3.58773
197400 0.0478938 0.0467822 -1.88805 3.56503
197500 0.0481438 0.0470207 -1.9221 3.69449
197600 0.0483938 0.0472592 -1.8898 3.57154
197700 0.0486438 0.0474977 -1.87093 3.50041
197800 0.0488938 0.047736 -1.87593 3.51924
197900 0.0491438 0.0479744 -1.92861 3.71974
198000 0.0493938 0.0482126 -1.91524 3.66825
198100 0.0496438 0.0484508 -1.93484 3.74396
198200 0.0498938 0.048689 -1.94723 3.79172
198300 0.0501438 0.0489271 -1.93989 3.76321
198400 0.0503938 0.0491651 -1.93128 3.73006
198500 0.0506438 0.0494031 -1.934 3.74044
198600 0.0508938 0.049641 -1.9446 3.78149
198700 0.0511438 0.0498789 -1.93885 3.75917
198800 0.0513938 0.0501167 -1.91815 3.67936
198900 0.0516438 0.0503544 -1.92691 3.71304
199000 0.0518938 0.0505921 -1.93459 3.74271
199100 0.0521438 0.0508297 -1.9315 3.73076
199200 0.0523938 0.0510673 -1.94608 3.78724
199300 0.0526438 0.0513049 -1.94255 3.77353
199400 0.0528938 0.0515423 -1.95365 3.81676
199500 0.0531438 0.0517797 -1.93358 3.73893
199600 0.0533938 0.0520171 -1.92843 3.71892
199700 0.0536438 0.0522544 -1.94981 3.80185
199800 0.0538938 0.0524916 -1.96586 3.86469
199900 0.0541438 0.0527288 -1.97351 3.89479
200000 0.0543938 0.052966 -1.95885 3.83741
200100 0.0546438 0.053203 -1.93392 3.74022
200200 0.0548938 0.05344 -1.98032 3.92177
200300 0.0551438 0.053677 -1.94883 3.79807
200400 0.0553938 0.0539139 -1.95994 3.84148
200500 0.0556438 0.0541508 -1.96105 3.84591
200600 0.0558938 0.0543876 -1.95611 3.82643
200700 0.0561438 0.0546243 -1.96348 3.85528
200800 0.0563938 0.054861 -1.95732 3.83115
200900 0.0566438 0.0550976 -1.94452 3.78125
201000 0.0568938 0.0553342 -1.94082 3.76688
201100 0.0571438 0.0555707 -1.96031 3.84283
201200 0.0573938 0.0558072 -1.9544 3.81972
201300 0.0576438 0.0560436 -1.95851 3.83579
201400 0.0578938 0.0562799 -1.94507 3.78337
201500 0.0581438 0.0565162 -1.94416 3.77984
201600 0.0583938 0.0567524 -1.97209 3.88936
201700 0.0586438 0.0569886 -1.98576 3.94333
201800 0.0588938 0.0572247 -1.96984 3.88032
201900 0.0591438 0.0574608 -1.99883 3.99535
202000 0.0593938 0.0576968 -1.99543 3.98194
202100 0.0596438 0.0579328 -1.98647 3.9461
202200 0.0598938 0.0581687 -1.97151 3.88708
202300 0.0601438 0.0584045 -1.97605 3.90517
202400 0.0603938 0.0586403 -1.9934 3.9741
202500 0.0606438 0.058876 -1.96838 3.87474
202600 0.0608938 0.0591117 -2.0158 4.06367
202700 0.0611438 0.0593473 -1.97271 3.89163
202800 0.0613938 0.0595829 -1.98507 3.94058
202900 0.0616438 0.0598184 -1.97434 3.89808
203000 0.0618938 0.0600539 -2.00715 4.0287
203100 0.0621438 0.0602893 -1.979 3.91664
203200 0.0623938 0.0605246 -1.97587 3.90418
203300 0.0626438 0.0607599 -1.99575 3.98304
203400 0.0628938 0.0609951 -1.971 3.88492
203500 0.0631438 0.0612303 -1.99733 3.9894
203600 0.0633938 0.0614654 -1.97307 3.8935
203700 0.0636438 0.0617005 -1.97594 3.90461
203800 0.0638938 0.0619355 -1.98221 3.92951
203900 0.0641438 0.0621705 -1.93728 3.75318
204000 0.0643938 0.0624054 -1.94926 3.79968
204100 0.0646438 0.0626402 -1.91358 3.66186
204200 0.0648938 0.062875 -1.94007 3.76398
204300 0.0651438 0.0631098 -1.90775 3.63962
204400 0.0653938 0.0633444 -1.94225 3.77243
204500 0.0656438 0.0635791 -1.91951 3.68475
204600 0.0658938 0.0638136 -1.91803 3.67895
204700 0.0661438 0.0640482 -1.90124 3.61486
204800 0.0663938 0.0642826 -1.89648 3.59675
204900 0.0666438 0.064517 -1.87895 3.53072
205000 0.0668938 0.0647514 -1.87567 3.5183
205100 0.0671438 0.0649857 -1.88435 3.55089
205200 0.0673938 0.0652199 -1.85452 3.43928
205300 0.0676438 0.0654541 -1.83235 3.35775
205400 0.0678938 0.0656882 -1.83277 3.35921
205500 0.0681438 0.0659223 -1.8492 3.41959
205600 0.0683938 0.0661564 -1.8293 3.34643
205700 0.0686438 0.0663903 -1.86496 3.47818
205800 0.0688938 0.0666242 -1.82735 3.33933
205900 0.0691438 0.0668581 -1.84587 3.40737
206000 0.0693938 0.0670919 -1.80615 3.26239
206100 0.0696438 0.0673256 -1.82716 3.3388
206200 0.0698938 0.0675593 -1.82335 3.32477
206300 0.0701438 0.067793 -1.81398 3.29062
206400 0.0703938 0.0680266 -1.83716 3.37516
206500 0.0706438 0.0682601 -1.82248 3.32156
206600 0.0708938 0.0684936 -1.81022 3.27697
206700 0.0711438 0.068727 -1.82451 3.32886
206800 0.0713938 0.0689604 -1.79694 3.22905
206900 0.0716438 0.0691937 -1.81409 3.29109
207000 0.0718938 0.0694269 -1.81786 3.30465
207100 0.0721438 0.0696601 -1.81438 3.29199
207200 0.0723938 0.0698933 -1.80779 3.26813
207300 0.0726438 0.0701264 -1.81215 3.2839
207400 0.0728938 0.0703594 -1.81463 3.29296
207500 0.0731438 0.0705924 -1.85502 3.44118
207600 0.0733938 0.0708254 -1.81619 3.29887
207700 0.0736438 0.0710582 -1.82752 3.34026
207800 0.0738938 0.0712911 -1.84948 3.42098
207900 0.0741438 0.0715238 -1.84569 3.4068
208000 0.0743938 0.0717565 -1.87754 3.52541
208100 0.0746438 0.0719892 -1.83589 3.37056
208200 0.0748938 0.0722218 -1.86073 3.46243
208300 0.0751438 0.0724544 -1.82588 3.3341
208400 0.0753938 0.0726869 -1.88491 3.55306
208500 0.0756438 0.0729193 -1.8314 3.35443
208600 0.0758938 0.0731517 -1.86947 3.49553
208700 0.0761438 0.073384 -1.84559 3.40647
208800 0.0763938 0.0736163 -1.85752 3.45072
208900 0.0766438 0.0738486 -1.8513 3.42763
209000 0.0768938 0.0740807 -1.85977 3.45905
209100 0.0771438 0.0743129 -1.88608 3.55743
209200 0.0773938 0.0745449 -1.86386 3.47424
209300 0.0776438 0.0747769 -1.8965 3.5968
209400 0.0778938 0.0750089 -1.86602 3.48216
209500 0.0781438 0.0752408 -1.8955 3.59294
209600 0.0783938 0.0754727 -1.87487 3.5152
209700 0.0786438 0.0757045 -1.89172 3.57874
209800 0.0788938 0.0759362 -1.89043 3.57378
209900 0.0791438 0.0761679 -1.90285 3.62098
210000 0.0793938 0.0763995 -1.91454 3.66553
210100 0.0796438 0.0766311 -1.91479 3.66649
210200 0.0798938 0.0768627 -1.90834 3.64182
210300 0.0801438 0.0770941 -1.90038 3.61148
210400 0.0803938 0.0773256 -1.89094 3.57572
210500 0.0806438 0.0775569 -1.88558 3.55546
210600 0.0808938 0.0777882 -1.87506 3.51596
210700 0.0811438 0.0780195 -1.8917 3.57858
210800 0.0813938 0.0782507 -1.87765 3.52567
210900 0.0816438 0.0784819 -1.88093 3.53801
211000 0.0818938 0.078713 -1.86645 3.48412
211100 0.0821438 0.078944 -1.84321 3.39776
211200 0.0823938 0.079175 -1.86719 3.48655
211300 0.0826438 0.079406 -1.8223 3.32096
211400 0.0828938 0.0796369 -1.87261 3.50685
211500 0.0831438 0.0798677 -1.80419 3.2555
211600 0.0833938 0.0800985 -1.84002 3.38583
211700 0.0836438 0.0803292 -1.78486 3.18605
211800 0.0838938 0.0805599 -1.80264 3.24992
211900 0.0841438 0.0807905 -1.7853 3.18751
212000 0.0843938 0.0810211 -1.78578 3.18906
212100 0.0846438 0.0812516 -1.75237 3.07113
212200 0.0848938 0.0814821 -1.75703 3.08726
212300 0.0851438 0.0817125 -1.73313 3.00417
212400 0.0853938 0.0819428 -1.73228 3.00145
212500 0.0856438 0.0821731 -1.75191 3.0694
212600 0.0858938 0.0824034 -1.7419 3.03439
212700 0.0861438 0.0826336 -1.76496 3.11517
212800 0.0863938 0.0828637 -1.73323 3.00415
212900 0.0866438 0.0830938 -1.75287 3.07256
213000 0.0868938 0.0833239 -1.73258 3.0019
213100 0.0871438 0.0835538 -1.74025 3.02849
213200 0.0873938 0.0837838 -1.73649 3.01541
213300 0.0876438 0.0840137 -1.72265 2.96754
213400 0.0878938 0.0842435 -1.71799 2.95153
213500 0.0881438 0.0844733 -1.71286 2.93392
213600 0.0883938 0.084703 -1.71664 2.94703
213700 0.0886438 0.0849327 -1.73444 3.0085
213800 0.0888938 0.0851623 -1.69182 2.86239
213900 0.0891438 0.0853918 -1.71376 2.93724
214000 0.0893938 0.0856213 -1.72126 2.96281
214100 0.0896438 0.0858508 -1.72488 2.9753
214200 0.0898938 0.0860802 -1.72535 2.97692
214300 0.0901438 0.0863096 -1.71441 2.93934
214400 0.0903938 0.0865389 -1.74573 3.04765
214500 0.0906438 0.0867681 -1.71154 2.92949
214600 0.0908938 0.0869973 -1.73076 2.99557
214700 0.0911438 0.0872265 -1.69967 2.8889
214800 0.0913938 0.0874555 -1.75418 3.07757
214900 0.0916438 0.0876846 -1.70011 2.89123
215000 0.0918938 0.0879136 -1.70658 2.91292
215100 0.0921438 0.0881425 -1.72617 2.98001
215200 0.0923938 0.0883714 -1.70333 2.90177
215300 0.0926438 0.0886002 -1.7252 2.9764
215400 0.0928938 0.088829 -1.69796 2.88321
215500 0.0931438 0.0890577 -1.72378 2.97149
215600 0.0933938 0.0892864 -1.71362 2.93658
215700 0.0936438 0.089515 -1.70402 2.90373
215800 0.0938938 0.0897436 -1.68804 2.8495
215900 0.0941438 0.0899721 -1.69398 2.8696
216000 0.0943938 0.0902006 -1.69933 2.88777
216100 0.0946438 0.090429 -1.69995 2.88986
216200 0.0948938 0.0906573 -1.69798 2.88333
216300 0.0951438 0.0908856 -1.6698 2.78826
216400 0.0953938 0.0911139 -1.68984 2.85562
216500 0.0956438 0.0913421 -1.6774 2.81375
216600 0.0958938 0.0915702 -1.69697 2.87978
216700 0.0961438 0.0917983 -1.68505 2.83943
216800 0.0963938 0.0920264 -1.70258 2.89883
216900 0.0966438 0.0922544 -1.69709 2.88015
217000 0.0968938 0.0924823 -1.73226 3.00081
217100 0.0971438 0.0927102 -1.70135 2.89511
217200 0.0973938 0.092938 -1.708 2.91794
217300 0.0976438 0.0931658 -1.7249 2.97567
217400 0.0978938 0.0933936 -1.69324 2.86715
217500 0.0981438 0.0936213 -1.72193 2.96513
217600 0.0983938 0.0938489 -1.69341 2.86773
217700 0.0986438 0.0940765 -1.73982 3.02715
217800 0.0988938 0.094304 -1.6838 2.83533
217900 0.0991438 0.0945315 -1.71571 2.94398
218000 0.0993938 0.0947589 -1.68912 2.85335
218100 0.0996438 0.0949863 -1.72273 2.96843
218200 0.0998938 0.0952136 -1.71451 2.94002
218300 0.100144 0.0954409 -1.69075 2.85892
218400 0.100394 0.0956681 -1.71292 2.9342
218500 0.100644 0.0958952 -1.70413 2.90413
218600 0.100894 0.0961223 -1.72188 2.96493
218700 0.101144 0.0963494 -1.71806 2.95181
218800 0.101394 0.0965764 -1.72412 2.97283
218900 0.101644 0.0968034 -1.69556 2.87506
219000 0.101894 0.0970303 -1.73061 2.99515
219100 0.102144 0.0972571 -1.72784 2.98549
219200 0.102394 0.0974839 -1.75516 3.08063
219300 0.102644 0.0977107 -1.72434 2.97346
219400 0.102894 0.0979374 -1.73695 3.01715
219500 0.103144 0.0981641 -1.72363 2.97116
219600 0.103394 0.0983907 -1.70716 2.91449
219700 0.103644 0.0986172 -1.74092 3.03084
219800 0.103894 0.0988437 -1.71897 2.95492
219900 0.104144 0.0990701 -1.72215 2.96586
220000 0.104394 0.0992965 -1.7442 3.04223
220100 0.104644 0.0995229 -1.74143 3.03259
220200 0.104894 0.0997492 -1.74355 3.04001
220300 0.105144 0.0999754 -1.73878 3.02341
220400 0.105394 0.100202 -1.75857 3.09264
220500 0.105644 0.100428 -1.73895 3.02414
220600 0.105894 0.100654 -1.76364 3.11098
220700 0.106144 0.10088 -1.78436 3.18415
220800 0.106394 0.101106 -1.76971 3.13211
220900 0.106644 0.101332 -1.80731 3.26645
221000 0.106894 0.101558 -1.79473 3.22121
221100 0.107144 0.101783 -1.81055 3.27825
221200 0.107394 0.102009 -1.76614 3.11941
221300 0.107644 0.102235 -1.78101 3.17205
221400 0.107894 0.102461 -1.73589 3.01339
221500 0.108144 0.102686 -1.77157 3.13878
221600 0.108394 0.102912 -1.72921 2.99083
221700 0.108644 0.103137 -1.74381 3.04132
221800 0.108894 0.103363 -1.71767 2.95166
221900 0.109144 0.103588 -1.6859 2.84233
222000 0.109394 0.103814 -1.67011 2.78948
222100 0.109644 0.104039 -1.66596 2.7757
222200 0.109894 0.104264 -1.69276 2.86558
222300 0.110144 0.10449 -1.69472 2.87224
222400 0.110394 0.104715 -1.71396 2.93801
222500 0.110644 0.10494 -1.68041 2.82391
222600 0.110894 0.105165 -1.72698 2.98254
222700 0.111144 0.10539 -1.69913 2.8871
222800 0.111394 0.105615 -1.72048 2.96013
222900 0.111644 0.10584 -1.7075 2.91564
223000 0.111894 0.106065 -1.70882 2.92018
223100 0.112144 0.106289 -1.70901 2.92076
223200 0.112394 0.106514 -1.69056 2.85805
223300 0.112644 0.106739 -1.69512 2.87348
223400 0.112894 0.106964 -1.69062 2.85824
223500 0.113144 0.107188 -1.70827 2.91825
223600 0.113394 0.107413 -1.70377 2.90283
223700 0.113644 0.107637 -1.72473 2.97483
223800 0.113894 0.107862 -1.73658 3.01575
223900 0.114144 0.108086 -1.74416 3.04213
224000 0.114394 0.108311 -1.74921 3.05979
224100 0.114644 0.108535 -1.74807 3.05576
224200 0.114894 0.108759 -1.73754 3.01915
224300 0.115144 0.108983 -1.72982 2.99244
224400 0.115394 0.109207 -1.74413 3.04223
224500 0.115644 0.109432 -1.70531 2.90811
224600 0.115894 0.109656 -1.7406 3.02983
224700 0.116144 0.10988 -1.72104 2.96213
224800 0.116394 0.110104 -1.73415 3.00735
224900 0.116644 0.110328 -1.72275 2.96819
225000 0.116894 0.110551 -1.70448 2.90529
225100 0.117144 0.110775 -1.71348 2.93601
225200 0.117394 0.110999 -1.7192 2.95569
225300 0.117644 0.111223 -1.74569 3.04754
225400 0.117894 0.111446 -1.75519 3.08071
225500 0.118144 0.11167 -1.73788 3.02027
225600 0.118394 0.111894 -1.74746 3.05373
225700 0.118644 0.112117 -1.76802 3.12591
225800 0.118894 0.11234 -1.76137 3.10245
225900 0.119144 0.112564 -1.75397 3.0766
226000 0.119394 0.112787 -1.74279 3.03739
226100 0.119644 0.113011 -1.75089 3.06575
226200 0.119894 0.113234 -1.73059 2.99505
226300 0.120144 0.113457 -1.74797 3.05544
226400 0.120394 0.11368 -1.72555 2.97757
226500 0.120644 0.113903 -1.76023 3.09848
226600 0.120894 0.114126 -1.72675 2.98172
226700 0.121144 0.114349 -1.74285 3.03766
226800 0.121394 0.114572 -1.71366 2.93673
226900 0.121644 0.114795 -1.74891 3.0591
227000 0.121894 0.115018 -1.73844 3.02236
227100 0.122144 0.115241 -1.75544 3.0816
227200 0.122394 0.115464 -1.72174 2.96481
227300 0.122644 0.115686 -1.72168 2.96435
227400 0.122894 0.115909 -1.71356 2.9367
227500 0.123144 0.116132 -1.71333 2.93559
227600 0.123394 0.116354 -1.68482 2.83904
227700 0.123644 0.116577 -1.65074 2.72526
227800 0.123894 0.116799 -1.67517 2.80637
227900 0.124144 0.117022 -1.66648 2.7774
228000 0.124394 0.117244 -1.68782 2.84919
228100 0.124644 0.117466 -1.63659 2.67846
228200 0.124894 0.117689 -1.67212 2.79619
228300 0.125144 0.117911 -1.62236 2.63231
228400 0.125394 0.118133 -1.64402 2.70325
228500 0.125644 0.118355 -1.65402 2.73594
228600 0.125894 0.118577 -1.63903 2.68647
228700 0.126144 0.118799 -1.62938 2.65494
228800 0.126394 0.119021 -1.65334 2.73365
228900 0.126644 0.119243 -1.65379 2.7352
229000 0.126894 0.119465 -1.63595 2.67645
229100 0.127144 0.119687 -1.65895 2.75218
229200 0.127394 0.119909 -1.6482 2.71666
229300 0.127644 0.12013 -1.6646 2.77095
229400 0.127894 0.120352 -1.63896 2.68631
229500 0.128144 0.120574 -1.65415 2.73632
229600 0.128394 0.120795 -1.66884 2.78504
229700 0.128644 0.121017 -1.6713 2.79337
229800 0.128894 0.121238 -1.64974 2.72174
229900 0.129144 0.12146 -1.67596 2.80893
230000 0.129394 0.121681 -1.63344 2.6683
230100 0.129644 0.121902 -1.66097 2.7591
