# Time-averaged data for fix strainstress
# TimeStep v_strain v_truestrain v_pzz v_pzzsq
189100 0.00016125 0.000161234 -0.0321937 0.00124526
189200 0.00041125 0.000411163 -0.0584137 0.00345147
189300 0.00066125 0.000661029 -0.0586414 0.00346389
189400 0.00091125 0.000910832 -0.0779703 0.00613319
189500 0.00116125 0.00116057 -0.106422 0.0113757
189600 0.00141125 0.00141025 -0.120331 0.0145716
189700 0.00166125 0.00165987 -0.148265 0.0221876
189800 0.00191125 0.00190942 -0.163797 0.0268841
189900 0.00216125 0.00215892 -0.169102 0.0286092
190000 0.00241125 0.00240835 -0.201428 0.0406582
190100 0.00266125 0.00265771 -0.209766 0.0440463
190200 0.00291125 0.00290702 -0.228617 0.0524832
190300 0.00316125 0.00315626 -0.264978 0.0702511
190400 0.00341125 0.00340544 -0.281055 0.0792433
190500 0.00366125 0.00365456 -0.310362 0.0963894
190600 0.00391125 0.00390362 -0.299186 0.0896154
190700 0.00416125 0.00415261 -0.337156 0.113732
190800 0.00441125 0.00440155 -0.322215 0.103887
190900 0.00466125 0.00465042 -0.362284 0.131601
191000 0.00491125 0.00489923 -0.386928 0.149758
191100 0.00516125 0.00514797 -0.404515 0.163807
191200 0.00541125 0.00539666 -0.424886 0.180574
191300 0.00566125 0.00564528 -0.437772 0.1919
191400 0.00591125 0.00589384 -0.462059 0.21357
191500 0.00616125 0.00614234 -0.465262 0.216606
191600 0.00641125 0.00639078 -0.495902 0.24601
191700 0.00666125 0.00663916 -0.495737 0.245797
191800 0.00691125 0.00688747 -0.535961 0.287453
191900 0.00716125 0.00713573 -0.547103 0.299362
192000 0.00741125 0.00738392 -0.574463 0.330248
192100 0.00766125 0.00763205 -0.58412 0.341246
192200 0.00791125 0.00788012 -0.595975 0.355489
192300 0.00816125 0.00812812 -0.638536 0.407769
192400 0.00841125 0.00837607 -0.641746 0.411877
192500 0.00866125 0.00862395 -0.672448 0.452289
192600 0.00891125 0.00887178 -0.672575 0.452424
192700 0.00916125 0.00911954 -0.707706 0.501017
192800 0.00941125 0.00936724 -0.723165 0.523014
192900 0.00966125 0.00961488 -0.742274 0.551064
193000 0.00991125 0.00986245 -0.75348 0.567806
193100 0.0101613 0.01011 -0.786114 0.61809
193200 0.0104113 0.0103574 -0.777815 0.605028
193300 0.0106613 0.0106048 -0.809066 0.654971
193400 0.0109113 0.0108521 -0.844293 0.712926
193500 0.0111613 0.0110994 -0.837413 0.701465
193600 0.0114113 0.0113466 -0.872444 0.7612
193700 0.0116613 0.0115938 -0.855859 0.732562
193800 0.0119113 0.0118409 -0.888529 0.78955
193900 0.0121613 0.0120879 -0.908638 0.825677
194000 0.0124113 0.0123349 -0.931576 0.867846
194100 0.0126613 0.0125818 -0.932383 0.869421
194200 0.0129113 0.0128286 -0.959053 0.919844
194300 0.0131613 0.0130754 -0.956035 0.914046
194400 0.0134113 0.0133221 -0.978483 0.957602
194500 0.0136613 0.0135688 -1.00122 1.00255
194600 0.0139113 0.0138154 -1.02422 1.04905
194700 0.0141613 0.0140619 -1.02083 1.04233
194800 0.0144113 0.0143084 -1.03494 1.07143
194900 0.0146613 0.0145548 -1.05157 1.10585
195000 0.0149113 0.0148012 -1.07024 1.14566
195100 0.0151613 0.0150475 -1.07458 1.15516
195200 0.0154113 0.0152937 -1.09016 1.18907
195300 0.0156613 0.0155399 -1.10464 1.22052
195400 0.0159113 0.015786 -1.09745 1.20502
195500 0.0161613 0.016032 -1.13952 1.29877
195600 0.0164113 0.016278 -1.111 1.23477
195700 0.0166613 0.016524 -1.17734 1.38625
195800 0.0169113 0.0167698 -1.15303 1.32962
195900 0.0171613 0.0170157 -1.215 1.47646
196000 0.0174113 0.0172614 -1.17928 1.39078
196100 0.0176613 0.0175071 -1.24453 1.54921
196200 0.0179113 0.0177527 -1.21511 1.47693
196300 0.0181613 0.0179983 -1.24127 1.54129
196400 0.0184113 0.0182438 -1.25497 1.57508
196500 0.0186613 0.0184893 -1.2539 1.57246
196600 0.0189113 0.0187347 -1.27017 1.61336
196700 0.0191613 0.01898 -1.27367 1.62245
196800 0.0194113 0.0192253 -1.31218 1.72187
196900 0.0196613 0.0194705 -1.29165 1.66841
197000 0.0199113 0.0197156 -1.32997 1.76901
197100 0.0201613 0.0199607 -1.33425 1.78039
197200 0.0204113 0.0202057 -1.32568 1.75747
197300 0.0206613 0.0204507 -1.3382 1.79082
197400 0.0209113 0.0206956 -1.34613 1.81212
197500 0.0211613 0.0209405 -1.35585 1.83836
197600 0.0214113 0.0211852 -1.36046 1.85095
197700 0.0216613 0.02143 -1.38087 1.90687
197800 0.0219113 0.0216746 -1.38233 1.91098
197900 0.0221613 0.0219193 -1.42059 2.01814
198000 0.0224113 0.0221638 -1.4079 1.98226
198100 0.0226613 0.0224083 -1.42612 2.03388
198200 0.0229113 0.0226527 -1.42316 2.02545
198300 0.0231613 0.0228971 -1.43326 2.05427
198400 0.0234113 0.0231414 -1.42017 2.01697
198500 0.0236613 0.0233857 -1.45054 2.10426
198600 0.0239113 0.0236299 -1.46917 2.1586
198700 0.0241613 0.023874 -1.4817 2.19576
198800 0.0244113 0.0241181 -1.48084 2.19311
198900 0.0246613 0.0243621 -1.50277 2.25891
199000 0.0249113 0.024606 -1.52701 2.3319
199100 0.0251613 0.0248499 -1.48644 2.20966
199200 0.0254113 0.0250937 -1.52201 2.31666
199300 0.0256613 0.0253375 -1.49906 2.24728
199400 0.0259113 0.0255812 -1.55563 2.42025
199500 0.0261613 0.0258249 -1.54032 2.37266
199600 0.0264113 0.0260685 -1.56182 2.43944
199700 0.0266613 0.026312 -1.56615 2.45286
199800 0.0269113 0.0265555 -1.56159 2.43859
199900 0.0271613 0.0267989 -1.54996 2.40239
200000 0.0274113 0.0270423 -1.58685 2.5184
200100 0.0276613 0.0272856 -1.59685 2.54995
200200 0.0279113 0.0275288 -1.58918 2.52554
200300 0.0281613 0.027772 -1.60589 2.57897
200400 0.0284113 0.0280151 -1.6206 2.62648
200500 0.0286613 0.0282582 -1.63811 2.68341
200600 0.0289113 0.0285012 -1.64402 2.70286
200700 0.0291613 0.0287441 -1.64628 2.71027
200800 0.0294113 0.028987 -1.64273 2.69874
200900 0.0296613 0.0292299 -1.66398 2.76894
201000 0.0299113 0.0294726 -1.67363 2.80122
201100 0.0301613 0.0297153 -1.69476 2.87224
201200 0.0304113 0.029958 -1.66014 2.75614
201300 0.0306613 0.0302006 -1.70994 2.92443
201400 0.0309113 0.0304431 -1.68711 2.84673
201500 0.0311613 0.0306856 -1.71226 2.93228
201600 0.0314113 0.030928 -1.70987 2.92417
201700 0.0316613 0.0311704 -1.70232 2.89824
201800 0.0319113 0.0314127 -1.7079 2.91718
201900 0.0321613 0.0316549 -1.69602 2.87694
202000 0.0324113 0.0318971 -1.74212 3.03513
202100 0.0326613 0.0321392 -1.72489 2.97545
202200 0.0329113 0.0323813 -1.77161 3.13867
202300 0.0331613 0.0326233 -1.7445 3.04334
202400 0.0334113 0.0328652 -1.77636 3.15554
202500 0.0336613 0.0331071 -1.76478 3.11453
202600 0.0339113 0.0333489 -1.77278 3.14282
202700 0.0341613 0.0335907 -1.7673 3.12341
202800 0.0344113 0.0338324 -1.80996 3.27631
202900 0.0346613 0.0340741 -1.80298 3.25092
203000 0.0349113 0.0343157 -1.80663 3.26413
203100 0.0351613 0.0345572 -1.81856 3.30725
203200 0.0354113 0.0347987 -1.81377 3.29001
203300 0.0356613 0.0350401 -1.82235 3.32099
203400 0.0359113 0.0352815 -1.78995 3.20401
203500 0.0361613 0.0355228 -1.80956 3.27456
203600 0.0364113 0.035764 -1.8145 3.29244
203700 0.0366613 0.0360052 -1.84183 3.39237
203800 0.0369113 0.0362463 -1.81049 3.27799
203900 0.0371613 0.0364874 -1.83004 3.34936
204000 0.0374113 0.0367284 -1.84271 3.39573
204100 0.0376613 0.0369694 -1.83149 3.3546
204200 0.0379113 0.0372103 -1.84033 3.38703
204300 0.0381613 0.0374511 -1.82532 3.33191
204400 0.0384113 0.0376919 -1.85087 3.42594
204500 0.0386613 0.0379326 -1.82731 3.33917
204600 0.0389113 0.0381733 -1.87311 3.50861
204700 0.0391613 0.0384139 -1.83645 3.37264
204800 0.0394113 0.0386544 -1.85088 3.42579
204900 0.0396613 0.0388949 -1.81528 3.29553
205000 0.0399113 0.0391354 -1.85822 3.45353
205100 0.0401613 0.0393757 -1.85521 3.4422
205200 0.0404113 0.0396161 -1.86226 3.46866
205300 0.0406613 0.0398563 -1.86405 3.47517
205400 0.0409113 0.0400965 -1.84887 3.41856
205500 0.0411613 0.0403367 -1.87678 3.52244
205600 0.0414113 0.0405768 -1.84321 3.39756
205700 0.0416613 0.0408168 -1.88346 3.54752
205800 0.0419113 0.0410568 -1.85135 3.42757
205900 0.0421613 0.0412967 -1.86908 3.49356
206000 0.0424113 0.0415365 -1.83751 3.37649
206100 0.0426613 0.0417763 -1.8656 3.48053
206200 0.0429113 0.0420161 -1.82898 3.34527
206300 0.0431613 0.0422558 -1.84908 3.4192
206400 0.0434113 0.0424954 -1.79922 3.23741
206500 0.0436613 0.042735 -1.81076 3.27894
206600 0.0439113 0.0429745 -1.75807 3.09146
206700 0.0441613 0.0432139 -1.7437 3.04073
206800 0.0444113 0.0434533 -1.73634 3.01513
206900 0.0446613 0.0436927 -1.72004 2.95862
207000 0.0449113 0.043932 -1.69976 2.88943
207100 0.0451613 0.0441712 -1.68911 2.85345
207200 0.0454113 0.0444103 -1.73237 3.00117
207300 0.0456613 0.0446495 -1.71355 2.93632
207400 0.0459113 0.0448885 -1.74251 3.0364
207500 0.0461613 0.0451275 -1.72061 2.96057
207600 0.0464113 0.0453665 -1.72939 2.9909
207700 0.0466613 0.0456053 -1.72621 2.97993
207800 0.0469113 0.0458442 -1.74129 3.03215
207900 0.0471613 0.0460829 -1.74019 3.0283
208000 0.0474113 0.0463216 -1.73229 3.00096
208100 0.0476613 0.0465603 -1.74472 3.04408
208200 0.0479113 0.0467989 -1.72741 2.984
208300 0.0481613 0.0470374 -1.76005 3.098
208400 0.0484113 0.0472759 -1.76088 3.10074
208500 0.0486613 0.0475143 -1.77534 3.15187
208600 0.0489113 0.0477527 -1.77357 3.14559
208700 0.0491613 0.047991 -1.78102 3.17205
208800 0.0494113 0.0482293 -1.77798 3.16139
208900 0.0496613 0.0484675 -1.78441 3.18425
209000 0.0499113 0.0487056 -1.7752 3.15193
209100 0.0501613 0.0489437 -1.74019 3.02832
209200 0.0504113 0.0491818 -1.745 3.04508
209300 0.0506613 0.0494197 -1.71361 2.93656
209400 0.0509113 0.0496576 -1.74929 3.06011
209500 0.0511613 0.0498955 -1.70526 2.9081
209600 0.0514113 0.0501333 -1.71146 2.92916
209700 0.0516613 0.0503711 -1.66801 2.78264
209800 0.0519113 0.0506087 -1.68692 2.84644
209900 0.0521613 0.0508464 -1.69301 2.86711
210000 0.0524113 0.051084 -1.68479 2.83927
210100 0.0526613 0.0513215 -1.73521 3.0113
210200 0.0529113 0.0515589 -1.6885 2.8512
210300 0.0531613 0.0517964 -1.73399 3.00679
210400 0.0534113 0.0520337 -1.70855 2.9192
210500 0.0536613 0.052271 -1.7385 3.02243
210600 0.0539113 0.0525082 -1.71641 2.94612
210700 0.0541613 0.0527454 -1.77347 3.1456
210800 0.0544113 0.0529826 -1.7302 2.99403
210900 0.0546613 0.0532196 -1.73566 3.01266
211000 0.0549113 0.0534566 -1.73079 2.99581
211100 0.0551613 0.0536936 -1.744 3.0417
211200 0.0554113 0.0539305 -1.73384 3.00662
211300 0.0556613 0.0541673 -1.73037 2.99434
211400 0.0559113 0.0544041 -1.73893 3.02398
211500 0.0561613 0.0546409 -1.75226 3.07082
211600 0.0564113 0.0548775 -1.77403 3.14757
211700 0.0566613 0.0551142 -1.72941 2.99095
211800 0.0569113 0.0553507 -1.77284 3.14301
211900 0.0571613 0.0555872 -1.75528 3.08119
212000 0.0574113 0.0558237 -1.76951 3.13123
212100 0.0576613 0.0560601 -1.73496 3.01021
212200 0.0579113 0.0562964 -1.7771 3.15835
212300 0.0581613 0.0565327 -1.76221 3.10564
212400 0.0584113 0.056769 -1.76838 3.12735
212500 0.0586613 0.0570051 -1.77484 3.15045
212600 0.0589113 0.0572413 -1.76145 3.10282
212700 0.0591613 0.0574773 -1.7734 3.145
212800 0.0594113 0.0577133 -1.76343 3.10984
212900 0.0596613 0.0579493 -1.78794 3.19678
213000 0.0599113 0.0581852 -1.75142 3.06752
213100 0.0601613 0.058421 -1.80439 3.25603
213200 0.0604113 0.0586568 -1.78615 3.19047
213300 0.0606613 0.0588925 -1.79647 3.22746
213400 0.0609113 0.0591282 -1.80358 3.25295
213500 0.0611613 0.0593638 -1.82259 3.32238
213600 0.0614113 0.0595994 -1.86234 3.4684
213700 0.0616613 0.0598349 -1.82134 3.3173
213800 0.0619113 0.0600703 -1.84153 3.39146
213900 0.0621613 0.0603057 -1.85889 3.45552
214000 0.0624113 0.0605411 -1.84998 3.42245
214100 0.0626613 0.0607764 -1.84319 3.39736
214200 0.0629113 0.0610116 -1.85952 3.45794
214300 0.0631613 0.0612468 -1.85225 3.431
214400 0.0634113 0.0614819 -1.83849 3.38022
214500 0.0636613 0.061717 -1.87784 3.52636
214600 0.0639113 0.061952 -1.86162 3.46569
214700 0.0641613 0.0621869 -1.84648 3.40965
214800 0.0644113 0.0624218 -1.82742 3.3396
214900 0.0646613 0.0626567 -1.85983 3.45901
215000 0.0649113 0.0628915 -1.8381 3.37866
215100 0.0651613 0.0631262 -1.87609 3.51999
215200 0.0654113 0.0633609 -1.86541 3.47985
215300 0.0656613 0.0635955 -1.88778 3.56391
215400 0.0659113 0.0638301 -1.87061 3.4995
215500 0.0661613 0.0640646 -1.88171 3.54126
215600 0.0664113 0.064299 -1.87516 3.51665
215700 0.0666613 0.0645334 -1.87364 3.51112
215800 0.0669113 0.0647678 -1.88898 3.56876
215900 0.0671613 0.0650021 -1.86172 3.46645
216000 0.0674113 0.0652363 -1.89979 3.60987
216100 0.0676613 0.0654705 -1.84466 3.40284
216200 0.0679113 0.0657046 -1.88569 3.556
216300 0.0681613 0.0659387 -1.83566 3.36975
216400 0.0684113 0.0661727 -1.88959 3.5709
216500 0.0686613 0.0664067 -1.86427 3.47589
216600 0.0689113 0.0666406 -1.87235 3.50604
216700 0.0691613 0.0668745 -1.87656 3.52162
216800 0.0694113 0.0671083 -1.87088 3.50031
216900 0.0696613 0.067342 -1.83938 3.38368
217000 0.0699113 0.0675757 -1.83834 3.37976
217100 0.0701613 0.0678093 -1.85461 3.43977
217200 0.0704113 0.0680429 -1.83943 3.38355
217300 0.0706613 0.0682764 -1.85528 3.4422
217400 0.0709113 0.0685099 -1.82873 3.34433
217500 0.0711613 0.0687433 -1.84977 3.42168
217600 0.0714113 0.0689767 -1.83434 3.36486
217700 0.0716613 0.06921 -1.84448 3.40215
217800 0.0719113 0.0694433 -1.81797 3.30506
217900 0.0721613 0.0696765 -1.84257 3.39513
218000 0.0724113 0.0699096 -1.85113 3.42679
218100 0.0726613 0.0701427 -1.84859 3.41735
218200 0.0729113 0.0703757 -1.83911 3.38243
218300 0.0731613 0.0706087 -1.84628 3.40893
218400 0.0734113 0.0708417 -1.86018 3.46035
218500 0.0736613 0.0710745 -1.85448 3.43916
218600 0.0739113 0.0713074 -1.849 3.41898
218700 0.0741613 0.0715401 -1.86698 3.48567
218800 0.0744113 0.0717728 -1.8517 3.42894
218900 0.0746613 0.0720055 -1.82891 3.345
219000 0.0749113 0.0722381 -1.83205 3.35647
219100 0.0751613 0.0724706 -1.8184 3.30667
219200 0.0754113 0.0727031 -1.80145 3.24558
219300 0.0756613 0.0729356 -1.80754 3.26769
219400 0.0759113 0.073168 -1.81531 3.29578
219500 0.0761613 0.0734003 -1.78677 3.19272
219600 0.0764113 0.0736326 -1.82963 3.34773
219700 0.0766613 0.0738648 -1.77309 3.14402
219800 0.0769113 0.074097 -1.81269 3.28603
219900 0.0771613 0.0743291 -1.77345 3.14532
220000 0.0774113 0.0745612 -1.80517 3.25874
220100 0.0776613 0.0747932 -1.76835 3.12739
220200 0.0779113 0.0750251 -1.78408 3.18321
220300 0.0781613 0.075257 -1.78468 3.18526
220400 0.0784113 0.0754889 -1.79855 3.23521
220500 0.0786613 0.0757207 -1.80281 3.25043
220600 0.0789113 0.0759524 -1.78363 3.18144
220700 0.0791613 0.0761841 -1.78014 3.1691
220800 0.0794113 0.0764158 -1.75309 3.07339
220900 0.0796613 0.0766473 -1.76494 3.11511
221000 0.0799113 0.0768789 -1.7434 3.0396
221100 0.0801613 0.0771103 -1.77408 3.14739
221200 0.0804113 0.0773418 -1.75919 3.09487
221300 0.0806613 0.0775731 -1.76147 3.10285
221400 0.0809113 0.0778044 -1.74006 3.02791
221500 0.0811613 0.0780357 -1.74573 3.04766
221600 0.0814113 0.0782669 -1.73837 3.02207
221700 0.0816613 0.0784981 -1.7417 3.03367
221800 0.0819113 0.0787292 -1.7424 3.03623
221900 0.0821613 0.0789602 -1.70899 2.9207
222000 0.0824113 0.0791912 -1.71792 2.95134
222100 0.0826613 0.0794221 -1.71882 2.95446
222200 0.0829113 0.079653 -1.74912 3.05951
222300 0.0831613 0.0798838 -1.73735 3.0184
222400 0.0834113 0.0801146 -1.74954 3.06092
222500 0.0836613 0.0803454 -1.72834 2.98722
222600 0.0839113 0.080576 -1.75938 3.0955
222700 0.0841613 0.0808066 -1.75693 3.08694
222800 0.0844113 0.0810372 -1.76115 3.1017
222900 0.0846613 0.0812677 -1.76786 3.1254
223000 0.0849113 0.0814982 -1.78246 3.17722
223100 0.0851613 0.0817286 -1.75265 3.07192
223200 0.0854113 0.0819589 -1.78546 3.18802
223300 0.0856613 0.0821892 -1.75496 3.08043
223400 0.0859113 0.0824195 -1.76807 3.1265
223500 0.0861613 0.0826497 -1.76008 3.09819
223600 0.0864113 0.0828798 -1.78695 3.19399
223700 0.0866613 0.0831099 -1.77589 3.1546
223800 0.0869113 0.08334 -1.7463 3.05008
223900 0.0871613 0.0835699 -1.79416 3.21933
224000 0.0874113 0.0837999 -1.7565 3.08538
224100 0.0876613 0.0840297 -1.79454 3.22046
224200 0.0879113 0.0842596 -1.74749 3.0539
224300 0.0881613 0.0844893 -1.75623 3.08444
224400 0.0884113 0.0847191 -1.74972 3.06159
224500 0.0886613 0.0849487 -1.79261 3.21363
224600 0.0889113 0.0851783 -1.77886 3.16447
224700 0.0891613 0.0854079 -1.77603 3.15446
224800 0.0894113 0.0856374 -1.76155 3.10322
224900 0.0896613 0.0858669 -1.7723 3.14134
225000 0.0899113 0.0860963 -1.77851 3.1634
225100 0.0901613 0.0863256 -1.75263 3.07185
225200 0.0904113 0.0865549 -1.79142 3.20928
225300 0.0906613 0.0867842 -1.7622 3.10546
225400 0.0909113 0.0870134 -1.76168 3.10355
225500 0.0911613 0.0872425 -1.74183 3.03407
225600 0.0914113 0.0874716 -1.74637 3.04987
225700 0.0916613 0.0877006 -1.74549 3.04682
225800 0.0919113 0.0879296 -1.73918 3.02481
225900 0.0921613 0.0881585 -1.75266 3.07199
226000 0.0924113 0.0883874 -1.71826 2.9525
226100 0.0926613 0.0886162 -1.75274 3.07225
226200 0.0929113 0.088845 -1.71292 2.93459
226300 0.0931613 0.0890737 -1.70796 2.91751
226400 0.0934113 0.0893024 -1.72025 2.95974
226500 0.0936613 0.089531 -1.67823 2.81688
226600 0.0939113 0.0897596 -1.72321 2.96969
226700 0.0941613 0.0899881 -1.66366 2.76793
226800 0.0944113 0.0902165 -1.71287 2.9341
226900 0.0946613 0.090445 -1.67661 2.81109
227000 0.0949113 0.0906733 -1.71488 2.94103
227100 0.0951613 0.0909016 -1.65842 2.75099
227200 0.0954113 0.0911299 -1.67557 2.80765
227300 0.0956613 0.0913581 -1.649 2.71962
227400 0.0959113 0.0915862 -1.66001 2.75601
227500 0.0961613 0.0918143 -1.66045 2.75734
227600 0.0964113 0.0920423 -1.66348 2.76745
227700 0.0966613 0.0922703 -1.66924 2.78659
227800 0.0969113 0.0924983 -1.65938 2.75361
227900 0.0971613 0.0927262 -1.6794 2.82056
228000 0.0974113 0.092954 -1.66158 2.76091
228100 0.0976613 0.0931818 -1.6732 2.79966
228200 0.0979113 0.0934095 -1.63773 2.68234
228300 0.0981613 0.0936372 -1.65557 2.7411
228400 0.0984113 0.0938648 -1.67274 2.79809
228500 0.0986613 0.0940924 -1.67668 2.81127
228600 0.0989113 0.0943199 -1.67656 2.81094
228700 0.0991613 0.0945474 -1.67413 2.80279
228800 0.0994113 0.0947748 -1.68395 2.83575
228900 0.0996613 0.0950022 -1.68742 2.84743
229000 0.0999113 0.0952295 -1.68037 2.82367
229100 0.100161 0.0954568 -1.6818 2.82852
229200 0.100411 0.095684 -1.66266 2.76446
229300 0.100661 0.0959111 -1.67465 2.80454
229400 0.100911 0.0961382 -1.66386 2.76856
229500 0.101161 0.0963653 -1.69342 2.86808
229600 0.101411 0.0965923 -1.68683 2.84575
229700 0.101661 0.0968193 -1.67593 2.80924
229800 0.101911 0.0970462 -1.71929 2.9563
229900 0.102161 0.097273 -1.6763 2.81019
230000 0.102411 0.0974998 -1.71996 2.95835
230100 0.102661 0.0977266 -1.67519 2.80651
230200 0.102911 0.0979533 -1.74144 3.03277
230300 0.103161 0.0981799 -1.69234 2.86421
230400 0.103411 0.0984065 -1.75914 3.09525
230500 0.103661 0.0986331 -1.72329 2.97018
230600 0.103911 0.0988596 -1.74745 3.0541
230700 0.104161 0.099086 -1.73494 3.01078
230800 0.104411 0.0993124 -1.72317 2.96988
230900 0.104661 0.0995387 -1.75356 3.07518
231000 0.104911 0.099765 -1.73041 2.99443
231100 0.105161 0.0999912 -1.74928 3.06012
231200 0.105411 0.100217 -1.70605 2.91073
231300 0.105661 0.100444 -1.71899 2.95496
231400 0.105911 0.10067 -1.71034 2.92531
231500 0.106161 0.100896 -1.74134 3.03239
231600 0.106411 0.101122 -1.72558 2.97784
231700 0.106661 0.101348 -1.75315 3.07383
231800 0.106911 0.101573 -1.76665 3.12114
231900 0.107161 0.101799 -1.76258 3.10702
232000 0.107411 0.102025 -1.78144 3.17364
232100 0.107661 0.102251 -1.75564 3.08238
232200 0.107911 0.102476 -1.77595 3.15403
232300 0.108161 0.102702 -1.77469 3.1496
232400 0.108411 0.102928 -1.79089 3.20733
232500 0.108661 0.103153 -1.77667 3.15662
232600 0.108911 0.103379 -1.80717 3.26595
232700 0.109161 0.103604 -1.76016 3.09854
232800 0.109411 0.103829 -1.7542 3.07738
232900 0.109661 0.104055 -1.74701 3.05224
233000 0.109911 0.10428 -1.75052 3.0645
233100 0.110161 0.104505 -1.75658 3.08565
233200 0.110411 0.10473 -1.78139 3.17405
233300 0.110661 0.104956 -1.78728 3.19476
233400 0.110911 0.105181 -1.77422 3.1481
233500 0.111161 0.105406 -1.79468 3.22122
233600 0.111411 0.105631 -1.75922 3.09497
233700 0.111661 0.105856 -1.79752 3.23123
233800 0.111911 0.10608 -1.77211 3.14044
233900 0.112161 0.106305 -1.8179 3.30488
234000 0.112411 0.10653 -1.7802 3.16932
234100 0.112661 0.106755 -1.80906 3.27319
234200 0.112911 0.106979 -1.80226 3.24859
234300 0.113161 0.107204 -1.79272 3.21397
234400 0.113411 0.107428 -1.78017 3.16932
234500 0.113661 0.107653 -1.78171 3.17482
234600 0.113911 0.107877 -1.79319 3.21573
234700 0.114161 0.108102 -1.77675 3.15698
234800 0.114411 0.108326 -1.79053 3.20634
234900 0.114661 0.108551 -1.76633 3.12011
235000 0.114911 0.108775 -1.824 3.32711
235100 0.115161 0.108999 -1.79491 3.22181
235200 0.115411 0.109223 -1.83341 3.36145
235300 0.115661 0.109447 -1.78428 3.18406
235400 0.115911 0.109671 -1.81036 3.27769
235500 0.116161 0.109895 -1.80238 3.24866
235600 0.116411 0.110119 -1.83018 3.34962
235700 0.116661 0.110343 -1.78896 3.20081
235800 0.116911 0.110567 -1.78419 3.1837
235900 0.117161 0.110791 -1.79911 3.23696
236000 0.117411 0.111015 -1.80058 3.24224
236100 0.117661 0.111238 -1.79865 3.23548
236200 0.117911 0.111462 -1.80166 3.2461
236300 0.118161 0.111686 -1.82087 3.31573
236400 0.118411 0.111909 -1.80849 3.27079
236500 0.118661 0.112133 -1.82209 3.3202
236600 0.118911 0.112356 -1.79249 3.21306
236700 0.119161 0.11258 -1.82636 3.3356
236800 0.119411 0.112803 -1.79941 3.23792
236900 0.119661 0.113026 -1.80707 3.26553
237000 0.119911 0.113249 -1.75706 3.08748
237100 0.120161 0.113473 -1.76763 3.12494
237200 0.120411 0.113696 -1.7718 3.13974
237300 0.120661 0.113919 -1.75388 3.07631
237400 0.120911 0.114142 -1.78132 3.17321
237500 0.121161 0.114365 -1.76608 3.11916
237600 0.121411 0.114588 -1.78632 3.19096
237700 0.121661 0.114811 -1.76862 3.12807
237800 0.121911 0.115034 -1.76022 3.09874
237900 0.122161 0.115257 -1.74709 3.05262
238000 0.122411 0.115479 -1.78633 3.19104
238100 0.122661 0.115702 -1.77323 3.1444
238200 0.122911 0.115925 -1.8024 3.24879
238300 0.123161 0.116147 -1.78885 3.20014
238400 0.123411 0.11637 -1.79906 3.23664
238500 0.123661 0.116592 -1.77374 3.14624
238600 0.123911 0.116815 -1.76455 3.11371
238700 0.124161 0.117037 -1.75751 3.08895
238800 0.124411 0.11726 -1.75286 3.07255
238900 0.124661 0.117482 -1.74441 3.04298
239000 0.124911 0.117704 -1.77032 3.13423
239100 0.125161 0.117926 -1.77172 3.13916
239200 0.125411 0.118149 -1.775 3.151
239300 0.125661 0.118371 -1.81021 3.27694
239400 0.125911 0.118593 -1.80308 3.2513
239500 0.126161 0.118815 -1.82415 3.32767
239600 0.126411 0.119037 -1.78062 3.17077
239700 0.126661 0.119259 -1.84399 3.40052
239800 0.126911 0.11948 -1.827 3.33833
239900 0.127161 0.119702 -1.83249 3.35822
240000 0.127411 0.119924 -1.80756 3.26762
240100 0.127661 0.120146 -1.80115 3.24451
240200 0.127911 0.120367 -1.82158 3.31864
240300 0.128161 0.120589 -1.7964 3.2274
240400 0.128411 0.120811 -1.82358 3.32561
240500 0.128661 0.121032 -1.77926 3.16579
240600 0.128911 0.121254 -1.78931 3.20175
240700 0.129161 0.121475 -1.76103 3.10139
240800 0.129411 0.121696 -1.7975 3.23103
240900 0.129661 0.121918 -1.74957 3.06108
