#  step      rmse_trn    rmse_e_trn    rmse_f_trn         lr
      0      2.41e+01      1.06e+00      7.61e-01    1.0e-03
   1000      2.50e+00      3.16e-02      7.89e-02    1.0e-03
   2000      5.46e+00      1.11e-01      1.72e-01    1.0e-03
   3000      5.33e+00      1.29e-01      1.68e-01    1.0e-03
   4000      2.13e+00      1.20e-01      6.74e-02    1.0e-03
   5000      4.19e+00      1.30e-01      1.36e-01    9.5e-04
   6000      4.34e+00      1.64e-02      1.41e-01    9.5e-04
   7000      3.99e+00      8.18e-02      1.29e-01    9.5e-04
   8000      4.35e+00      4.14e-03      1.41e-01    9.5e-04
   9000      4.80e+00      4.43e-02      1.56e-01    9.5e-04
  10000      4.71e+00      1.06e-01      1.56e-01    9.0e-04
  11000      2.60e+00      4.72e-02      8.65e-02    9.0e-04
  12000      4.39e+00      1.74e-03      1.46e-01    9.0e-04
  13000      3.60e+00      1.41e-02      1.20e-01    9.0e-04
  14000      1.77e+00      5.40e-02      5.87e-02    9.0e-04
  15000      3.03e+00      1.72e-02      1.03e-01    8.6e-04
  16000      3.46e+00      1.48e-01      1.11e-01    8.6e-04
  17000      1.13e+00      3.47e-02      3.83e-02    8.6e-04
  18000      1.21e+00      3.61e-02      4.11e-02    8.6e-04
  19000      3.69e+00      3.58e-02      1.26e-01    8.6e-04
  20000      2.45e+00      2.28e-02      8.57e-02    8.1e-04
  21000      3.58e+00      4.09e-02      1.25e-01    8.1e-04
  22000      7.81e-01      1.57e-02      2.73e-02    8.1e-04
  23000      2.62e+00      5.66e-03      9.18e-02    8.1e-04
  24000      3.03e+00      4.40e-02      1.05e-01    8.1e-04
  25000      2.98e+00      6.43e-03      1.07e-01    7.7e-04
  26000      3.08e+00      1.37e-02      1.11e-01    7.7e-04
  27000      3.01e+00      5.58e-03      1.08e-01    7.7e-04
  28000      3.17e+00      1.47e-02      1.14e-01    7.7e-04
  29000      2.84e+00      1.80e-02      1.02e-01    7.7e-04
  30000      2.69e+00      1.36e-02      9.91e-02    7.4e-04
  31000      2.88e+00      1.78e-03      1.06e-01    7.4e-04
  32000      2.77e+00      5.91e-03      1.02e-01    7.4e-04
  33000      6.34e-01      3.85e-03      2.34e-02    7.4e-04
  34000      2.90e+00      9.17e-02      1.01e-01    7.4e-04
  35000      2.58e+00      9.81e-02      9.66e-02    7.0e-04
  36000      2.93e+00      1.37e-02      1.11e-01    7.0e-04
  37000      5.49e-01      4.44e-03      2.08e-02    7.0e-04
  38000      3.10e+00      1.21e-02      1.17e-01    7.0e-04
  39000      2.74e+00      4.21e-03      1.04e-01    7.0e-04
  40000      2.53e+00      2.80e-03      9.82e-02    6.6e-04
  41000      4.26e-01      8.57e-03      1.65e-02    6.6e-04
  42000      2.71e+00      5.03e-02      1.03e-01    6.6e-04
  43000      5.63e-01      1.38e-02      2.17e-02    6.6e-04
  44000      1.58e+00      5.16e-03      6.14e-02    6.6e-04
  45000      2.63e+00      1.42e-03      1.05e-01    6.3e-04
  46000      2.16e+00      1.94e-02      8.61e-02    6.3e-04
  47000      2.55e+00      3.30e-03      1.01e-01    6.3e-04
  48000      2.24e+00      7.36e-03      8.92e-02    6.3e-04
  49000      2.98e+00      6.69e-02      1.18e-01    6.3e-04
  50000      2.04e+00      4.29e-03      8.35e-02    6.0e-04
  51000      1.38e+00      1.20e-02      5.64e-02    6.0e-04
  52000      2.54e+00      5.98e-03      1.04e-01    6.0e-04
  53000      2.78e+00      1.06e-01      9.89e-02    6.0e-04
  54000      4.19e-01      7.81e-03      1.71e-02    6.0e-04
  55000      2.18e+00      9.99e-03      9.10e-02    5.7e-04
  56000      2.33e+00      4.03e-04      9.77e-02    5.7e-04
  57000      2.65e+00      4.12e-03      1.11e-01    5.7e-04
  58000      2.40e+00      1.93e-03      1.01e-01    5.7e-04
  59000      8.51e-01      3.43e-03      3.57e-02    5.7e-04
  60000      2.43e+00      5.03e-03      1.04e-01    5.4e-04
  61000      7.09e-01      1.14e-02      3.04e-02    5.4e-04
  62000      1.85e+00      1.28e-05      7.97e-02    5.4e-04
  63000      2.17e+00      1.00e-02      9.31e-02    5.4e-04
  64000      2.38e+00      5.78e-03      1.02e-01    5.4e-04
  65000      2.74e+00      5.88e-03      1.21e-01    5.1e-04
  66000      2.34e+00      1.58e-02      1.03e-01    5.1e-04
  67000      1.84e+00      4.40e-02      8.07e-02    5.1e-04
  68000      2.40e+00      3.38e-03      1.06e-01    5.1e-04
  69000      2.31e+00      1.24e-02      1.02e-01    5.1e-04
  70000      2.26e+00      7.53e-03      1.02e-01    4.9e-04
  71000      1.94e+00      1.36e-02      8.76e-02    4.9e-04
  72000      2.43e+00      4.87e-03      1.10e-01    4.9e-04
  73000      2.47e+00      3.25e-03      1.12e-01    4.9e-04
  74000      1.62e+00      3.26e-02      7.27e-02    4.9e-04
  75000      2.04e+00      9.65e-04      9.48e-02    4.6e-04
  76000      1.89e+00      1.55e-02      8.76e-02    4.6e-04
  77000      2.37e+00      1.08e-02      1.10e-01    4.6e-04
  78000      2.50e+00      1.04e-02      1.16e-01    4.6e-04
  79000      2.16e+00      1.71e-05      1.00e-01    4.6e-04
  80000      1.42e+00      1.35e-03      6.79e-02    4.4e-04
  81000      1.37e+00      4.99e-03      6.53e-02    4.4e-04
  82000      2.09e+00      9.48e-03      9.93e-02    4.4e-04
  83000      2.91e-01      1.53e-02      1.33e-02    4.4e-04
  84000      2.24e+00      4.29e-03      1.07e-01    4.4e-04
  85000      1.96e+00      1.42e-02      9.52e-02    4.2e-04
  86000      2.04e+00      2.35e-03      9.97e-02    4.2e-04
  87000      2.30e+00      1.60e-02      1.12e-01    4.2e-04
  88000      1.14e+00      9.52e-03      5.58e-02    4.2e-04
  89000      1.15e+00      8.89e-03      5.60e-02    4.2e-04
  90000      1.41e+00      1.88e-04      7.08e-02    4.0e-04
  91000      2.03e+00      1.63e-03      1.02e-01    4.0e-04
  92000      2.07e+00      1.39e-02      1.04e-01    4.0e-04
  93000      3.16e-01      1.03e-02      1.56e-02    4.0e-04
  94000      1.53e+00      1.71e-02      7.66e-02    4.0e-04
  95000      1.90e+00      1.17e-03      9.75e-02    3.8e-04
  96000      7.08e-01      1.75e-02      3.61e-02    3.8e-04
  97000      1.86e+00      9.86e-04      9.55e-02    3.8e-04
  98000      1.54e+00      4.66e-03      7.93e-02    3.8e-04
  99000      1.96e+00      3.27e-03      1.01e-01    3.8e-04
 100000      1.29e+00      9.65e-03      6.80e-02    3.6e-04
 101000      1.95e+00      2.03e-03      1.03e-01    3.6e-04
 102000      1.74e+00      2.96e-03      9.17e-02    3.6e-04
 103000      1.52e+00      4.96e-03      8.00e-02    3.6e-04
 104000      1.23e+00      1.43e-03      6.48e-02    3.6e-04
 105000      1.74e+00      4.63e-05      9.43e-02    3.4e-04
 106000      1.87e+00      5.09e-02      9.98e-02    3.4e-04
 107000      1.81e+00      1.48e-03      9.82e-02    3.4e-04
 108000      1.75e+00      1.05e-02      9.44e-02    3.4e-04
 109000      1.81e+00      2.59e-03      9.79e-02    3.4e-04
 110000      1.67e+00      1.50e-02      9.28e-02    3.2e-04
 111000      2.19e+00      5.00e-03      1.22e-01    3.2e-04
 112000      1.56e+00      6.10e-03      8.62e-02    3.2e-04
 113000      4.70e-01      5.86e-03      2.61e-02    3.2e-04
 114000      1.79e+00      8.70e-03      9.91e-02    3.2e-04
 115000      1.74e+00      1.35e-02      9.80e-02    3.1e-04
 116000      1.85e+00      7.19e-03      1.05e-01    3.1e-04
 117000      1.52e+00      7.95e-04      8.67e-02    3.1e-04
 118000      1.63e+00      1.28e-04      9.31e-02    3.1e-04
 119000      1.86e+00      4.25e-02      9.82e-02    3.1e-04
 120000      1.73e+00      2.99e-03      1.01e-01    2.9e-04
 121000      1.63e+00      1.85e-02      9.50e-02    2.9e-04
 122000      1.23e+00      3.43e-02      7.11e-02    2.9e-04
 123000      1.52e+00      3.40e-03      8.86e-02    2.9e-04
 124000      2.03e+00      2.56e-02      1.16e-01    2.9e-04
 125000      1.67e+00      1.32e-03      1.00e-01    2.8e-04
 126000      2.39e-01      7.28e-03      1.41e-02    2.8e-04
 127000      1.48e+00      9.90e-03      8.84e-02    2.8e-04
 128000      1.12e+00      4.72e-03      6.72e-02    2.8e-04
 129000      3.56e-01      3.98e-03      2.13e-02    2.8e-04
 130000      1.21e+00      3.92e-03      7.47e-02    2.6e-04
 131000      1.50e+00      4.49e-03      9.18e-02    2.6e-04
 132000      1.46e+00      3.21e-03      9.01e-02    2.6e-04
 133000      1.53e+00      7.61e-03      9.40e-02    2.6e-04
 134000      1.45e+00      1.36e-03      8.92e-02    2.6e-04
 135000      1.05e+00      7.46e-03      6.64e-02    2.5e-04
 136000      5.25e-01      1.14e-02      3.28e-02    2.5e-04
 137000      1.44e+00      3.03e-03      9.10e-02    2.5e-04
 138000      1.67e+00      4.63e-03      1.06e-01    2.5e-04
 139000      1.58e+00      5.05e-03      9.97e-02    2.5e-04
 140000      1.43e+00      7.74e-03      9.21e-02    2.4e-04
 141000      1.44e+00      1.44e-04      9.34e-02    2.4e-04
 142000      1.54e+00      2.55e-02      9.93e-02    2.4e-04
 143000      1.54e+00      3.34e-02      9.87e-02    2.4e-04
 144000      1.01e+00      1.38e-02      6.48e-02    2.4e-04
 145000      1.17e+00      2.54e-03      7.78e-02    2.3e-04
 146000      1.05e+00      8.78e-03      6.94e-02    2.3e-04
 147000      1.34e+00      2.21e-02      8.50e-02    2.3e-04
 148000      1.30e+00      3.12e-04      8.61e-02    2.3e-04
 149000      1.23e+00      3.18e-02      8.06e-02    2.3e-04
 150000      1.47e+00      1.82e-03      1.00e-01    2.1e-04
 151000      1.36e+00      3.13e-03      9.26e-02    2.1e-04
 152000      1.35e+00      2.49e-03      9.18e-02    2.1e-04
 153000      1.30e+00      6.54e-03      8.83e-02    2.1e-04
 154000      1.18e+00      6.74e-02      7.48e-02    2.1e-04
 155000      5.58e-01      7.36e-03      3.89e-02    2.0e-04
 156000      9.90e-01      1.54e-04      6.92e-02    2.0e-04
 157000      9.58e-01      9.15e-03      6.68e-02    2.0e-04
 158000      1.31e+00      1.07e-03      9.13e-02    2.0e-04
 159000      1.06e+00      1.08e-02      7.38e-02    2.0e-04
 160000      1.16e+00      9.76e-03      8.33e-02    1.9e-04
 161000      1.27e+00      4.11e-04      9.09e-02    1.9e-04
 162000      1.41e+00      1.12e-02      1.01e-01    1.9e-04
 163000      1.33e+00      3.89e-03      9.55e-02    1.9e-04
 164000      1.25e+00      3.57e-03      8.95e-02    1.9e-04
 165000      1.16e+00      1.61e-03      8.50e-02    1.8e-04
 166000      1.16e+00      4.50e-03      8.52e-02    1.8e-04
 167000      1.36e+00      6.49e-03      1.00e-01    1.8e-04
 168000      1.34e+00      1.86e-02      9.56e-02    1.8e-04
 169000      1.11e+00      1.04e-03      8.13e-02    1.8e-04
 170000      8.94e-01      5.64e-03      6.74e-02    1.7e-04
 171000      1.36e-01      5.44e-03      9.95e-03    1.7e-04
 172000      1.17e+00      4.75e-03      8.84e-02    1.7e-04
 173000      1.18e+00      2.22e-03      8.93e-02    1.7e-04
 174000      1.31e+00      7.69e-04      9.86e-02    1.7e-04
 175000      1.19e+00      3.02e-03      9.21e-02    1.7e-04
 176000      1.38e-01      6.44e-03      1.02e-02    1.7e-04
 177000      1.24e+00      1.75e-03      9.58e-02    1.7e-04
 178000      1.28e+00      3.40e-04      9.88e-02    1.7e-04
 179000      7.63e-01      7.09e-03      5.90e-02    1.7e-04
 180000      1.04e+00      3.38e-03      8.27e-02    1.6e-04
 181000      9.70e-01      1.97e-03      7.70e-02    1.6e-04
 182000      1.12e+00      3.44e-03      8.87e-02    1.6e-04
 183000      1.47e-01      4.49e-03      1.14e-02    1.6e-04
 184000      9.83e-01      2.54e-02      7.69e-02    1.6e-04
 185000      9.67e-01      1.63e-03      7.87e-02    1.5e-04
 186000      8.25e-01      1.08e-02      6.69e-02    1.5e-04
 187000      1.13e+00      2.92e-03      9.20e-02    1.5e-04
 188000      1.11e+00      1.19e-02      8.86e-02    1.5e-04
 189000      1.13e+00      1.04e-02      9.10e-02    1.5e-04
 190000      1.19e+00      4.34e-03      9.88e-02    1.4e-04
 191000      1.09e+00      3.36e-04      9.12e-02    1.4e-04
 192000      1.10e+00      4.19e-03      9.17e-02    1.4e-04
 193000      1.08e+00      3.66e-03      8.99e-02    1.4e-04
 194000      1.05e+00      2.18e-03      8.76e-02    1.4e-04
 195000      8.33e-01      2.53e-03      7.13e-02    1.4e-04
 196000      1.02e+00      9.63e-04      8.75e-02    1.4e-04
 197000      1.31e+00      1.15e-03      1.13e-01    1.4e-04
 198000      1.13e-01      4.14e-03      9.37e-03    1.4e-04
 199000      1.02e+00      9.67e-04      8.72e-02    1.4e-04
 200000      1.06e+00      1.38e-03      9.34e-02    1.3e-04
 201000      1.12e+00      7.96e-04      9.85e-02    1.3e-04
 202000      7.29e-01      1.43e-02      6.35e-02    1.3e-04
 203000      9.89e-01      2.97e-03      8.69e-02    1.3e-04
 204000      1.03e+00      3.41e-03      9.01e-02    1.3e-04
 205000      5.37e-01      5.48e-03      4.83e-02    1.2e-04
 206000      9.67e-01      7.94e-03      8.70e-02    1.2e-04
 207000      7.79e-01      1.12e-03      7.02e-02    1.2e-04
 208000      9.98e-01      8.64e-03      8.88e-02    1.2e-04
 209000      9.96e-01      5.97e-03      8.97e-02    1.2e-04
 210000      4.71e-01      3.47e-02      3.80e-02    1.2e-04
 211000      8.55e-01      7.54e-03      7.89e-02    1.2e-04
 212000      9.95e-01      2.23e-03      9.20e-02    1.2e-04
 213000      8.10e-01      4.44e-04      7.49e-02    1.2e-04
 214000      9.85e-01      7.53e-04      9.11e-02    1.2e-04
 215000      1.05e+00      7.52e-03      9.82e-02    1.1e-04
 216000      1.09e+00      9.27e-03      1.02e-01    1.1e-04
 217000      1.02e+00      2.29e-03      9.70e-02    1.1e-04
 218000      9.42e-01      8.34e-03      8.92e-02    1.1e-04
 219000      8.25e-01      1.98e-03      7.83e-02    1.1e-04
 220000      9.63e-01      6.18e-03      9.30e-02    1.0e-04
 221000      6.53e-01      2.36e-03      6.36e-02    1.0e-04
 222000      9.58e-01      1.95e-03      9.31e-02    1.0e-04
 223000      9.18e-01      3.13e-04      8.94e-02    1.0e-04
 224000      8.49e-01      2.35e-03      8.26e-02    1.0e-04
 225000      9.46e-01      2.39e-03      9.43e-02    9.9e-05
 226000      2.66e-01      1.84e-03      2.66e-02    9.9e-05
 227000      1.09e+00      3.92e-03      1.09e-01    9.9e-05
 228000      9.14e-01      1.55e-03      9.12e-02    9.9e-05
 229000      9.53e-01      2.47e-03      9.50e-02    9.9e-05
 230000      9.19e-01      6.38e-03      9.40e-02    9.4e-05
 231000      7.74e-01      1.66e-03      7.92e-02    9.4e-05
 232000      9.14e-01      1.32e-03      9.35e-02    9.4e-05
 233000      8.71e-01      9.05e-03      8.74e-02    9.4e-05
 234000      1.17e-01      2.82e-03      1.18e-02    9.4e-05
 235000      7.56e-01      1.12e-02      7.90e-02    9.0e-05
 236000      7.77e-01      4.56e-03      8.16e-02    9.0e-05
 237000      8.62e-01      4.32e-03      9.01e-02    9.0e-05
 238000      1.15e-01      2.87e-03      1.19e-02    9.0e-05
 239000      8.27e-01      8.25e-03      8.66e-02    9.0e-05
 240000      8.78e-01      1.31e-03      9.45e-02    8.5e-05
 241000      1.33e+00      5.34e-03      1.43e-01    8.5e-05
 242000      8.40e-01      1.85e-03      9.04e-02    8.5e-05
 243000      9.45e-01      4.73e-04      1.02e-01    8.5e-05
 244000      8.41e-01      2.14e-03      9.04e-02    8.5e-05
 245000      7.12e-01      1.28e-02      7.81e-02    8.1e-05
 246000      7.65e-01      2.27e-03      8.44e-02    8.1e-05
 247000      7.17e-01      2.92e-03      7.92e-02    8.1e-05
 248000      8.66e-01      2.44e-03      9.55e-02    8.1e-05
 249000      7.47e-01      1.17e-02      7.86e-02    8.1e-05
 250000      8.78e-01      9.96e-04      9.95e-02    7.7e-05
 251000      8.49e-02      5.14e-03      8.76e-03    7.7e-05
 252000      5.22e-01      6.55e-03      5.90e-02    7.7e-05
 253000      8.25e-02      1.39e-03      9.28e-03    7.7e-05
 254000      7.82e-01      2.46e-04      8.86e-02    7.7e-05
 255000      7.91e-01      3.02e-03      9.19e-02    7.3e-05
 256000      7.02e-01      9.33e-04      8.16e-02    7.3e-05
 257000      6.36e-01      7.77e-03      7.18e-02    7.3e-05
 258000      8.11e-01      1.06e-04      9.42e-02    7.3e-05
 259000      7.64e-01      2.82e-03      8.85e-02    7.3e-05
 260000      8.70e-01      8.77e-03      1.02e-01    6.9e-05
 261000      6.55e-01      2.68e-04      7.81e-02    6.9e-05
 262000      8.20e-01      1.04e-03      9.77e-02    6.9e-05
 263000      7.04e-02      5.37e-03      7.17e-03    6.9e-05
 264000      7.62e-01      4.29e-03      9.03e-02    6.9e-05
 265000      5.79e-01      3.64e-03      7.07e-02    6.6e-05
 266000      6.12e-02      3.27e-03      6.96e-03    6.6e-05
 267000      7.61e-01      2.81e-03      9.27e-02    6.6e-05
 268000      8.14e-01      2.24e-03      9.94e-02    6.6e-05
 269000      8.74e-01      2.18e-02      9.36e-02    6.6e-05
 270000      5.45e-01      8.87e-04      6.83e-02    6.3e-05
 271000      7.52e-01      8.56e-04      9.43e-02    6.3e-05
 272000      6.78e-01      2.30e-03      8.49e-02    6.3e-05
 273000      7.14e-01      2.82e-03      8.93e-02    6.3e-05
 274000      7.10e-01      2.21e-03      8.89e-02    6.3e-05
 275000      7.21e-01      3.36e-04      9.28e-02    6.0e-05
 276000      1.18e-01      4.86e-03      1.46e-02    6.0e-05
 277000      6.99e-01      7.05e-03      8.81e-02    6.0e-05
 278000      7.46e-01      1.57e-03      9.59e-02    6.0e-05
 279000      6.75e-01      1.88e-03      8.66e-02    6.0e-05
 280000      6.82e-01      4.14e-04      8.99e-02    5.7e-05
 281000      5.46e-01      4.07e-03      7.20e-02    5.7e-05
 282000      6.02e-01      5.79e-04      7.93e-02    5.7e-05
 283000      7.98e-01      3.08e-03      1.05e-01    5.7e-05
 284000      6.76e-01      1.07e-03      8.91e-02    5.7e-05
 285000      6.07e-01      4.12e-05      8.20e-02    5.4e-05
 286000      4.82e-01      1.32e-02      6.40e-02    5.4e-05
 287000      9.85e-01      3.57e-03      1.33e-01    5.4e-05
 288000      5.78e-01      9.72e-03      7.76e-02    5.4e-05
 289000      6.19e-01      3.96e-03      8.30e-02    5.4e-05
 290000      4.02e-01      1.85e-02      5.29e-02    5.1e-05
 291000      6.38e-01      1.53e-03      8.85e-02    5.1e-05
 292000      6.58e-01      5.91e-03      9.10e-02    5.1e-05
 293000      5.58e-01      3.37e-04      7.74e-02    5.1e-05
 294000      3.29e-01      7.95e-03      4.50e-02    5.1e-05
 295000      6.39e-01      9.18e-04      9.08e-02    4.9e-05
 296000      6.42e-01      3.76e-03      9.07e-02    4.9e-05
 297000      5.87e-01      2.10e-04      8.34e-02    4.9e-05
 298000      1.82e-01      1.52e-03      2.58e-02    4.9e-05
 299000      6.72e-01      8.85e-05      9.55e-02    4.9e-05
 300000      6.98e-01      5.16e-05      1.02e-01    4.6e-05
 301000      4.67e-01      3.54e-03      6.80e-02    4.6e-05
 302000      5.86e-01      9.70e-03      8.49e-02    4.6e-05
 303000      5.68e-01      1.42e-02      8.16e-02    4.6e-05
 304000      4.96e-01      2.31e-04      7.23e-02    4.6e-05
 305000      9.12e-02      1.50e-03      1.35e-02    4.4e-05
 306000      4.72e-01      5.41e-04      7.05e-02    4.4e-05
 307000      7.73e-01      6.26e-03      1.15e-01    4.4e-05
 308000      1.82e-01      3.33e-03      2.70e-02    4.4e-05
 309000      6.33e-01      1.67e-03      9.45e-02    4.4e-05
 310000      5.13e-01      2.01e-03      7.84e-02    4.2e-05
 311000      5.55e-01      3.73e-03      8.44e-02    4.2e-05
 312000      5.25e-01      7.96e-04      8.04e-02    4.2e-05
 313000      9.06e-02      1.35e-03      1.38e-02    4.2e-05
 314000      5.42e-01      5.79e-04      8.31e-02    4.2e-05
 315000      5.78e-01      5.00e-04      9.08e-02    4.0e-05
 316000      6.15e-01      3.80e-03      9.59e-02    4.0e-05
 317000      5.98e-01      4.77e-03      9.29e-02    4.0e-05
 318000      6.46e-01      1.70e-03      1.01e-01    4.0e-05
 319000      5.10e-01      1.11e-03      8.00e-02    4.0e-05
 320000      5.82e-01      7.91e-03      9.34e-02    3.8e-05
 321000      5.98e-01      1.82e-03      9.63e-02    3.8e-05
 322000      5.78e-01      9.32e-04      9.31e-02    3.8e-05
 323000      5.13e-01      1.14e-03      8.26e-02    3.8e-05
 324000      5.66e-01      1.26e-03      9.13e-02    3.8e-05
 325000      4.64e-01      5.53e-04      7.67e-02    3.6e-05
 326000      5.29e-01      1.44e-03      8.72e-02    3.6e-05
 327000      6.17e-01      2.06e-03      1.02e-01    3.6e-05
 328000      6.68e-01      6.33e-04      1.10e-01    3.6e-05
 329000      6.22e-01      1.63e-02      8.81e-02    3.6e-05
 330000      4.35e-01      7.15e-03      7.32e-02    3.4e-05
 331000      4.84e-01      1.97e-03      8.18e-02    3.4e-05
 332000      2.21e-01      5.73e-03      3.67e-02    3.4e-05
 333000      5.05e-02      6.30e-04      8.52e-03    3.4e-05
 334000      5.02e-01      1.63e-03      8.48e-02    3.4e-05
 335000      5.04e-01      6.59e-03      8.72e-02    3.2e-05
 336000      4.56e-01      1.28e-02      7.77e-02    3.2e-05
 337000      4.84e-01      1.39e-03      8.40e-02    3.2e-05
 338000      4.56e-01      8.17e-03      7.86e-02    3.2e-05
 339000      5.09e-01      6.62e-04      8.84e-02    3.2e-05
 340000      2.89e-01      9.18e-03      5.02e-02    3.1e-05
 341000      4.47e-01      2.07e-03      7.93e-02    3.1e-05
 342000      4.82e-01      2.74e-03      8.52e-02    3.1e-05
 343000      4.14e-01      2.68e-03      7.37e-02    3.1e-05
 344000      5.09e-01      1.59e-03      9.05e-02    3.1e-05
 345000      4.40e-01      2.74e-03      7.96e-02    2.9e-05
 346000      5.30e-01      2.18e-03      9.65e-02    2.9e-05
 347000      6.46e-01      6.55e-03      1.18e-01    2.9e-05
 348000      5.06e-01      1.14e-03      9.22e-02    2.9e-05
 349000      4.82e-01      6.03e-03      8.53e-02    2.9e-05
 350000      5.07e-01      2.31e-03      9.45e-02    2.8e-05
 351000      4.73e-01      2.87e-03      8.79e-02    2.8e-05
 352000      3.73e-01      1.43e-03      6.98e-02    2.8e-05
 353000      4.77e-01      2.23e-03      8.93e-02    2.8e-05
 354000      4.73e-01      2.02e-03      8.81e-02    2.8e-05
 355000      5.41e-01      1.56e-03      1.04e-01    2.6e-05
 356000      3.52e-01      1.46e-03      6.75e-02    2.6e-05
 357000      4.74e-01      5.56e-04      9.09e-02    2.6e-05
 358000      8.08e-02      4.28e-03      1.44e-02    2.6e-05
 359000      5.75e-02      6.01e-03      7.54e-03    2.6e-05
 360000      4.33e-01      3.16e-03      8.42e-02    2.5e-05
 361000      4.75e-01      1.26e-03      9.32e-02    2.5e-05
 362000      3.46e-01      8.20e-03      6.70e-02    2.5e-05
 363000      3.73e-01      1.95e-03      7.32e-02    2.5e-05
 364000      4.20e-01      2.69e-03      8.19e-02    2.5e-05
 365000      3.28e-01      4.26e-04      6.61e-02    2.4e-05
 366000      4.57e-01      5.33e-04      9.21e-02    2.4e-05
 367000      3.55e-01      1.75e-03      7.12e-02    2.4e-05
 368000      4.86e-02      2.97e-03      8.87e-03    2.4e-05
 369000      4.42e-01      2.30e-04      8.91e-02    2.4e-05
 370000      3.12e-01      4.54e-03      6.41e-02    2.2e-05
 371000      4.48e-01      1.69e-03      9.23e-02    2.2e-05
 372000      3.58e-01      4.20e-03      7.37e-02    2.2e-05
 373000      4.47e-02      1.73e-03      8.88e-03    2.2e-05
 374000      4.10e-01      5.74e-04      8.47e-02    2.2e-05
 375000      4.22e-01      1.78e-03      8.91e-02    2.1e-05
 376000      4.66e-01      2.07e-03      9.83e-02    2.1e-05
 377000      4.86e-01      5.81e-05      1.03e-01    2.1e-05
 378000      4.63e-01      7.94e-04      9.80e-02    2.1e-05
 379000      1.69e-01      3.89e-03      3.53e-02    2.1e-05
 380000      1.36e-01      6.65e-03      2.77e-02    2.0e-05
 381000      2.37e-01      3.44e-03      5.11e-02    2.0e-05
 382000      2.29e-01      1.36e-03      4.95e-02    2.0e-05
 383000      3.99e-01      1.38e-03      8.63e-02    2.0e-05
 384000      3.35e-01      4.15e-03      7.23e-02    2.0e-05
 385000      4.41e-01      1.63e-03      9.78e-02    1.9e-05
 386000      3.83e-01      7.96e-04      8.50e-02    1.9e-05
 387000      3.98e-01      5.87e-03      8.80e-02    1.9e-05
 388000      6.38e-02      7.97e-03      6.88e-03    1.9e-05
 389000      2.72e-01      3.12e-03      6.04e-02    1.9e-05
 390000      4.12e-01      3.70e-03      9.36e-02    1.8e-05
 391000      3.91e-01      7.69e-04      8.91e-02    1.8e-05
 392000      3.90e-01      6.20e-04      8.87e-02    1.8e-05
 393000      4.15e-01      8.39e-04      9.45e-02    1.8e-05
 394000      1.98e-01      9.96e-03      4.23e-02    1.8e-05
 395000      3.85e-01      2.54e-03      8.89e-02    1.7e-05
 396000      4.22e-01      2.60e-03      9.77e-02    1.7e-05
 397000      2.06e-01      4.75e-04      4.82e-02    1.7e-05
 398000      2.79e-01      5.08e-03      6.45e-02    1.7e-05
 399000      4.38e-01      2.76e-04      1.02e-01    1.7e-05
 400000      2.33e-01      5.87e-04      5.57e-02    1.7e-05
 401000      3.83e-01      3.12e-03      9.14e-02    1.7e-05
 402000      2.95e-01      3.45e-03      7.02e-02    1.7e-05
 403000      3.92e-01      7.78e-04      9.35e-02    1.7e-05
 404000      3.59e-01      3.15e-03      8.44e-02    1.7e-05
 405000      5.78e-02      3.12e-03      1.31e-02    1.6e-05
 406000      3.58e-01      8.25e-04      8.75e-02    1.6e-05
 407000      3.60e-01      1.58e-03      8.82e-02    1.6e-05
 408000      3.20e-01      3.67e-03      7.81e-02    1.6e-05
 409000      3.44e-01      6.37e-04      8.40e-02    1.6e-05
 410000      4.03e-01      1.95e-04      1.01e-01    1.5e-05
 411000      3.55e-01      8.82e-04      8.90e-02    1.5e-05
 412000      3.85e-01      1.03e-03      9.65e-02    1.5e-05
 413000      3.84e-01      2.39e-03      9.62e-02    1.5e-05
 414000      3.92e-01      3.68e-04      9.82e-02    1.5e-05
 415000      3.58e-01      8.41e-04      9.20e-02    1.4e-05
 416000      3.06e-01      3.05e-03      7.83e-02    1.4e-05
 417000      3.38e-01      5.53e-05      8.68e-02    1.4e-05
 418000      4.24e-02      4.37e-03      7.50e-03    1.4e-05
 419000      3.60e-01      2.55e-04      9.25e-02    1.4e-05
 420000      3.23e-01      1.00e-03      8.48e-02    1.3e-05
 421000      3.98e-01      2.61e-03      1.05e-01    1.3e-05
 422000      3.35e-01      3.46e-03      8.62e-02    1.3e-05
 423000      3.14e-01      1.03e-03      8.26e-02    1.3e-05
 424000      2.93e-01      5.56e-03      7.63e-02    1.3e-05
 425000      3.09e-01      3.62e-03      8.29e-02    1.3e-05
 426000      3.00e-02      2.57e-04      8.06e-03    1.3e-05
 427000      3.62e-01      1.21e-04      9.76e-02    1.3e-05
 428000      2.68e-01      5.82e-05      7.21e-02    1.3e-05
 429000      3.07e-01      3.44e-03      8.25e-02    1.3e-05
 430000      7.77e-02      1.93e-03      2.11e-02    1.2e-05
 431000      3.27e-01      7.42e-04      9.01e-02    1.2e-05
 432000      3.34e-01      1.89e-03      9.17e-02    1.2e-05
 433000      2.65e-02      1.20e-03      6.94e-03    1.2e-05
 434000      2.60e-01      4.29e-03      6.77e-02    1.2e-05
 435000      4.04e-01      3.75e-03      1.14e-01    1.2e-05
 436000      3.28e-01      1.14e-03      9.25e-02    1.2e-05
 437000      3.62e-01      1.64e-03      1.02e-01    1.2e-05
 438000      3.04e-01      3.06e-03      8.41e-02    1.2e-05
 439000      2.76e-02      1.88e-03      6.84e-03    1.2e-05
 440000      2.70e-01      2.38e-03      7.69e-02    1.1e-05
 441000      2.53e-01      7.13e-03      7.16e-02    1.1e-05
 442000      4.60e-01      8.30e-03      1.32e-01    1.1e-05
 443000      3.03e-01      1.77e-03      8.75e-02    1.1e-05
 444000      2.84e-01      7.91e-04      8.19e-02    1.1e-05
 445000      3.00e-01      5.11e-04      8.87e-02    1.0e-05
 446000      3.24e-01      5.91e-04      9.60e-02    1.0e-05
 447000      2.72e-01      1.35e-03      8.04e-02    1.0e-05
 448000      3.15e-01      9.65e-04      9.32e-02    1.0e-05
 449000      2.34e-01      4.66e-03      6.86e-02    1.0e-05
 450000      2.69e-01      4.21e-03      8.11e-02    9.9e-06
 451000      2.78e-01      1.27e-03      8.40e-02    9.9e-06
 452000      3.41e-01      3.61e-03      1.01e-01    9.9e-06
 453000      2.92e-01      2.30e-04      8.85e-02    9.9e-06
 454000      2.34e-01      2.94e-03      7.06e-02    9.9e-06
 455000      3.14e-01      3.45e-04      9.73e-02    9.4e-06
 456000      2.92e-01      2.65e-03      8.91e-02    9.4e-06
 457000      2.37e-01      8.85e-04      7.34e-02    9.4e-06
 458000      2.12e-01      1.74e-03      6.55e-02    9.4e-06
 459000      2.87e-01      9.66e-04      8.88e-02    9.4e-06
 460000      2.63e-01      3.55e-04      8.34e-02    8.9e-06
 461000      3.05e-01      1.56e-03      9.64e-02    8.9e-06
 462000      2.40e-01      3.76e-03      7.56e-02    8.9e-06
 463000      2.14e-01      2.80e-03      6.76e-02    8.9e-06
 464000      2.14e-01      1.60e-03      6.79e-02    8.9e-06
 465000      3.10e-01      1.96e-04      1.01e-01    8.5e-06
 466000      1.32e-01      1.06e-03      4.29e-02    8.5e-06
 467000      1.46e-01      1.09e-03      4.73e-02    8.5e-06
 468000      2.72e-01      8.28e-04      8.83e-02    8.5e-06
 469000      2.61e-01      3.95e-04      8.47e-02    8.5e-06
 470000      2.48e-01      3.85e-03      8.21e-02    8.1e-06
 471000      7.08e-02      1.33e-03      2.33e-02    8.1e-06
 472000      1.92e-01      2.38e-03      6.35e-02    8.1e-06
 473000      2.70e-01      1.54e-03      8.92e-02    8.1e-06
 474000      7.51e-02      1.74e-03      2.46e-02    8.1e-06
 475000      2.67e-01      3.51e-04      9.06e-02    7.7e-06
 476000      1.55e-01      3.73e-03      5.19e-02    7.7e-06
 477000      2.44e-01      5.59e-04      8.30e-02    7.7e-06
 478000      2.69e-01      2.44e-03      8.98e-02    7.7e-06
 479000      2.71e-01      2.08e-03      9.11e-02    7.7e-06
 480000      2.54e-01      1.22e-03      8.78e-02    7.3e-06
 481000      3.10e-01      8.91e-05      1.08e-01    7.3e-06
 482000      2.39e-02      2.01e-03      6.69e-03    7.3e-06
 483000      2.55e-01      8.70e-04      8.83e-02    7.3e-06
 484000      2.32e-01      3.05e-04      8.08e-02    7.3e-06
 485000      1.97e-01      1.50e-03      6.99e-02    6.9e-06
 486000      2.93e-01      9.15e-04      1.04e-01    6.9e-06
 487000      7.99e-02      1.95e-04      2.84e-02    6.9e-06
 488000      2.24e-02      3.00e-04      7.95e-03    6.9e-06
 489000      2.00e-02      6.98e-04      6.90e-03    6.9e-06
 490000      7.87e-02      3.65e-03      2.70e-02    6.6e-06
 491000      2.28e-01      2.02e-03      8.16e-02    6.6e-06
 492000      1.17e-01      2.66e-03      4.19e-02    6.6e-06
 493000      2.81e-01      6.16e-03      9.20e-02    6.6e-06
 494000      2.38e-01      1.20e-03      8.63e-02    6.6e-06
 495000      2.48e-01      3.50e-03      8.85e-02    6.2e-06
 496000      2.52e-01      1.72e-03      9.29e-02    6.2e-06
 497000      1.06e-01      6.56e-05      3.93e-02    6.2e-06
 498000      2.50e-01      7.40e-04      9.27e-02    6.2e-06
 499000      2.63e-01      9.34e-04      9.74e-02    6.2e-06
 500000      2.10e-01      2.94e-05      7.99e-02    5.9e-06
 501000      2.36e-01      3.80e-03      8.49e-02    5.9e-06
 502000      2.36e-01      6.84e-04      8.94e-02    5.9e-06
 503000      2.47e-01      1.36e-03      9.35e-02    5.9e-06
 504000      2.26e-01      3.24e-04      8.58e-02    5.9e-06
 505000      1.83e-01      3.83e-04      7.12e-02    5.6e-06
 506000      2.48e-01      1.22e-03      9.58e-02    5.6e-06
 507000      2.29e-01      8.22e-04      8.87e-02    5.6e-06
 508000      1.18e-01      1.56e-03      4.58e-02    5.6e-06
 509000      2.21e-01      3.38e-04      8.59e-02    5.6e-06
 510000      2.43e-01      2.46e-03      9.45e-02    5.3e-06
 511000      1.82e-01      1.14e-03      7.23e-02    5.3e-06
 512000      2.18e-01      1.27e-03      8.59e-02    5.3e-06
 513000      1.66e-01      7.78e-04      6.60e-02    5.3e-06
 514000      1.19e-01      2.46e-04      4.72e-02    5.3e-06
 515000      2.40e-01      2.19e-04      9.76e-02    5.1e-06
 516000      2.38e-01      2.83e-04      9.65e-02    5.1e-06
 517000      2.23e-01      2.26e-03      9.02e-02    5.1e-06
 518000      1.94e-01      3.80e-04      7.86e-02    5.1e-06
 519000      2.24e-01      8.46e-04      9.08e-02    5.1e-06
 520000      2.22e-01      2.34e-03      9.00e-02    4.8e-06
 521000      2.15e-01      1.47e-03      8.92e-02    4.8e-06
 522000      6.77e-02      1.22e-03      2.78e-02    4.8e-06
 523000      2.13e-01      9.48e-04      8.83e-02    4.8e-06
 524000      2.20e-01      1.63e-04      9.12e-02    4.8e-06
 525000      8.82e-02      2.15e-03      3.68e-02    4.6e-06
 526000      2.29e-01      1.43e-03      9.62e-02    4.6e-06
 527000      2.24e-01      2.00e-04      9.48e-02    4.6e-06
 528000      2.91e-02      1.39e-03      1.16e-02    4.6e-06
 529000      2.35e-01      1.28e-03      9.93e-02    4.6e-06
 530000      2.11e-01      2.41e-03      8.86e-02    4.4e-06
 531000      2.01e-01      1.31e-03      8.62e-02    4.4e-06
 532000      2.15e-01      4.26e-04      9.28e-02    4.4e-06
 533000      1.97e-01      2.66e-04      8.51e-02    4.4e-06
 534000      1.28e-01      1.61e-03      5.50e-02    4.4e-06
 535000      2.01e-01      7.78e-04      8.83e-02    4.1e-06
 536000      2.07e-01      6.24e-04      9.11e-02    4.1e-06
 537000      2.23e-01      2.96e-03      9.80e-02    4.1e-06
 538000      1.99e-01      3.73e-04      8.77e-02    4.1e-06
 539000      1.36e-01      2.50e-03      5.95e-02    4.1e-06
 540000      1.84e-01      3.45e-04      8.28e-02    3.9e-06
 541000      1.88e-01      7.24e-03      8.16e-02    3.9e-06
 542000      2.00e-01      1.81e-03      8.85e-02    3.9e-06
 543000      3.48e-02      1.80e-03      1.46e-02    3.9e-06
 544000      1.81e-01      6.48e-03      7.90e-02    3.9e-06
 545000      1.89e-01      3.63e-04      8.67e-02    3.7e-06
 546000      1.84e-01      3.83e-04      8.46e-02    3.7e-06
 547000      6.08e-02      9.44e-04      2.78e-02    3.7e-06
 548000      1.81e-01      7.87e-04      8.33e-02    3.7e-06
 549000      2.09e-01      7.82e-04      9.57e-02    3.7e-06
 550000      1.78e-01      2.08e-03      8.33e-02    3.5e-06
 551000      1.97e-01      2.11e-03      9.05e-02    3.5e-06
 552000      1.98e-01      6.66e-05      9.31e-02    3.5e-06
 553000      1.62e-01      5.10e-03      7.42e-02    3.5e-06
 554000      1.30e-01      2.03e-03      6.06e-02    3.5e-06
 555000      1.73e-01      6.00e-04      8.24e-02    3.4e-06
 556000      1.75e-01      8.81e-04      8.34e-02    3.4e-06
 557000      1.87e-01      8.27e-04      8.94e-02    3.4e-06
 558000      1.85e-01      2.10e-04      8.86e-02    3.4e-06
 559000      1.14e-01      2.61e-03      5.36e-02    3.4e-06
 560000      2.22e-01      8.09e-03      1.05e-01    3.2e-06
 561000      1.69e-01      3.87e-03      8.15e-02    3.2e-06
 562000      7.57e-02      1.85e-03      3.64e-02    3.2e-06
 563000      1.87e-01      1.64e-04      9.12e-02    3.2e-06
 564000      1.80e-01      1.23e-03      8.69e-02    3.2e-06
 565000      1.87e-01      2.88e-04      9.32e-02    3.0e-06
 566000      1.75e-01      6.24e-04      8.71e-02    3.0e-06
 567000      1.70e-01      8.53e-03      7.92e-02    3.0e-06
 568000      1.85e-01      3.64e-03      9.11e-02    3.0e-06
 569000      1.24e-01      3.04e-03      6.08e-02    3.0e-06
 570000      1.52e-01      9.38e-04      7.68e-02    2.9e-06
 571000      1.82e-01      1.32e-03      9.12e-02    2.9e-06
 572000      1.15e-01      9.15e-04      5.84e-02    2.9e-06
 573000      1.77e-01      3.31e-03      8.92e-02    2.9e-06
 574000      1.68e-01      1.10e-03      8.43e-02    2.9e-06
 575000      1.56e-01      8.16e-04      8.02e-02    2.7e-06
 576000      1.61e-01      2.02e-03      8.05e-02    2.7e-06
 577000      1.85e-01      2.44e-03      9.55e-02    2.7e-06
 578000      1.54e-01      1.57e-03      7.96e-02    2.7e-06
 579000      1.72e-01      3.11e-04      8.87e-02    2.7e-06
 580000      1.59e-01      8.03e-04      8.33e-02    2.6e-06
 581000      1.82e-01      2.31e-04      9.61e-02    2.6e-06
 582000      4.39e-02      5.92e-04      2.30e-02    2.6e-06
 583000      1.70e-01      1.52e-03      8.81e-02    2.6e-06
 584000      8.73e-02      1.96e-03      4.54e-02    2.6e-06
 585000      2.27e-02      2.87e-04      1.21e-02    2.5e-06
 586000      1.59e-01      1.17e-04      8.53e-02    2.5e-06
 587000      1.62e-01      1.07e-03      8.62e-02    2.5e-06
 588000      1.57e-01      6.68e-04      8.37e-02    2.5e-06
 589000      1.41e-02      4.72e-04      7.33e-03    2.5e-06
 590000      1.69e-01      4.90e-04      9.21e-02    2.4e-06
 591000      1.51e-01      2.15e-03      8.21e-02    2.4e-06
 592000      1.55e-01      1.01e-03      8.37e-02    2.4e-06
 593000      1.76e-01      6.62e-04      9.60e-02    2.4e-06
 594000      4.24e-02      1.19e-03      2.27e-02    2.4e-06
 595000      1.74e-01      1.38e-03      9.54e-02    2.2e-06
 596000      4.59e-02      3.62e-04      2.55e-02    2.2e-06
 597000      1.68e-01      1.27e-03      9.24e-02    2.2e-06
 598000      1.66e-01      2.77e-04      9.21e-02    2.2e-06
 599000      1.65e-01      8.16e-04      9.15e-02    2.2e-06
 600000      1.75e-01      2.38e-03      9.54e-02    2.1e-06
 601000      4.19e-02      3.68e-04      2.37e-02    2.1e-06
 602000      1.54e-01      5.62e-04      8.68e-02    2.1e-06
 603000      1.68e-01      2.05e-04      9.51e-02    2.1e-06
 604000      1.50e-01      4.43e-04      8.50e-02    2.1e-06
 605000      1.50e-01      1.33e-03      8.53e-02    2.0e-06
 606000      1.49e-01      5.41e-04      8.54e-02    2.0e-06
 607000      1.16e-01      7.01e-05      6.70e-02    2.0e-06
 608000      1.09e-01      1.75e-03      6.22e-02    2.0e-06
 609000      1.55e-01      4.14e-03      8.77e-02    2.0e-06
 610000      1.67e-01      1.10e-03      9.71e-02    1.9e-06
 611000      1.42e-01      4.52e-04      8.27e-02    1.9e-06
 612000      1.56e-01      6.77e-04      9.13e-02    1.9e-06
 613000      1.47e-01      6.44e-04      8.58e-02    1.9e-06
 614000      1.45e-02      1.85e-04      8.43e-03    1.9e-06
 615000      1.16e-01      8.15e-03      5.97e-02    1.8e-06
 616000      1.49e-01      6.66e-04      8.82e-02    1.8e-06
 617000      1.18e-01      2.48e-03      6.98e-02    1.8e-06
 618000      1.13e-01      7.94e-04      6.65e-02    1.8e-06
 619000      1.39e-01      3.19e-03      8.16e-02    1.8e-06
 620000      1.64e-01      1.43e-03      9.76e-02    1.7e-06
 621000      1.44e-02      8.83e-04      7.88e-03    1.7e-06
 622000      1.51e-01      3.86e-04      9.13e-02    1.7e-06
 623000      1.38e-01      3.19e-04      8.35e-02    1.7e-06
 624000      1.23e-01      1.50e-03      7.45e-02    1.7e-06
 625000      1.33e-01      3.13e-04      8.17e-02    1.6e-06
 626000      1.47e-01      1.31e-03      8.92e-02    1.6e-06
 627000      1.45e-01      1.31e-03      8.88e-02    1.6e-06
 628000      1.46e-01      1.65e-03      8.78e-02    1.6e-06
 629000      1.41e-01      3.52e-04      8.68e-02    1.6e-06
 630000      7.61e-02      3.13e-03      4.55e-02    1.6e-06
 631000      1.38e-01      1.41e-03      8.42e-02    1.6e-06
 632000      7.93e-02      4.46e-04      4.95e-02    1.6e-06
 633000      1.36e-01      6.06e-04      8.44e-02    1.6e-06
 634000      1.44e-01      1.45e-04      9.00e-02    1.6e-06
 635000      1.38e-01      1.66e-03      8.48e-02    1.5e-06
 636000      1.47e-01      1.53e-04      9.32e-02    1.5e-06
 637000      1.44e-01      3.47e-03      9.02e-02    1.5e-06
 638000      1.26e-01      3.30e-04      7.97e-02    1.5e-06
 639000      5.23e-02      1.24e-03      3.27e-02    1.5e-06
 640000      1.44e-01      4.02e-03      9.09e-02    1.4e-06
 641000      1.34e-01      6.28e-04      8.61e-02    1.4e-06
 642000      1.32e-02      9.98e-04      7.20e-03    1.4e-06
 643000      1.48e-01      5.97e-04      9.54e-02    1.4e-06
 644000      1.37e-01      3.47e-04      8.84e-02    1.4e-06
 645000      1.26e-01      1.53e-03      8.18e-02    1.3e-06
 646000      1.35e-01      8.86e-04      8.76e-02    1.3e-06
 647000      1.31e-01      3.71e-04      8.58e-02    1.3e-06
 648000      1.12e-02      2.24e-04      7.25e-03    1.3e-06
 649000      1.44e-01      2.26e-03      8.94e-02    1.3e-06
 650000      1.53e-01      2.18e-03      1.01e-01    1.3e-06
 651000      1.36e-01      1.41e-03      8.83e-02    1.3e-06
 652000      1.33e-01      1.01e-04      8.80e-02    1.3e-06
 653000      3.82e-02      3.12e-04      2.53e-02    1.3e-06
 654000      1.35e-01      1.96e-03      8.60e-02    1.3e-06
 655000      1.30e-01      5.51e-04      8.73e-02    1.2e-06
 656000      1.27e-01      2.39e-04      8.57e-02    1.2e-06
 657000      1.42e-01      7.92e-04      9.58e-02    1.2e-06
 658000      1.30e-02      6.37e-04      8.22e-03    1.2e-06
 659000      1.39e-01      7.83e-04      9.27e-02    1.2e-06
 660000      1.32e-01      1.47e-03      8.78e-02    1.1e-06
 661000      1.31e-01      1.66e-04      8.92e-02    1.1e-06
 662000      1.39e-01      2.91e-04      9.46e-02    1.1e-06
 663000      1.45e-01      2.15e-03      9.49e-02    1.1e-06
 664000      1.20e-01      2.64e-04      8.22e-02    1.1e-06
 665000      1.39e-01      1.33e-03      9.44e-02    1.1e-06
 666000      1.43e-01      1.32e-03      9.72e-02    1.1e-06
 667000      1.11e-01      1.46e-04      7.70e-02    1.1e-06
 668000      1.02e-01      3.87e-03      6.80e-02    1.1e-06
 669000      1.37e-01      8.17e-04      9.42e-02    1.1e-06
 670000      1.35e-02      1.15e-03      7.59e-03    1.0e-06
 671000      1.30e-01      3.85e-03      8.90e-02    1.0e-06
 672000      1.52e-02      1.31e-03      8.47e-03    1.0e-06
 673000      1.20e-01      1.13e-04      8.40e-02    1.0e-06
 674000      1.24e-01      4.53e-03      8.37e-02    1.0e-06
 675000      1.29e-01      7.76e-04      9.09e-02    9.8e-07
 676000      1.05e-01      1.46e-03      7.39e-02    9.8e-07
 677000      9.96e-02      1.79e-03      7.02e-02    9.8e-07
 678000      1.33e-01      3.27e-03      9.30e-02    9.8e-07
 679000      1.31e-01      1.76e-03      8.92e-02    9.8e-07
 680000      1.28e-01      1.50e-03      8.94e-02    9.3e-07
 681000      1.85e-02      3.86e-04      1.32e-02    9.3e-07
 682000      1.29e-01      1.79e-03      8.88e-02    9.3e-07
 683000      1.04e-01      1.42e-03      7.22e-02    9.3e-07
 684000      1.40e-01      5.52e-03      9.66e-02    9.3e-07
 685000      1.25e-02      1.09e-03      7.18e-03    8.9e-07
 686000      1.10e-01      8.88e-04      8.00e-02    8.9e-07
 687000      7.61e-02      1.48e-03      5.49e-02    8.9e-07
 688000      9.25e-02      8.50e-04      6.72e-02    8.9e-07
 689000      1.16e-01      5.45e-04      8.40e-02    8.9e-07
 690000      1.26e-02      5.32e-04      8.87e-03    8.4e-07
 691000      1.14e-01      6.15e-05      8.39e-02    8.4e-07
 692000      1.35e-01      1.89e-03      9.53e-02    8.4e-07
 693000      1.16e-01      9.69e-04      8.39e-02    8.4e-07
 694000      1.24e-01      1.80e-05      9.13e-02    8.4e-07
 695000      5.03e-02      7.33e-04      3.73e-02    8.0e-07
 696000      1.11e-01      4.16e-04      8.27e-02    8.0e-07
 697000      1.20e-01      8.46e-04      8.84e-02    8.0e-07
 698000      1.32e-01      1.57e-03      9.55e-02    8.0e-07
 699000      1.35e-01      9.95e-04      9.92e-02    8.0e-07
 700000      1.28e-02      7.21e-04      8.82e-03    7.6e-07
 701000      1.10e-01      6.89e-03      7.39e-02    7.6e-07
 702000      1.06e-01      2.80e-04      7.96e-02    7.6e-07
 703000      1.21e-01      6.53e-04      9.06e-02    7.6e-07
 704000      1.31e-01      5.12e-03      9.47e-02    7.6e-07
 705000      1.26e-01      1.66e-03      9.25e-02    7.2e-07
 706000      5.20e-02      1.23e-03      3.91e-02    7.2e-07
 707000      9.29e-02      1.30e-03      7.04e-02    7.2e-07
 708000      1.19e-01      1.67e-03      9.06e-02    7.2e-07
 709000      1.32e-01      9.06e-04      9.95e-02    7.2e-07
 710000      1.07e-01      5.31e-04      8.21e-02    6.9e-07
 711000      1.25e-01      6.29e-04      9.58e-02    6.9e-07
 712000      1.30e-01      8.77e-04      1.00e-01    6.9e-07
 713000      1.05e-01      7.73e-04      7.97e-02    6.9e-07
 714000      1.24e-01      9.85e-05      9.56e-02    6.9e-07
 715000      5.34e-02      5.84e-05      4.16e-02    6.5e-07
 716000      1.14e-01      6.98e-04      8.80e-02    6.5e-07
 717000      1.15e-01      8.18e-06      8.91e-02    6.5e-07
 718000      9.54e-02      1.76e-03      7.36e-02    6.5e-07
 719000      1.25e-01      1.71e-03      9.32e-02    6.5e-07
 720000      1.13e-01      7.47e-04      8.80e-02    6.2e-07
 721000      1.33e-01      5.27e-03      1.00e-01    6.2e-07
 722000      8.76e-02      3.26e-03      6.64e-02    6.2e-07
 723000      1.41e-01      1.38e-03      1.10e-01    6.2e-07
 724000      1.21e-01      1.14e-03      9.31e-02    6.2e-07
 725000      1.14e-01      1.30e-03      8.77e-02    5.9e-07
 726000      1.14e-01      3.55e-03      8.86e-02    5.9e-07
 727000      1.12e-01      4.91e-04      8.86e-02    5.9e-07
 728000      9.38e-02      4.07e-04      7.44e-02    5.9e-07
 729000      4.39e-02      1.51e-03      3.38e-02    5.9e-07
 730000      1.29e-01      1.99e-03      9.81e-02    5.6e-07
 731000      6.59e-02      8.69e-04      5.25e-02    5.6e-07
 732000      1.11e-01      2.04e-05      8.87e-02    5.6e-07
 733000      1.12e-02      4.09e-04      8.67e-03    5.6e-07
 734000      1.27e-01      2.69e-03      9.19e-02    5.6e-07
 735000      5.07e-02      7.99e-05      4.10e-02    5.3e-07
 736000      1.08e-01      6.63e-03      7.87e-02    5.3e-07
 737000      1.12e-01      4.99e-04      9.09e-02    5.3e-07
 738000      1.17e-01      1.06e-03      9.27e-02    5.3e-07
 739000      9.40e-02      3.35e-03      7.35e-02    5.3e-07
 740000      1.14e-01      5.16e-04      9.30e-02    5.1e-07
 741000      1.09e-01      2.70e-03      8.78e-02    5.1e-07
 742000      9.97e-02      5.44e-03      7.50e-02    5.1e-07
 743000      8.50e-02      2.20e-03      6.81e-02    5.1e-07
 744000      1.37e-01      3.80e-03      9.27e-02    5.1e-07
 745000      1.12e-01      1.52e-03      8.82e-02    4.8e-07
 746000      1.06e-01      1.17e-03      8.68e-02    4.8e-07
 747000      1.20e-01      1.12e-03      9.69e-02    4.8e-07
 748000      1.16e-01      1.70e-03      9.09e-02    4.8e-07
 749000      1.11e-01      3.60e-04      9.14e-02    4.8e-07
 750000      1.14e-01      1.70e-03      9.06e-02    4.6e-07
 751000      1.10e-01      1.17e-03      8.92e-02    4.6e-07
 752000      8.86e-02      8.47e-04      7.33e-02    4.6e-07
 753000      1.10e-01      1.13e-03      8.93e-02    4.6e-07
 754000      1.08e-01      7.21e-04      8.90e-02    4.6e-07
 755000      9.85e-02      3.79e-04      8.21e-02    4.3e-07
 756000      1.08e-01      7.16e-04      8.91e-02    4.3e-07
 757000      4.26e-02      1.06e-03      3.51e-02    4.3e-07
 758000      1.28e-01      3.11e-03      1.05e-01    4.3e-07
 759000      1.11e-02      1.62e-04      9.19e-03    4.3e-07
 760000      8.54e-02      1.59e-03      7.13e-02    4.1e-07
 761000      1.03e-01      7.12e-05      8.70e-02    4.1e-07
 762000      1.04e-01      2.08e-04      8.79e-02    4.1e-07
 763000      1.06e-01      5.05e-04      8.90e-02    4.1e-07
 764000      1.06e-01      3.66e-04      8.90e-02    4.1e-07
 765000      8.34e-02      5.69e-04      7.00e-02    3.9e-07
 766000      8.82e-02      9.30e-04      7.46e-02    3.9e-07
 767000      1.02e-02      7.79e-04      7.31e-03    3.9e-07
 768000      1.07e-01      1.59e-03      8.68e-02    3.9e-07
 769000      1.00e-01      2.32e-04      8.49e-02    3.9e-07
 770000      1.12e-01      1.64e-03      9.54e-02    3.7e-07
 771000      1.02e-01      1.48e-03      8.32e-02    3.7e-07
 772000      1.12e-01      7.92e-05      9.55e-02    3.7e-07
 773000      1.13e-01      2.16e-03      9.53e-02    3.7e-07
 774000      1.44e-01      3.40e-03      1.08e-01    3.7e-07
 775000      1.09e-01      9.13e-04      9.25e-02    3.5e-07
 776000      1.04e-01      1.86e-03      8.31e-02    3.5e-07
 777000      1.04e-01      2.88e-04      8.93e-02    3.5e-07
 778000      1.38e-01      3.81e-04      1.18e-01    3.5e-07
 779000      1.02e-01      3.05e-03      8.58e-02    3.5e-07
 780000      9.84e-03      2.48e-05      8.52e-03    3.4e-07
 781000      1.12e-01      1.64e-04      9.67e-02    3.4e-07
 782000      1.14e-01      2.40e-04      9.91e-02    3.4e-07
 783000      8.75e-02      3.32e-04      7.55e-02    3.4e-07
 784000      2.63e-02      1.15e-04      2.27e-02    3.4e-07
 785000      1.08e-01      1.30e-03      9.10e-02    3.2e-07
 786000      6.41e-02      1.55e-03      5.50e-02    3.2e-07
 787000      1.06e-01      1.78e-03      8.68e-02    3.2e-07
 788000      1.53e-02      2.90e-04      1.32e-02    3.2e-07
 789000      1.01e-01      4.36e-04      8.81e-02    3.2e-07
 790000      8.54e-02      2.09e-04      7.48e-02    3.0e-07
 791000      7.89e-03      1.77e-04      6.83e-03    3.0e-07
 792000      7.58e-02      1.35e-03      6.59e-02    3.0e-07
 793000      1.11e-02      4.23e-04      9.38e-03    3.0e-07
 794000      9.47e-02      1.05e-03      8.09e-02    3.0e-07
 795000      1.10e-01      8.44e-04      9.59e-02    2.9e-07
 796000      2.49e-02      5.74e-04      2.17e-02    2.9e-07
 797000      8.74e-02      2.39e-04      7.69e-02    2.9e-07
 798000      1.06e-01      3.88e-04      9.30e-02    2.9e-07
 799000      9.24e-02      2.14e-04      8.14e-02    2.9e-07
 800000      1.20e-01      6.90e-04      1.06e-01    2.7e-07
 801000      8.33e-03      3.22e-04      7.10e-03    2.7e-07
 802000      1.05e-02      1.12e-04      9.24e-03    2.7e-07
 803000      1.06e-01      3.78e-04      9.36e-02    2.7e-07
 804000      9.03e-02      4.16e-04      8.00e-02    2.7e-07
 805000      1.06e-01      1.80e-03      8.86e-02    2.6e-07
 806000      7.17e-02      8.57e-04      6.37e-02    2.6e-07
 807000      8.36e-03      5.76e-05      7.44e-03    2.6e-07
 808000      9.48e-02      1.15e-04      8.45e-02    2.6e-07
 809000      1.21e-01      1.86e-03      1.08e-01    2.6e-07
 810000      8.36e-02      2.46e-03      7.32e-02    2.5e-07
 811000      1.40e-02      5.17e-04      1.22e-02    2.5e-07
 812000      9.90e-02      1.43e-03      8.49e-02    2.5e-07
 813000      9.50e-02      3.45e-04      8.51e-02    2.5e-07
 814000      9.13e-02      4.52e-04      8.14e-02    2.5e-07
 815000      9.66e-02      3.14e-03      8.47e-02    2.3e-07
 816000      9.71e-02      5.38e-04      8.74e-02    2.3e-07
 817000      1.06e-01      7.12e-04      9.51e-02    2.3e-07
 818000      9.13e-02      1.11e-03      7.98e-02    2.3e-07
 819000      1.04e-01      1.13e-03      9.13e-02    2.3e-07
 820000      9.87e-02      6.54e-04      8.85e-02    2.2e-07
 821000      8.99e-03      4.07e-04      7.70e-03    2.2e-07
 822000      1.01e-01      1.15e-03      8.94e-02    2.2e-07
 823000      8.01e-02      1.77e-03      7.16e-02    2.2e-07
 824000      9.70e-02      1.15e-04      8.77e-02    2.2e-07
 825000      9.65e-02      5.07e-04      8.72e-02    2.1e-07
 826000      1.22e-01      1.61e-03      1.10e-01    2.1e-07
 827000      1.16e-01      1.61e-03      1.01e-01    2.1e-07
 828000      8.63e-03      4.91e-04      7.18e-03    2.1e-07
 829000      8.30e-02      9.21e-04      7.52e-02    2.1e-07
 830000      9.87e-02      1.38e-03      8.65e-02    2.0e-07
 831000      1.02e-01      1.23e-04      9.32e-02    2.0e-07
 832000      9.83e-02      5.13e-04      8.93e-02    2.0e-07
 833000      9.87e-02      8.63e-04      8.87e-02    2.0e-07
 834000      1.09e-01      2.26e-03      9.84e-02    2.0e-07
 835000      1.06e-01      3.96e-03      9.37e-02    1.9e-07
 836000      6.73e-02      5.24e-04      6.16e-02    1.9e-07
 837000      8.11e-03      1.88e-04      7.34e-03    1.9e-07
 838000      9.93e-02      6.40e-04      9.02e-02    1.9e-07
 839000      4.55e-02      5.59e-04      4.15e-02    1.9e-07
 840000      9.46e-02      6.16e-03      7.73e-02    1.8e-07
 841000      1.02e-01      1.66e-03      8.88e-02    1.8e-07
 842000      1.25e-01      2.44e-03      1.14e-01    1.8e-07
 843000      9.88e-02      1.31e-03      8.77e-02    1.8e-07
 844000      1.28e-01      1.10e-03      1.18e-01    1.8e-07
 845000      1.12e-01      1.69e-03      9.89e-02    1.7e-07
 846000      8.83e-02      3.25e-03      7.87e-02    1.7e-07
 847000      1.05e-01      7.02e-03      8.59e-02    1.7e-07
 848000      1.11e-01      9.63e-04      1.01e-01    1.7e-07
 849000      8.74e-03      4.85e-04      7.42e-03    1.7e-07
 850000      8.06e-02      1.27e-03      7.09e-02    1.6e-07
 851000      9.46e-03      1.84e-05      8.77e-03    1.6e-07
 852000      1.17e-01      1.92e-03      1.02e-01    1.6e-07
 853000      9.29e-02      3.24e-03      8.35e-02    1.6e-07
 854000      9.03e-02      5.24e-04      8.32e-02    1.6e-07
 855000      7.36e-02      8.21e-04      6.67e-02    1.6e-07
 856000      9.15e-02      3.10e-03      8.26e-02    1.6e-07
 857000      8.04e-02      2.83e-03      7.25e-02    1.6e-07
 858000      1.10e-01      8.59e-04      1.01e-01    1.6e-07
 859000      8.69e-02      2.01e-03      7.98e-02    1.6e-07
 860000      7.77e-03      3.34e-04      6.91e-03    1.5e-07
 861000      1.06e-01      2.28e-03      8.94e-02    1.5e-07
 862000      8.86e-02      1.33e-04      8.27e-02    1.5e-07
 863000      7.93e-02      6.62e-04      7.30e-02    1.5e-07
 864000      8.94e-02      1.33e-03      8.30e-02    1.5e-07
 865000      9.23e-02      1.45e-03      8.20e-02    1.4e-07
 866000      8.32e-02      3.05e-03      7.53e-02    1.4e-07
 867000      7.04e-02      5.33e-04      6.58e-02    1.4e-07
 868000      9.83e-02      1.13e-03      8.96e-02    1.4e-07
 869000      1.04e-01      2.53e-04      9.71e-02    1.4e-07
 870000      1.06e-01      3.68e-03      9.68e-02    1.3e-07
 871000      1.09e-01      1.65e-03      9.78e-02    1.3e-07
 872000      3.92e-02      1.38e-03      3.56e-02    1.3e-07
 873000      9.25e-02      5.61e-03      7.85e-02    1.3e-07
 874000      7.98e-03      1.14e-04      7.45e-03    1.3e-07
 875000      9.53e-02      1.83e-04      8.97e-02    1.3e-07
 876000      9.03e-02      5.76e-03      7.60e-02    1.3e-07
 877000      9.03e-02      1.91e-04      8.50e-02    1.3e-07
 878000      6.51e-02      1.05e-03      6.09e-02    1.3e-07
 879000      4.28e-02      1.56e-03      3.89e-02    1.3e-07
 880000      1.12e-01      9.53e-04      1.05e-01    1.2e-07
 881000      1.18e-01      1.90e-03      1.06e-01    1.2e-07
 882000      9.65e-02      2.18e-04      9.11e-02    1.2e-07
 883000      3.44e-02      9.69e-04      3.19e-02    1.2e-07
 884000      9.32e-02      1.70e-03      8.20e-02    1.2e-07
 885000      9.60e-02      5.56e-04      9.08e-02    1.1e-07
 886000      9.74e-02      1.91e-03      9.14e-02    1.1e-07
 887000      1.26e-02      4.24e-04      1.16e-02    1.1e-07
 888000      7.53e-03      1.01e-04      7.10e-03    1.1e-07
 889000      5.59e-02      1.54e-03      5.20e-02    1.1e-07
 890000      8.61e-02      5.37e-04      8.12e-02    1.1e-07
 891000      1.10e-01      6.52e-04      1.04e-01    1.1e-07
 892000      1.03e-01      2.86e-03      8.11e-02    1.1e-07
 893000      1.02e-01      1.54e-03      9.26e-02    1.1e-07
 894000      7.99e-02      6.99e-04      7.47e-02    1.1e-07
 895000      7.06e-02      4.88e-03      5.87e-02    1.0e-07
 896000      6.21e-02      1.27e-03      5.85e-02    1.0e-07
 897000      1.01e-01      1.93e-03      9.50e-02    1.0e-07
 898000      7.73e-02      2.56e-03      7.15e-02    1.0e-07
 899000      6.66e-02      1.09e-03      6.30e-02    1.0e-07
 900000      9.17e-02      5.85e-04      8.68e-02    9.8e-08
 901000      7.45e-03      1.58e-04      7.03e-03    9.8e-08
 902000      9.61e-02      1.61e-04      9.17e-02    9.8e-08
 903000      1.11e-01      2.05e-03      9.88e-02    9.8e-08
 904000      1.07e-01      3.96e-04      1.02e-01    9.8e-08
 905000      8.57e-02      4.43e-04      8.16e-02    9.3e-08
 906000      9.22e-02      7.16e-04      8.71e-02    9.3e-08
 907000      1.01e-01      3.41e-05      9.62e-02    9.3e-08
 908000      9.47e-02      6.19e-04      8.99e-02    9.3e-08
 909000      1.03e-01      1.76e-03      9.26e-02    9.3e-08
 910000      8.87e-02      5.68e-04      8.50e-02    8.8e-08
 911000      8.78e-02      2.52e-03      8.25e-02    8.8e-08
 912000      1.02e-01      1.37e-03      9.43e-02    8.8e-08
 913000      8.84e-02      2.64e-03      8.28e-02    8.8e-08
 914000      4.90e-02      2.40e-03      4.41e-02    8.8e-08
 915000      1.03e-01      1.11e-03      9.83e-02    8.4e-08
 916000      9.61e-02      7.79e-04      9.11e-02    8.4e-08
 917000      7.71e-03      2.87e-04      7.14e-03    8.4e-08
 918000      7.56e-03      6.89e-05      7.25e-03    8.4e-08
 919000      7.11e-02      1.35e-03      6.77e-02    8.4e-08
 920000      6.66e-02      7.00e-04      6.26e-02    8.0e-08
 921000      1.06e-01      3.31e-04      1.02e-01    8.0e-08
 922000      9.61e-02      4.36e-03      8.75e-02    8.0e-08
 923000      9.02e-02      1.47e-03      8.20e-02    8.0e-08
 924000      8.13e-02      5.01e-04      7.77e-02    8.0e-08
 925000      9.72e-02      1.22e-04      9.37e-02    7.6e-08
 926000      9.94e-02      4.16e-04      9.58e-02    7.6e-08
 927000      5.74e-02      3.05e-04      5.53e-02    7.6e-08
 928000      6.83e-02      2.35e-03      6.38e-02    7.6e-08
 929000      9.18e-02      2.34e-04      8.84e-02    7.6e-08
 930000      8.98e-02      7.76e-04      8.54e-02    7.2e-08
 931000      1.31e-02      3.48e-04      1.25e-02    7.2e-08
 932000      1.05e-02      3.86e-04      9.76e-03    7.2e-08
 933000      3.14e-02      1.44e-03      2.87e-02    7.2e-08
 934000      9.29e-02      1.63e-03      8.40e-02    7.2e-08
 935000      8.82e-02      1.10e-03      8.26e-02    6.8e-08
 936000      1.02e-01      1.14e-04      9.88e-02    6.8e-08
 937000      9.13e-02      7.88e-05      8.84e-02    6.8e-08
 938000      8.63e-02      1.52e-04      8.34e-02    6.8e-08
 939000      8.99e-02      1.40e-04      8.70e-02    6.8e-08
 940000      6.90e-02      1.52e-05      6.69e-02    6.5e-08
 941000      7.54e-02      2.12e-03      7.16e-02    6.5e-08
 942000      8.87e-02      4.93e-04      8.54e-02    6.5e-08
 943000      7.80e-02      5.14e-03      6.69e-02    6.5e-08
 944000      4.89e-02      1.32e-03      4.65e-02    6.5e-08
 945000      8.73e-02      2.99e-03      8.22e-02    6.2e-08
 946000      8.10e-03      3.73e-04      7.43e-03    6.2e-08
 947000      9.16e-02      4.99e-04      8.84e-02    6.2e-08
 948000      1.00e-01      2.86e-03      9.54e-02    6.2e-08
 949000      9.46e-02      1.71e-03      8.55e-02    6.2e-08
 950000      7.46e-03      1.25e-04      7.20e-03    5.9e-08
 951000      1.04e-01      3.24e-03      9.83e-02    5.9e-08
 952000      8.51e-02      1.19e-04      8.27e-02    5.9e-08
 953000      9.39e-02      1.45e-04      9.12e-02    5.9e-08
 954000      9.19e-02      6.76e-04      8.83e-02    5.9e-08
 955000      9.51e-02      1.49e-03      8.79e-02    5.6e-08
 956000      9.54e-02      1.54e-03      8.79e-02    5.6e-08
 957000      8.79e-02      3.40e-03      8.23e-02    5.6e-08
 958000      9.30e-02      1.70e-03      8.42e-02    5.6e-08
 959000      4.39e-02      1.94e-03      4.06e-02    5.6e-08
 960000      9.52e-02      4.18e-04      9.24e-02    5.3e-08
 961000      9.05e-02      7.13e-04      8.71e-02    5.3e-08
 962000      8.36e-02      3.82e-04      8.14e-02    5.3e-08
 963000      1.08e-01      2.82e-03      9.02e-02    5.3e-08
 964000      9.45e-02      2.08e-03      8.28e-02    5.3e-08
 965000      9.00e-02      8.85e-04      8.61e-02    5.0e-08
 966000      9.92e-02      1.15e-03      9.41e-02    5.0e-08
 967000      8.10e-02      4.49e-05      7.90e-02    5.0e-08
 968000      8.17e-02      5.93e-04      7.96e-02    5.0e-08
 969000      8.70e-02      4.75e-04      8.44e-02    5.0e-08
 970000      8.14e-02      5.68e-04      7.94e-02    4.8e-08
 971000      8.18e-02      3.65e-03      7.59e-02    4.8e-08
 972000      1.00e-01      6.56e-04      9.69e-02    4.8e-08
 973000      8.59e-02      4.08e-04      8.39e-02    4.8e-08
 974000      8.35e-02      2.01e-03      8.04e-02    4.8e-08
 975000      9.32e-02      2.53e-04      9.10e-02    4.5e-08
 976000      6.09e-02      6.03e-04      5.94e-02    4.5e-08
 977000      8.95e-02      3.99e-04      8.72e-02    4.5e-08
 978000      7.40e-03      2.02e-04      7.11e-03    4.5e-08
 979000      9.29e-02      4.37e-04      9.05e-02    4.5e-08
 980000      1.07e-01      1.27e-03      1.04e-01    4.3e-08
 981000      1.02e-01      4.37e-03      9.51e-02    4.3e-08
 982000      9.46e-02      1.35e-03      8.88e-02    4.3e-08
 983000      9.73e-02      5.73e-04      9.46e-02    4.3e-08
 984000      9.59e-02      4.40e-03      8.88e-02    4.3e-08
 985000      9.45e-02      7.08e-04      9.16e-02    4.1e-08
 986000      1.09e-01      6.87e-03      9.60e-02    4.1e-08
 987000      8.38e-02      4.37e-03      7.64e-02    4.1e-08
 988000      1.08e-01      3.91e-03      1.02e-01    4.1e-08
 989000      7.30e-03      1.11e-04      7.11e-03    4.1e-08
 990000      9.34e-02      3.37e-03      8.86e-02    3.9e-08
 991000      9.11e-02      1.34e-03      8.54e-02    3.9e-08
 992000      8.39e-02      8.30e-04      8.21e-02    3.9e-08
 993000      8.89e-02      1.08e-04      8.71e-02    3.9e-08
 994000      9.21e-03      2.94e-04      8.81e-03    3.9e-08
 995000      9.74e-02      9.98e-04      9.36e-02    3.7e-08
 996000      8.51e-02      1.78e-03      8.27e-02    3.7e-08
 997000      4.91e-02      1.56e-03      4.70e-02    3.7e-08
 998000      6.86e-02      1.82e-03      6.62e-02    3.7e-08
 999000      9.44e-02      5.20e-04      9.21e-02    3.7e-08
1000000      5.52e-02      1.46e-03      5.33e-02    3.5e-08
