# Time-averaged data for fix strainstress
# TimeStep v_strain v_truestrain v_pzz v_pzzsq
214300 0.00034625 0.000346187 -0.0389062 0.00157422
214400 0.00059625 0.00059607 -0.0631586 0.00416776
214500 0.00084625 0.00084589 -0.103064 0.0106605
214600 0.00109625 0.00109565 -0.103483 0.0107576
214700 0.00134625 0.00134534 -0.142825 0.0206611
214800 0.00159625 0.00159497 -0.160759 0.025945
214900 0.00184625 0.00184455 -0.161058 0.0263639
215000 0.00209625 0.00209405 -0.210601 0.0444601
215100 0.00234625 0.0023435 -0.212143 0.0450501
215200 0.00259625 0.00259288 -0.269313 0.0726565
215300 0.00284625 0.0028422 -0.24523 0.0603994
215400 0.00309625 0.00309146 -0.29167 0.0856706
215500 0.00334625 0.00334066 -0.293058 0.0864677
215600 0.00359625 0.0035898 -0.291567 0.0855998
215700 0.00384625 0.00383887 -0.362889 0.131792
215800 0.00409625 0.00408788 -0.34774 0.121222
215900 0.00434625 0.00433683 -0.40125 0.161137
216000 0.00459625 0.00458572 -0.383826 0.14737
216100 0.00484625 0.00483454 -0.418023 0.174963
216200 0.00509625 0.00508331 -0.434505 0.188852
216300 0.00534625 0.00533201 -0.472293 0.223236
216400 0.00559625 0.00558065 -0.477395 0.227983
216500 0.00584625 0.00582922 -0.511123 0.261539
216600 0.00609625 0.00607774 -0.511569 0.261801
216700 0.00634625 0.00632619 -0.536828 0.288605
216800 0.00659625 0.00657459 -0.571476 0.326632
216900 0.00684625 0.00682292 -0.592458 0.351208
217000 0.00709625 0.00707119 -0.605692 0.366936
217100 0.00734625 0.0073194 -0.608795 0.370879
217200 0.00759625 0.00756754 -0.646383 0.41785
217300 0.00784625 0.00781563 -0.6403 0.410078
217400 0.00809625 0.00806365 -0.697399 0.486532
217500 0.00834625 0.00831161 -0.678874 0.461024
217600 0.00859625 0.00855951 -0.724286 0.52482
217700 0.00884625 0.00880735 -0.731768 0.535573
217800 0.00909625 0.00905513 -0.760537 0.578785
217900 0.00934625 0.00930284 -0.784409 0.615483
218000 0.00959625 0.0095505 -0.765219 0.585668
218100 0.00984625 0.00979809 -0.812778 0.6607
218200 0.0100962 0.0100456 -0.820394 0.673082
218300 0.0103463 0.0102931 -0.844558 0.713466
218400 0.0105963 0.0105405 -0.875611 0.76674
218500 0.0108463 0.0107878 -0.878693 0.772149
218600 0.0110962 0.0110351 -0.915452 0.838154
218700 0.0113462 0.0112824 -0.920085 0.846723
218800 0.0115963 0.0115295 -0.930534 0.866113
218900 0.0118463 0.0117766 -0.964955 0.931181
219000 0.0120962 0.0120237 -0.962959 0.927389
219100 0.0123462 0.0122707 -1.00942 1.01925
219200 0.0125963 0.0125176 -1.01318 1.02659
219300 0.0128462 0.0127644 -1.03433 1.06991
219400 0.0130963 0.0130112 -1.04243 1.08668
219500 0.0133462 0.013258 -1.05433 1.11169
219600 0.0135962 0.0135046 -1.08088 1.16835
219700 0.0138462 0.0137513 -1.111 1.23439
219800 0.0140963 0.0139978 -1.09914 1.20825
219900 0.0143463 0.0142443 -1.12587 1.26829
220000 0.0145962 0.0144907 -1.17742 1.38648
220100 0.0148463 0.0147371 -1.15318 1.32995
220200 0.0150963 0.0149834 -1.21298 1.47142
220300 0.0153463 0.0152297 -1.18836 1.41222
220400 0.0155962 0.0154759 -1.22745 1.507
220500 0.0158462 0.015722 -1.21924 1.48698
220600 0.0160963 0.0159681 -1.24077 1.54013
220700 0.0163463 0.0162141 -1.26572 1.60217
220800 0.0165963 0.01646 -1.25761 1.58207
220900 0.0168462 0.0167059 -1.31204 1.72151
221000 0.0170963 0.0169518 -1.29328 1.6726
221100 0.0173462 0.0171975 -1.3337 1.77884
221200 0.0175963 0.0174432 -1.29568 1.67898
221300 0.0178462 0.0176889 -1.3512 1.82646
221400 0.0180962 0.0179345 -1.36688 1.86864
221500 0.0183462 0.01818 -1.38327 1.91402
221600 0.0185962 0.0184255 -1.40616 1.97761
221700 0.0188463 0.0186709 -1.38855 1.92843
221800 0.0190962 0.0189162 -1.43682 2.06451
221900 0.0193463 0.0191615 -1.4085 1.98406
222000 0.0195963 0.0194067 -1.46297 2.14043
222100 0.0198463 0.0196519 -1.43903 2.0709
222200 0.0200962 0.019897 -1.47365 2.17194
222300 0.0203462 0.020142 -1.48284 2.19897
222400 0.0205963 0.020387 -1.50017 2.25069
222500 0.0208462 0.0206319 -1.49602 2.23839
222600 0.0210963 0.0208768 -1.51605 2.29854
222700 0.0213462 0.0211216 -1.5292 2.33847
222800 0.0215962 0.0213664 -1.54448 2.38575
222900 0.0218462 0.021611 -1.56896 2.46167
223000 0.0220963 0.0218557 -1.56454 2.44783
223100 0.0223463 0.0221002 -1.56703 2.45566
223200 0.0225962 0.0223447 -1.55226 2.40963
223300 0.0228462 0.0225892 -1.58175 2.50197
223400 0.0230962 0.0228336 -1.57478 2.47998
223500 0.0233463 0.0230779 -1.61148 2.59703
223600 0.0235962 0.0233222 -1.60744 2.58389
223700 0.0238462 0.0235664 -1.60748 2.58404
223800 0.0240963 0.0238105 -1.62403 2.63753
223900 0.0243463 0.0240546 -1.64155 2.69474
224000 0.0245963 0.0242986 -1.62361 2.63618
224100 0.0248462 0.0245426 -1.62416 2.63791
224200 0.0250963 0.0247865 -1.62694 2.64704
224300 0.0253462 0.0250304 -1.60919 2.58954
224400 0.0255963 0.0252741 -1.64326 2.70044
224500 0.0258463 0.0255179 -1.65807 2.74929
224600 0.0260962 0.0257616 -1.66995 2.78878
224700 0.0263462 0.0260052 -1.62799 2.65051
224800 0.0265963 0.0262487 -1.68086 2.82581
224900 0.0268463 0.0264922 -1.67029 2.7903
225000 0.0270962 0.0267356 -1.69242 2.86483
225100 0.0273462 0.026979 -1.67876 2.81896
225200 0.0275962 0.0272223 -1.65586 2.74238
225300 0.0278463 0.0274656 -1.69068 2.85855
225400 0.0280963 0.0277088 -1.66053 2.75743
225500 0.0283462 0.0279519 -1.70096 2.89333
225600 0.0285962 0.028195 -1.68033 2.82358
225700 0.0288462 0.028438 -1.72192 2.96512
225800 0.0290963 0.028681 -1.69288 2.86619
225900 0.0293462 0.0289239 -1.72601 2.97994
226000 0.0295963 0.0291667 -1.72876 2.98906
226100 0.0298462 0.0294095 -1.7227 2.96811
226200 0.0300963 0.0296522 -1.78207 3.17591
226300 0.0303463 0.0298949 -1.75171 3.06854
226400 0.0305962 0.0301375 -1.78659 3.19195
226500 0.0308462 0.0303801 -1.76792 3.12558
226600 0.0310962 0.0306226 -1.79297 3.21479
226700 0.0313463 0.030865 -1.79624 3.22655
226800 0.0315962 0.0311074 -1.81865 3.3076
226900 0.0318462 0.0313497 -1.79518 3.22271
227000 0.0320962 0.0315919 -1.82075 3.31529
227100 0.0323463 0.0318341 -1.79568 3.22457
227200 0.0325963 0.0320763 -1.80867 3.27145
227300 0.0328462 0.0323183 -1.81849 3.30695
227400 0.0330962 0.0325604 -1.82275 3.32252
227500 0.0333462 0.0328023 -1.8377 3.37717
227600 0.0335963 0.0330442 -1.83375 3.3627
227700 0.0338462 0.0332861 -1.84129 3.39054
227800 0.0340963 0.0335279 -1.85885 3.45542
227900 0.0343462 0.0337696 -1.82805 3.34179
228000 0.0345963 0.0340113 -1.8464 3.40927
228100 0.0348463 0.0342529 -1.83382 3.36311
228200 0.0350962 0.0344944 -1.85616 3.44596
228300 0.0353462 0.0347359 -1.86884 3.493
228400 0.0355962 0.0349773 -1.85328 3.43493
228500 0.0358463 0.0352187 -1.87737 3.5247
228600 0.0360963 0.03546 -1.86281 3.47061
228700 0.0363462 0.0357013 -1.94441 3.78092
228800 0.0365962 0.0359425 -1.85502 3.44172
228900 0.0368463 0.0361837 -1.86743 3.48778
229000 0.0370963 0.0364247 -1.86504 3.47854
229100 0.0373462 0.0366658 -1.89868 3.60519
229200 0.0375962 0.0369067 -1.86803 3.48978
229300 0.0378462 0.0371476 -1.858 3.45235
229400 0.0380963 0.0373885 -1.84515 3.40488
229500 0.0383463 0.0376293 -1.84617 3.40867
229600 0.0385962 0.03787 -1.86763 3.48823
229700 0.0388462 0.0381107 -1.85803 3.45247
229800 0.0390963 0.0383513 -1.90897 3.64424
229900 0.0393463 0.0385919 -1.8929 3.5831
230000 0.0395963 0.0388324 -1.91028 3.64922
230100 0.0398462 0.0390729 -1.90318 3.62229
230200 0.0400962 0.0393133 -1.92134 3.69192
230300 0.0403463 0.0395536 -1.93208 3.73311
230400 0.0405963 0.0397939 -1.92901 3.72119
230500 0.0408462 0.0400341 -1.95586 3.82539
230600 0.0410962 0.0402742 -1.92989 3.72455
230700 0.0413462 0.0405143 -1.96586 3.86496
230800 0.0415963 0.0407544 -1.93016 3.72573
230900 0.0418463 0.0409944 -1.9711 3.88601
231000 0.0420962 0.0412343 -1.99147 3.96627
231100 0.0423462 0.0414742 -1.98765 3.95119
231200 0.0425963 0.041714 -2.01038 4.04186
231300 0.0428463 0.0419538 -1.98374 3.93538
231400 0.0430962 0.0421935 -2.01681 4.06757
231500 0.0433462 0.0424331 -1.99307 3.97234
231600 0.0435962 0.0426727 -2.01518 4.06103
231700 0.0438463 0.0429122 -1.99798 3.99203
231800 0.0440963 0.0431517 -2.03379 4.13634
231900 0.0443463 0.0433911 -2.0247 4.09948
232000 0.0445962 0.0436304 -2.0503 4.20387
232100 0.0448463 0.0438697 -2.04411 4.1786
232200 0.0450963 0.044109 -2.04054 4.16383
232300 0.0453463 0.0443482 -2.02122 4.08552
232400 0.0455962 0.0445873 -2.02374 4.09558
232500 0.0458462 0.0448264 -2.03243 4.13085
232600 0.0460963 0.0450654 -2.04942 4.20025
232700 0.0463463 0.0453043 -2.06135 4.24947
232800 0.0465963 0.0455432 -2.01854 4.07458
232900 0.0468462 0.0457821 -2.03138 4.12662
233000 0.0470963 0.0460209 -2.00368 4.01475
233100 0.0473463 0.0462596 -1.99716 3.98867
233200 0.0475963 0.0464983 -1.99507 3.98033
233300 0.0478462 0.0467369 -2.02198 4.08847
233400 0.0480962 0.0469754 -2.02591 4.10432
233500 0.0483463 0.0472139 -2.02753 4.11087
233600 0.0485962 0.0474524 -2.01818 4.0731
233700 0.0488463 0.0476907 -1.98748 3.95019
233800 0.0490962 0.0479291 -1.97391 3.89636
233900 0.0493463 0.0481673 -1.95682 3.82917
234000 0.0495963 0.0484056 -1.95287 3.81373
234100 0.0498463 0.0486437 -1.95608 3.82628
234200 0.0500962 0.0488818 -1.94117 3.76819
234300 0.0503462 0.0491199 -1.96323 3.85438
234400 0.0505963 0.0493579 -1.95976 3.84081
234500 0.0508463 0.0495958 -1.94441 3.78084
234600 0.0510963 0.0498337 -1.9726 3.89116
234700 0.0513462 0.0500715 -1.97162 3.88736
234800 0.0515962 0.0503092 -1.99185 3.96752
234900 0.0518463 0.050547 -1.97769 3.9113
235000 0.0520963 0.0507846 -2.0167 4.06719
235100 0.0523462 0.0510222 -2.00539 4.0216
235200 0.0525962 0.0512597 -2.01632 4.06568
235300 0.0528463 0.0514972 -2.04067 4.16441
235400 0.0530962 0.0517346 -2.03234 4.13044
235500 0.0533463 0.051972 -2.0382 4.15428
235600 0.0535962 0.0522093 -2.01947 4.07836
235700 0.0538462 0.0524466 -2.02065 4.08306
235800 0.0540963 0.0526838 -2.0189 4.07599
235900 0.0543463 0.0529209 -2.03111 4.12544
236000 0.0545963 0.053158 -2.01207 4.04846
236100 0.0548462 0.053395 -2.00989 4.03972
236200 0.0550963 0.053632 -2.0013 4.00522
236300 0.0553463 0.0538689 -1.97694 3.90859
236400 0.0555963 0.0541058 -1.92884 3.72072
236500 0.0558462 0.0543426 -1.94246 3.77319
236600 0.0560962 0.0545793 -1.91499 3.66732
236700 0.0563463 0.054816 -1.93397 3.74027
236800 0.0565963 0.0550527 -1.90249 3.61956
236900 0.0568463 0.0552892 -1.93385 3.74006
237000 0.0570962 0.0555258 -1.92228 3.69547
237100 0.0573463 0.0557622 -1.92518 3.70661
237200 0.0575962 0.0559986 -1.90443 3.6273
237300 0.0578463 0.056235 -1.90098 3.61417
237400 0.0580962 0.0564713 -1.93659 3.75052
237500 0.0583462 0.0567075 -1.91683 3.67461
237600 0.0585962 0.0569437 -1.94365 3.77781
237700 0.0588462 0.0571799 -1.90497 3.62902
237800 0.0590963 0.0574159 -1.91928 3.68367
237900 0.0593462 0.057652 -1.92045 3.68849
238000 0.0595963 0.0578879 -1.95352 3.81626
238100 0.0598463 0.0581238 -1.92631 3.71069
238200 0.0600963 0.0583597 -1.95387 3.81767
238300 0.0603462 0.0585955 -1.92004 3.68692
238400 0.0605962 0.0588312 -1.92895 3.7213
238500 0.0608463 0.0590669 -1.93444 3.7421
238600 0.0610962 0.0593026 -1.94812 3.79537
238700 0.0613463 0.0595381 -1.94399 3.77944
238800 0.0615962 0.0597737 -1.9155 3.66942
238900 0.0618462 0.0600091 -1.9557 3.8248
239000 0.0620962 0.0602445 -1.93955 3.76188
239100 0.0623463 0.0604799 -1.95877 3.837
239200 0.0625963 0.0607152 -1.94088 3.76726
239300 0.0628462 0.0609504 -1.93306 3.73689
239400 0.0630962 0.0611856 -1.93776 3.75503
239500 0.0633462 0.0614208 -1.9225 3.69613
239600 0.0635963 0.0616559 -1.9365 3.75014
239700 0.0638462 0.0618909 -1.91848 3.68081
239800 0.0640963 0.0621258 -1.97825 3.91357
239900 0.0643463 0.0623608 -1.94826 3.79586
240000 0.0645963 0.0625956 -1.96267 3.85222
240100 0.0648463 0.0628304 -1.96053 3.84374
240200 0.0650962 0.0630652 -1.96784 3.87244
240300 0.0653463 0.0632999 -1.96495 3.86115
240400 0.0655962 0.0635345 -1.95528 3.82335
240500 0.0658463 0.0637691 -1.96629 3.86642
240600 0.0660962 0.0640036 -1.9528 3.81347
240700 0.0663462 0.0642381 -1.97253 3.891
240800 0.0665962 0.0644725 -1.95462 3.82057
240900 0.0668463 0.0647069 -1.95173 3.80927
241000 0.0670963 0.0649412 -1.93739 3.75352
241100 0.0673462 0.0651754 -1.96698 3.86933
241200 0.0675962 0.0654096 -1.9571 3.8305
241300 0.0678462 0.0656438 -1.96452 3.8596
241400 0.0680963 0.0658779 -1.99156 3.9664
241500 0.0683462 0.0661119 -1.94444 3.78091
241600 0.0685962 0.0663459 -1.96249 3.85139
241700 0.0688462 0.0665798 -1.95318 3.81494
241800 0.0690963 0.0668137 -1.96351 3.85538
241900 0.0693463 0.0670475 -1.94316 3.77593
242000 0.0695962 0.0672812 -1.94137 3.76895
242100 0.0698463 0.0675149 -1.93871 3.75864
242200 0.0700962 0.0677486 -1.94254 3.77348
242300 0.0703463 0.0679822 -1.93171 3.73152
242400 0.0705963 0.0682157 -1.9294 3.72262
242500 0.0708462 0.0684492 -1.93284 3.73591
242600 0.0710962 0.0686827 -1.94666 3.78963
242700 0.0713462 0.068916 -1.95415 3.81886
242800 0.0715963 0.0691494 -1.91522 3.66813
242900 0.0718462 0.0693826 -1.93194 3.73242
243000 0.0720962 0.0696158 -1.87225 3.50553
243100 0.0723462 0.069849 -1.88363 3.54828
243200 0.0725963 0.0700821 -1.87258 3.50661
243300 0.0728463 0.0703152 -1.86404 3.47472
243400 0.0730962 0.0705482 -1.85328 3.43475
243500 0.0733462 0.0707811 -1.88774 3.56409
243600 0.0735962 0.071014 -1.87768 3.52634
243700 0.0738463 0.0712468 -1.85824 3.45336
243800 0.0740963 0.0714796 -1.89661 3.59733
243900 0.0743463 0.0717123 -1.82153 3.31821
244000 0.0745962 0.071945 -1.84836 3.41664
244100 0.0748463 0.0721776 -1.82245 3.32162
244200 0.0750963 0.0724102 -1.80494 3.25784
244300 0.0753462 0.0726427 -1.79294 3.21479
244400 0.0755962 0.0728752 -1.77487 3.15019
244500 0.0758462 0.0731076 -1.75095 3.06591
244600 0.0760963 0.0733399 -1.73023 2.99374
244700 0.0763462 0.0735722 -1.72973 2.99199
244800 0.0765962 0.0738044 -1.7329 3.00304
244900 0.0768462 0.0740366 -1.73578 3.0131
245000 0.0770963 0.0742688 -1.75263 3.07175
245100 0.0773463 0.0745008 -1.73432 3.00799
245200 0.0775962 0.0747329 -1.72631 2.98015
245300 0.0778462 0.0749648 -1.73186 2.99955
245400 0.0780962 0.0751968 -1.77742 3.15931
245500 0.0783463 0.0754286 -1.75752 3.08897
245600 0.0785963 0.0756604 -1.77179 3.13947
245700 0.0788462 0.0758922 -1.74897 3.05926
245800 0.0790962 0.0761239 -1.75987 3.09756
245900 0.0793463 0.0763555 -1.76223 3.10553
246000 0.0795963 0.0765871 -1.75487 3.07975
246100 0.0798463 0.0768187 -1.7804 3.16993
246200 0.0800962 0.0770502 -1.74981 3.06188
246300 0.0803462 0.0772816 -1.78123 3.17284
246400 0.0805963 0.077513 -1.7462 3.04937
246500 0.0808463 0.0777443 -1.7811 3.17273
246600 0.0810962 0.0779756 -1.77328 3.14473
246700 0.0813462 0.0782068 -1.79523 3.22299
246800 0.0815962 0.078438 -1.77192 3.13996
246900 0.0818463 0.0786691 -1.77891 3.16482
247000 0.0820963 0.0789001 -1.78248 3.17745
247100 0.0823462 0.0791311 -1.78069 3.17101
247200 0.0825962 0.0793621 -1.79276 3.21414
247300 0.0828463 0.079593 -1.78282 3.17852
247400 0.0830963 0.0798238 -1.79617 3.22631
247500 0.0833462 0.0800546 -1.7667 3.12127
247600 0.0835962 0.0802854 -1.79313 3.21535
247700 0.0838462 0.0805161 -1.76422 3.11261
247800 0.0840963 0.0807467 -1.77892 3.16461
247900 0.0843463 0.0809773 -1.76242 3.10633
248000 0.0845963 0.0812078 -1.75724 3.08817
248100 0.0848462 0.0814383 -1.76588 3.11842
248200 0.0850963 0.0816687 -1.73746 3.01887
248300 0.0853463 0.0818991 -1.76324 3.10909
248400 0.0855963 0.0821294 -1.73037 2.99422
248500 0.0858462 0.0823596 -1.75948 3.09597
248600 0.0860962 0.0825898 -1.76843 3.12752
248700 0.0863463 0.08282 -1.76296 3.10818
248800 0.0865963 0.0830501 -1.76874 3.12861
248900 0.0868463 0.0832802 -1.74252 3.03645
249000 0.0870962 0.0835101 -1.77138 3.13796
249100 0.0873463 0.0837401 -1.75688 3.08676
249200 0.0875963 0.08397 -1.75584 3.08311
249300 0.0878463 0.0841998 -1.76907 3.12979
249400 0.0880962 0.0844296 -1.74001 3.02768
249500 0.0883462 0.0846593 -1.75865 3.09297
249600 0.0885963 0.084889 -1.75434 3.07774
249700 0.0888462 0.0851186 -1.77308 3.14387
249800 0.0890963 0.0853482 -1.75874 3.09329
249900 0.0893462 0.0855777 -1.80711 3.26571
250000 0.0895963 0.0858072 -1.78586 3.18938
250100 0.0898463 0.0860366 -1.79786 3.2325
250200 0.0900963 0.086266 -1.79091 3.2075
250300 0.0903462 0.0864953 -1.80922 3.27367
250400 0.0905962 0.0867246 -1.82441 3.3286
250500 0.0908463 0.0869538 -1.80373 3.25371
250600 0.0910963 0.0871829 -1.82282 3.32282
250700 0.0913463 0.087412 -1.80173 3.24646
250800 0.0915962 0.0876411 -1.85759 3.45082
250900 0.0918462 0.0878701 -1.81747 3.30329
251000 0.0920963 0.088099 -1.84596 3.40782
251100 0.0923463 0.0883279 -1.83835 3.37985
251200 0.0925962 0.0885567 -1.85347 3.43577
251300 0.0928462 0.0887855 -1.85523 3.44237
251400 0.0930963 0.0890143 -1.80779 3.26813
251500 0.0933462 0.0892429 -1.8339 3.36325
251600 0.0935963 0.0894716 -1.83416 3.36419
251700 0.0938462 0.0897002 -1.8491 3.41923
251800 0.0940963 0.0899287 -1.84438 3.40179
251900 0.0943463 0.0901572 -1.87815 3.52748
252000 0.0945963 0.0903856 -1.8591 3.45646
252100 0.0948463 0.0906139 -1.86205 3.4673
252200 0.0950962 0.0908423 -1.86896 3.49302
252300 0.0953463 0.0910705 -1.86008 3.45991
252400 0.0955963 0.0912987 -1.87044 3.49856
252500 0.0958463 0.0915269 -1.87441 3.51344
252600 0.0960962 0.091755 -1.86019 3.46036
252700 0.0963462 0.0919831 -1.8531 3.43411
252800 0.0965963 0.0922111 -1.8375 3.37648
252900 0.0968463 0.092439 -1.86774 3.4885
253000 0.0970963 0.0926669 -1.85006 3.42283
253100 0.0973462 0.0928948 -1.87744 3.52483
253200 0.0975963 0.0931226 -1.85004 3.42279
253300 0.0978462 0.0933503 -1.88387 3.54924
253400 0.0980963 0.093578 -1.85885 3.45598
253500 0.0983462 0.0938056 -1.857 3.44898
253600 0.0985962 0.0940332 -1.87622 3.52084
253700 0.0988462 0.0942608 -1.84807 3.41599
253800 0.0990963 0.0944882 -1.90838 3.64214
253900 0.0993463 0.0947157 -1.84741 3.41307
254000 0.0995962 0.0949431 -1.88363 3.54818
254100 0.0998463 0.0951704 -1.8456 3.40634
254200 0.100096 0.0953977 -1.9066 3.63555
254300 0.100346 0.0956249 -1.88449 3.55178
254400 0.100596 0.0958521 -1.86232 3.46843
254500 0.100846 0.0960792 -1.88157 3.5404
254600 0.101096 0.0963063 -1.86352 3.47284
254700 0.101346 0.0965333 -1.89461 3.58972
254800 0.101596 0.0967603 -1.87097 3.5006
254900 0.101846 0.0969872 -1.86816 3.49005
255000 0.102096 0.097214 -1.86162 3.4657
255100 0.102346 0.0974409 -1.86896 3.49315
255200 0.102596 0.0976676 -1.88662 3.5594
255300 0.102846 0.0978943 -1.85644 3.44647
255400 0.103096 0.098121 -1.89081 3.5752
255500 0.103346 0.0983476 -1.84096 3.38959
255600 0.103596 0.0985742 -1.8652 3.47929
255700 0.103846 0.0988007 -1.8622 3.46806
255800 0.104096 0.0990271 -1.86899 3.49365
255900 0.104346 0.0992535 -1.87664 3.52219
256000 0.104596 0.0994799 -1.84242 3.39465
256100 0.104846 0.0997062 -1.87835 3.52827
256200 0.105096 0.0999324 -1.86657 3.48418
256300 0.105346 0.100159 -1.90848 3.6424
256400 0.105596 0.100385 -1.897 3.59862
256500 0.105846 0.100611 -1.92442 3.70347
256600 0.106096 0.100837 -1.89867 3.60524
256700 0.106346 0.101063 -1.91924 3.68384
256800 0.106596 0.101289 -1.90398 3.62535
256900 0.106846 0.101515 -1.88345 3.54757
257000 0.107096 0.101741 -1.88127 3.53989
257100 0.107346 0.101966 -1.84209 3.39382
257200 0.107596 0.102192 -1.89297 3.5835
257300 0.107846 0.102418 -1.81204 3.28386
257400 0.108096 0.102643 -1.8769 3.52348
257500 0.108346 0.102869 -1.83929 3.3837
257600 0.108596 0.103095 -1.85156 3.42907
257700 0.108846 0.10332 -1.84454 3.40307
257800 0.109096 0.103545 -1.80903 3.27312
257900 0.109346 0.103771 -1.84396 3.40046
258000 0.109596 0.103996 -1.79169 3.21023
258100 0.109846 0.104221 -1.82879 3.34459
258200 0.110096 0.104447 -1.8088 3.27177
258300 0.110346 0.104672 -1.84155 3.39153
258400 0.110596 0.104897 -1.83143 3.35422
258500 0.110846 0.105122 -1.82842 3.34314
258600 0.111096 0.105347 -1.81526 3.29525
258700 0.111346 0.105572 -1.82613 3.33486
258800 0.111596 0.105797 -1.8287 3.3443
258900 0.111846 0.106022 -1.81118 3.28041
259000 0.112096 0.106247 -1.82002 3.31256
259100 0.112346 0.106472 -1.82748 3.33979
259200 0.112596 0.106696 -1.81296 3.28688
259300 0.112846 0.106921 -1.79257 3.21337
259400 0.113096 0.107146 -1.79751 3.23111
259500 0.113346 0.10737 -1.80077 3.24282
259600 0.113596 0.107595 -1.79108 3.20805
259700 0.113846 0.107819 -1.79422 3.21928
259800 0.114096 0.108044 -1.78014 3.16898
259900 0.114346 0.108268 -1.80438 3.25581
260000 0.114596 0.108492 -1.79031 3.20531
260100 0.114846 0.108717 -1.79285 3.21447
260200 0.115096 0.108941 -1.78898 3.20066
260300 0.115346 0.109165 -1.7839 3.18255
260400 0.115596 0.109389 -1.80565 3.26047
260500 0.115846 0.109613 -1.79608 3.22596
260600 0.116096 0.109837 -1.82087 3.31561
260700 0.116346 0.110061 -1.80505 3.25827
260800 0.116596 0.110285 -1.8345 3.36547
260900 0.116846 0.110509 -1.81519 3.29503
261000 0.117096 0.110733 -1.83016 3.34979
261100 0.117346 0.110956 -1.8363 3.37242
261200 0.117596 0.11118 -1.82021 3.31355
261300 0.117846 0.111404 -1.86946 3.49495
261400 0.118096 0.111627 -1.83481 3.36655
261500 0.118346 0.111851 -1.84823 3.41599
261600 0.118596 0.112075 -1.81621 3.29868
261700 0.118846 0.112298 -1.86854 3.49188
261800 0.119096 0.112521 -1.84194 3.39348
261900 0.119346 0.112745 -1.84284 3.39706
262000 0.119596 0.112968 -1.86451 3.47724
262100 0.119846 0.113191 -1.80887 3.27206
262200 0.120096 0.113415 -1.85566 3.44356
262300 0.120346 0.113638 -1.82556 3.33275
262400 0.120596 0.113861 -1.87261 3.50717
262500 0.120846 0.114084 -1.85149 3.42831
262600 0.121096 0.114307 -1.85811 3.45291
262700 0.121346 0.11453 -1.84771 3.41456
262800 0.121596 0.114753 -1.80857 3.27104
262900 0.121846 0.114976 -1.86219 3.46781
263000 0.122096 0.115199 -1.83253 3.35822
263100 0.122346 0.115421 -1.83922 3.38277
263200 0.122596 0.115644 -1.83006 3.34915
263300 0.122846 0.115867 -1.84556 3.40617
263400 0.123096 0.116089 -1.83764 3.37704
263500 0.123346 0.116312 -1.84536 3.40542
263600 0.123596 0.116534 -1.85045 3.42421
263700 0.123846 0.116757 -1.8411 3.38968
263800 0.124096 0.116979 -1.84823 3.41595
263900 0.124346 0.117202 -1.8425 3.39482
264000 0.124596 0.117424 -1.83555 3.3694
264100 0.124846 0.117646 -1.82427 3.32815
264200 0.125096 0.117869 -1.85418 3.43811
264300 0.125346 0.118091 -1.82238 3.3211
264400 0.125596 0.118313 -1.83798 3.37828
264500 0.125846 0.118535 -1.808 3.26892
264600 0.126096 0.118757 -1.82519 3.33136
264700 0.126346 0.118979 -1.81423 3.29158
264800 0.126596 0.119201 -1.82987 3.34847
264900 0.126846 0.119423 -1.81439 3.2921
265000 0.127096 0.119645 -1.82235 3.32115
265100 0.127346 0.119866 -1.80834 3.27039
265200 0.127596 0.120088 -1.80099 3.24382
265300 0.127846 0.12031 -1.82084 3.31552
265400 0.128096 0.120531 -1.81698 3.30145
265500 0.128346 0.120753 -1.8255 3.33248
265600 0.128596 0.120975 -1.80146 3.24535
265700 0.128846 0.121196 -1.79022 3.20492
265800 0.129096 0.121418 -1.79075 3.20684
265900 0.129346 0.121639 -1.76598 3.11879
266000 0.129596 0.12186 -1.76468 3.11418
266100 0.129846 0.122082 -1.78136 3.17326
