# Time-averaged data for fix strainstress
# TimeStep v_strain v_truestrain v_pzz v_pzzsq
223200 0.00013125 0.000131239 -0.00649402 0.00010308
223300 0.00038125 0.000381175 -0.0221584 0.000549718
223400 0.00063125 0.000631048 -0.0447301 0.00209749
223500 0.00088125 0.000880859 -0.0525073 0.00280495
223600 0.00113125 0.00113061 -0.0815969 0.00691752
223700 0.00138125 0.00138029 -0.092239 0.00863516
223800 0.00163125 0.00162992 -0.0998936 0.0102169
223900 0.00188125 0.00187948 -0.129894 0.0169735
224000 0.00213125 0.00212898 -0.13459 0.0182255
224100 0.00238125 0.00237842 -0.168296 0.0283409
224200 0.00263125 0.00262779 -0.168133 0.0283236
224300 0.00288125 0.0028771 -0.212974 0.0455818
224400 0.00313125 0.00312636 -0.219312 0.0481551
224500 0.00338125 0.00337554 -0.242975 0.0591675
224600 0.00363125 0.00362467 -0.250159 0.0626122
224700 0.00388125 0.00387373 -0.280176 0.0786914
224800 0.00413125 0.00412274 -0.295085 0.0871351
224900 0.00438125 0.00437168 -0.295376 0.0873912
225000 0.00463125 0.00462056 -0.319476 0.10212
225100 0.00488125 0.00486937 -0.317633 0.101011
225200 0.00513125 0.00511813 -0.366705 0.134594
225300 0.00538125 0.00536682 -0.360652 0.130276
225400 0.00563125 0.00561545 -0.422029 0.178304
225500 0.00588125 0.00586402 -0.395091 0.156277
225600 0.00613125 0.00611253 -0.427447 0.183104
225700 0.00638125 0.00636097 -0.450403 0.202906
225800 0.00663125 0.00660936 -0.451567 0.204303
225900 0.00688125 0.00685768 -0.479252 0.22982
226000 0.00713125 0.00710594 -0.491013 0.241248
226100 0.00738125 0.00735414 -0.523311 0.273887
226200 0.00763125 0.00760228 -0.512204 0.262449
226300 0.00788125 0.00785035 -0.555182 0.308279
226400 0.00813125 0.00809837 -0.55369 0.306633
226500 0.00838125 0.00834632 -0.594923 0.35411
226600 0.00863125 0.00859421 -0.593791 0.352646
226700 0.00888125 0.00884204 -0.624375 0.389927
226800 0.00913125 0.00908981 -0.611974 0.374754
226900 0.00938125 0.00933752 -0.651683 0.425094
227000 0.00963125 0.00958516 -0.655686 0.430452
227100 0.00988125 0.00983275 -0.658021 0.43355
227200 0.0101313 0.0100803 -0.688319 0.474086
227300 0.0103812 0.0103277 -0.680132 0.462989
227400 0.0106312 0.0105751 -0.737373 0.543802
227500 0.0108812 0.0108225 -0.720546 0.519384
227600 0.0111313 0.0110698 -0.766508 0.587684
227700 0.0113813 0.011317 -0.756745 0.572741
227800 0.0116312 0.0115641 -0.792205 0.627919
227900 0.0118813 0.0118112 -0.777898 0.605342
228000 0.0121312 0.0120583 -0.811607 0.659001
228100 0.0123812 0.0123052 -0.838 0.702295
228200 0.0126313 0.0125521 -0.845301 0.714795
228300 0.0128813 0.012799 -0.866003 0.750015
228400 0.0131313 0.0130458 -0.843567 0.711809
228500 0.0133812 0.0132925 -0.898048 0.806603
228600 0.0136312 0.0135392 -0.893556 0.798525
228700 0.0138813 0.0137858 -0.922758 0.851966
228800 0.0141313 0.0140323 -0.939391 0.882548
228900 0.0143813 0.0142788 -0.93835 0.880709
229000 0.0146312 0.0145252 -0.961475 0.924542
229100 0.0148812 0.0147716 -0.952776 0.908144
229200 0.0151313 0.0150179 -1.00446 1.00911
229300 0.0153813 0.0152642 -0.968124 0.937316
229400 0.0156312 0.0155103 -1.0096 1.01947
229500 0.0158813 0.0157565 -1.02371 1.04801
229600 0.0161313 0.0160025 -1.05838 1.12032
229700 0.0163812 0.0162485 -1.06364 1.13138
229800 0.0166312 0.0164945 -1.05614 1.11554
229900 0.0168813 0.0167403 -1.07109 1.14728
230000 0.0171312 0.0169862 -1.06548 1.13558
230100 0.0173812 0.0172319 -1.10999 1.23215
230200 0.0176312 0.0174776 -1.07605 1.15795
230300 0.0178813 0.0177233 -1.13043 1.27827
230400 0.0181313 0.0179688 -1.11917 1.25286
230500 0.0183813 0.0182144 -1.13895 1.29758
230600 0.0186312 0.0184598 -1.14673 1.31542
230700 0.0188812 0.0187052 -1.12327 1.26196
230800 0.0191312 0.0189505 -1.17479 1.38019
230900 0.0193813 0.0191958 -1.16651 1.36082
231000 0.0196312 0.019441 -1.20575 1.45389
231100 0.0198812 0.0196862 -1.16894 1.36661
231200 0.0201312 0.0199313 -1.21789 1.4837
231300 0.0203812 0.0201763 -1.20215 1.44561
231400 0.0206313 0.0204213 -1.21483 1.4762
231500 0.0208813 0.0206662 -1.24303 1.54519
231600 0.0211313 0.0209111 -1.24642 1.55413
231700 0.0213812 0.0211559 -1.29613 1.68015
231800 0.0216312 0.0214006 -1.25938 1.58615
231900 0.0218813 0.0216453 -1.29717 1.68273
232000 0.0221313 0.0218899 -1.28576 1.65323
232100 0.0223813 0.0221345 -1.32802 1.76389
232200 0.0226312 0.022379 -1.30424 1.70144
232300 0.0228812 0.0226234 -1.30318 1.69838
232400 0.0231312 0.0228678 -1.31173 1.72067
232500 0.0233813 0.0231121 -1.33354 1.77862
232600 0.0236313 0.0233564 -1.34892 1.81962
232700 0.0238812 0.0236006 -1.3431 1.80398
232800 0.0241312 0.0238447 -1.3526 1.82962
232900 0.0243812 0.0240888 -1.3412 1.79901
233000 0.0246313 0.0243328 -1.37367 1.88702
233100 0.0248812 0.0245767 -1.35952 1.84834
233200 0.0251313 0.0248207 -1.39363 1.94233
233300 0.0253813 0.0250645 -1.35878 1.84634
233400 0.0256312 0.0253083 -1.38445 1.9168
233500 0.0258813 0.025552 -1.38487 1.91803
233600 0.0261313 0.0257957 -1.39031 1.93317
233700 0.0263813 0.0260393 -1.40579 1.97626
233800 0.0266312 0.0262828 -1.4238 2.02737
233900 0.0268812 0.0265263 -1.42508 2.03093
234000 0.0271312 0.0267697 -1.43106 2.04808
234100 0.0273813 0.0270131 -1.43482 2.05877
234200 0.0276313 0.0272564 -1.44332 2.08352
234300 0.0278812 0.0274996 -1.4756 2.1775
234400 0.0281312 0.0277428 -1.4559 2.11979
234500 0.0283812 0.027986 -1.48277 2.19875
234600 0.0286313 0.028229 -1.45282 2.11084
234700 0.0288812 0.028472 -1.49938 2.24848
234800 0.0291312 0.028715 -1.50523 2.2658
234900 0.0293812 0.0289579 -1.5204 2.31188
235000 0.0296312 0.0292007 -1.53578 2.3589
235100 0.0298812 0.0294435 -1.50886 2.27688
235200 0.0301313 0.0296862 -1.54956 2.40121
235300 0.0303813 0.0299289 -1.52215 2.31708
235400 0.0306312 0.0301715 -1.54838 2.39767
235500 0.0308812 0.030414 -1.55004 2.40275
235600 0.0311312 0.0306565 -1.55454 2.4168
235700 0.0313813 0.0308989 -1.55792 2.42725
235800 0.0316313 0.0311413 -1.5377 2.36471
235900 0.0318812 0.0313836 -1.56227 2.44078
236000 0.0321312 0.0316258 -1.57203 2.47133
236100 0.0323812 0.031868 -1.5844 2.51039
236200 0.0326313 0.0321102 -1.54917 2.40011
236300 0.0328813 0.0323522 -1.56243 2.44156
236400 0.0331312 0.0325942 -1.56817 2.45935
236500 0.0333813 0.0328362 -1.57743 2.48864
236600 0.0336312 0.0330781 -1.62097 2.62768
236700 0.0338813 0.0333199 -1.58375 2.50833
236800 0.0341312 0.0335617 -1.61494 2.60819
236900 0.0343813 0.0338034 -1.5939 2.54072
237000 0.0346313 0.0340451 -1.60791 2.58575
237100 0.0348812 0.0342867 -1.60377 2.57238
237200 0.0351313 0.0345282 -1.59491 2.54383
237300 0.0353813 0.0347697 -1.61937 2.62241
237400 0.0356313 0.0350111 -1.63786 2.68271
237500 0.0358813 0.0352525 -1.64469 2.70503
237600 0.0361312 0.0354938 -1.6377 2.68212
237700 0.0363812 0.0357351 -1.66606 2.77589
237800 0.0366313 0.0359763 -1.66341 2.767
237900 0.0368813 0.0362174 -1.69598 2.87662
238000 0.0371312 0.0364585 -1.6938 2.86929
238100 0.0373812 0.0366995 -1.6866 2.84474
238200 0.0376313 0.0369405 -1.69803 2.88336
238300 0.0378813 0.0371814 -1.68407 2.8363
238400 0.0381312 0.0374222 -1.72215 2.96594
238500 0.0383813 0.037663 -1.67889 2.81887
238600 0.0386312 0.0379037 -1.70525 2.90809
238700 0.0388812 0.0381444 -1.7101 2.92452
238800 0.0391312 0.038385 -1.73181 2.99927
238900 0.0393813 0.0386256 -1.73275 3.00248
239000 0.0396313 0.0388661 -1.75044 3.06427
239100 0.0398812 0.0391065 -1.75011 3.06331
239200 0.0401312 0.0393469 -1.71667 2.94714
239300 0.0403812 0.0395872 -1.74678 3.05128
239400 0.0406313 0.0398275 -1.74813 3.05609
239500 0.0408813 0.0400677 -1.77809 3.16165
239600 0.0411312 0.0403079 -1.76741 3.12378
239700 0.0413812 0.040548 -1.78839 3.19841
239800 0.0416312 0.040788 -1.75637 3.08487
239900 0.0418813 0.041028 -1.79251 3.21344
240000 0.0421313 0.0412679 -1.7626 3.10711
240100 0.0423812 0.0415078 -1.7762 3.15542
240200 0.0426313 0.0417476 -1.79559 3.22441
240300 0.0428812 0.0419873 -1.77689 3.15756
240400 0.0431312 0.042227 -1.81908 3.30927
240500 0.0433813 0.0424666 -1.76672 3.1214
240600 0.0436313 0.0427062 -1.81476 3.29352
240700 0.0438813 0.0429457 -1.78875 3.19984
240800 0.0441312 0.0431852 -1.8115 3.28186
240900 0.0443812 0.0434246 -1.80857 3.27126
241000 0.0446313 0.0436639 -1.80263 3.24974
241100 0.0448813 0.0439032 -1.79575 3.22524
241200 0.0451313 0.0441425 -1.77498 3.15069
241300 0.0453812 0.0443816 -1.80909 3.2729
241400 0.0456312 0.0446208 -1.80008 3.24036
241500 0.0458813 0.0448598 -1.83352 3.36184
241600 0.0461313 0.0450988 -1.81758 3.30364
241700 0.0463812 0.0453378 -1.82591 3.33402
241800 0.0466312 0.0455767 -1.8028 3.25027
241900 0.0468813 0.0458155 -1.81175 3.28257
242000 0.0471312 0.0460543 -1.81389 3.29032
242100 0.0473813 0.046293 -1.82663 3.3368
242200 0.0476313 0.0465317 -1.83002 3.34905
242300 0.0478813 0.0467703 -1.82816 3.34222
242400 0.0481312 0.0470088 -1.82351 3.32521
242500 0.0483812 0.0472473 -1.83181 3.3556
242600 0.0486313 0.0474857 -1.83698 3.37453
242700 0.0488813 0.0477241 -1.8157 3.29684
242800 0.0491312 0.0479624 -1.83641 3.37243
242900 0.0493812 0.0482007 -1.81753 3.30351
243000 0.0496312 0.0484389 -1.82151 3.31799
243100 0.0498812 0.0486771 -1.81416 3.29138
243200 0.0501313 0.0489152 -1.81369 3.2895
243300 0.0503812 0.0491532 -1.80793 3.26871
243400 0.0506312 0.0493912 -1.79819 3.23356
243500 0.0508812 0.0496291 -1.79019 3.20484
243600 0.0511312 0.049867 -1.79593 3.22544
243700 0.0513813 0.0501048 -1.80272 3.25001
243800 0.0516312 0.0503425 -1.77544 3.15228
243900 0.0518813 0.0505802 -1.81834 3.30646
244000 0.0521312 0.0508179 -1.79187 3.21086
244100 0.0523812 0.0510555 -1.82735 3.33935
244200 0.0526313 0.051293 -1.81323 3.2879
244300 0.0528813 0.0515305 -1.8151 3.29477
244400 0.0531313 0.0517679 -1.82612 3.33487
244500 0.0533812 0.0520052 -1.82768 3.34064
244600 0.0536312 0.0522425 -1.84062 3.38808
244700 0.0538812 0.0524798 -1.81318 3.2878
244800 0.0541313 0.052717 -1.84672 3.41043
244900 0.0543813 0.0529541 -1.81419 3.29139
245000 0.0546312 0.0531912 -1.82776 3.34086
245100 0.0548812 0.0534282 -1.82038 3.31394
245200 0.0551312 0.0536652 -1.85646 3.44677
245300 0.0553813 0.0539021 -1.85277 3.43305
245400 0.0556312 0.0541389 -1.85131 3.42749
245500 0.0558813 0.0543757 -1.86124 3.4643
245600 0.0561313 0.0546125 -1.84051 3.38751
245700 0.0563812 0.0548491 -1.85752 3.45039
245800 0.0566313 0.0550858 -1.83654 3.37304
245900 0.0568813 0.0553224 -1.83078 3.35185
246000 0.0571313 0.0555589 -1.8491 3.41921
246100 0.0573812 0.0557953 -1.85695 3.4484
246200 0.0576312 0.0560317 -1.87334 3.50952
246300 0.0578813 0.0562681 -1.8595 3.45791
246400 0.0581313 0.0565044 -1.8779 3.52656
246500 0.0583813 0.0567406 -1.86752 3.48773
246600 0.0586312 0.0569768 -1.89995 3.60987
246700 0.0588812 0.0572129 -1.85989 3.45937
246800 0.0591312 0.057449 -1.88194 3.54179
246900 0.0593813 0.057685 -1.87235 3.50612
247000 0.0596313 0.057921 -1.87554 3.51802
247100 0.0598812 0.0581569 -1.88549 3.55516
247200 0.0601312 0.0583927 -1.86782 3.48887
247300 0.0603812 0.0586285 -1.88464 3.55209
247400 0.0606312 0.0588642 -1.85786 3.45178
247500 0.0608813 0.0590999 -1.88035 3.53575
247600 0.0611313 0.0593356 -1.8357 3.36993
247700 0.0613812 0.0595711 -1.83776 3.37743
247800 0.0616312 0.0598066 -1.82964 3.34764
247900 0.0618812 0.0600421 -1.8659 3.48169
248000 0.0621313 0.0602775 -1.82637 3.33593
248100 0.0623813 0.0605128 -1.82361 3.32561
248200 0.0626312 0.0607481 -1.81317 3.28766
248300 0.0628812 0.0609834 -1.83184 3.35591
248400 0.0631312 0.0612186 -1.85189 3.42959
248500 0.0633813 0.0614537 -1.8529 3.43336
248600 0.0636313 0.0616888 -1.85188 3.42962
248700 0.0638812 0.0619238 -1.84259 3.39525
248800 0.0641312 0.0621587 -1.85969 3.4587
248900 0.0643812 0.0623936 -1.83068 3.35165
249000 0.0646313 0.0626285 -1.87866 3.52965
249100 0.0648812 0.0628633 -1.84241 3.39454
249200 0.0651313 0.063098 -1.87564 3.5182
249300 0.0653813 0.0633327 -1.84119 3.39032
249400 0.0656312 0.0635673 -1.877 3.52391
249500 0.0658813 0.0638019 -1.8831 3.54684
249600 0.0661313 0.0640364 -1.87285 3.50796
249700 0.0663813 0.0642709 -1.89065 3.57478
249800 0.0666312 0.0645053 -1.86524 3.47914
249900 0.0668812 0.0647397 -1.89042 3.57374
250000 0.0671312 0.064974 -1.87482 3.515
250100 0.0673813 0.0652082 -1.88264 3.54441
250200 0.0676313 0.0654424 -1.89036 3.57354
250300 0.0678812 0.0656765 -1.87851 3.52881
250400 0.0681312 0.0659106 -1.86852 3.49138
250500 0.0683813 0.0661447 -1.84842 3.41677
250600 0.0686313 0.0663786 -1.8536 3.4359
250700 0.0688813 0.0666125 -1.87909 3.53106
250800 0.0691312 0.0668464 -1.85243 3.43157
250900 0.0693813 0.0670802 -1.86121 3.46415
251000 0.0696312 0.067314 -1.87132 3.50189
251100 0.0698812 0.0675477 -1.87 3.49693
251200 0.0701313 0.0677813 -1.86973 3.49595
251300 0.0703813 0.0680149 -1.86359 3.47299
251400 0.0706313 0.0682484 -1.87149 3.50255
251500 0.0708812 0.0684819 -1.83191 3.35596
251600 0.0711312 0.0687153 -1.8563 3.44604
251700 0.0713813 0.0689487 -1.84919 3.41968
251800 0.0716313 0.069182 -1.82921 3.34605
251900 0.0718812 0.0694153 -1.85481 3.44034
252000 0.0721312 0.0696485 -1.864 3.47456
252100 0.0723812 0.0698816 -1.86338 3.47229
252200 0.0726313 0.0701147 -1.84098 3.38931
252300 0.0728813 0.0703478 -1.8632 3.47166
252400 0.0731312 0.0705808 -1.86935 3.49462
252500 0.0733813 0.0708137 -1.85447 3.43907
252600 0.0736312 0.0710466 -1.87286 3.50766
252700 0.0738812 0.0712794 -1.85667 3.44725
252800 0.0741312 0.0715122 -1.84817 3.41581
252900 0.0743813 0.0717449 -1.8583 3.45341
253000 0.0746313 0.0719776 -1.86573 3.48104
253100 0.0748812 0.0722102 -1.85237 3.43136
253200 0.0751312 0.0724427 -1.83528 3.36831
253300 0.0753813 0.0726752 -1.83623 3.37179
253400 0.0756313 0.0729077 -1.84364 3.39904
253500 0.0758813 0.0731401 -1.83374 3.36267
253600 0.0761312 0.0733724 -1.85134 3.42756
253700 0.0763812 0.0736047 -1.84551 3.40596
253800 0.0766312 0.073837 -1.84443 3.40196
253900 0.0768813 0.0740691 -1.83133 3.35382
254000 0.0771312 0.0743013 -1.83481 3.3667
254100 0.0773812 0.0745333 -1.83364 3.36234
254200 0.0776313 0.0747653 -1.81693 3.30128
254300 0.0778812 0.0749973 -1.81118 3.28037
254400 0.0781313 0.0752292 -1.8022 3.24801
254500 0.0783813 0.0754611 -1.82223 3.32058
254600 0.0786313 0.0756929 -1.81502 3.29439
254700 0.0788812 0.0759246 -1.83669 3.37349
254800 0.0791312 0.0761563 -1.82855 3.34367
254900 0.0793813 0.076388 -1.82351 3.32524
255000 0.0796313 0.0766195 -1.80188 3.24686
255100 0.0798813 0.0768511 -1.82167 3.31861
255200 0.0801312 0.0770826 -1.81535 3.2958
255300 0.0803812 0.077314 -1.81516 3.29492
255400 0.0806313 0.0775454 -1.83345 3.36183
255500 0.0808813 0.0777767 -1.81179 3.28274
255600 0.0811313 0.0780079 -1.83577 3.37007
255700 0.0813812 0.0782392 -1.82161 3.3183
255800 0.0816312 0.0784703 -1.84595 3.40767
255900 0.0818812 0.0787014 -1.81362 3.28936
256000 0.0821313 0.0789325 -1.85128 3.4274
256100 0.0823812 0.0791635 -1.84292 3.39667
256200 0.0826313 0.0793944 -1.8207 3.31499
256300 0.0828812 0.0796253 -1.81301 3.28703
256400 0.0831312 0.0798561 -1.82644 3.33601
256500 0.0833813 0.0800869 -1.82512 3.33118
256600 0.0836313 0.0803177 -1.82487 3.33025
256700 0.0838813 0.0805483 -1.82716 3.33869
256800 0.0841312 0.080779 -1.80768 3.26772
256900 0.0843812 0.0810095 -1.80125 3.24457
257000 0.0846312 0.0812401 -1.7922 3.21205
257100 0.0848813 0.0814705 -1.81645 3.29953
257200 0.0851313 0.0817009 -1.80308 3.25116
257300 0.0853812 0.0819313 -1.81561 3.29648
257400 0.0856312 0.0821616 -1.8033 3.25192
257500 0.0858812 0.0823919 -1.80139 3.24502
257600 0.0861313 0.0826221 -1.78734 3.19468
257700 0.0863812 0.0828522 -1.82589 3.33406
257800 0.0866312 0.0830823 -1.82448 3.32876
257900 0.0868813 0.0833124 -1.82621 3.33519
258000 0.0871312 0.0835423 -1.8134 3.28863
258100 0.0873813 0.0837723 -1.79741 3.23106
258200 0.0876313 0.0840022 -1.84132 3.39049
258300 0.0878813 0.084232 -1.81583 3.29739
258400 0.0881312 0.0844618 -1.84875 3.41793
258500 0.0883812 0.0846915 -1.82283 3.32278
258600 0.0886313 0.0849212 -1.85692 3.44828
258700 0.0888813 0.0851508 -1.8023 3.24863
258800 0.0891313 0.0853804 -1.8277 3.34108
258900 0.0893812 0.0856099 -1.84409 3.4009
259000 0.0896312 0.0858393 -1.84832 3.41686
259100 0.0898812 0.0860687 -1.87499 3.51559
259200 0.0901313 0.0862981 -1.86 3.45965
259300 0.0903813 0.0865274 -1.87711 3.52358
259400 0.0906312 0.0867567 -1.86502 3.47835
259500 0.0908813 0.0869859 -1.86328 3.47188
259600 0.0911312 0.087215 -1.8429 3.39632
259700 0.0913813 0.0874441 -1.85815 3.45278
259800 0.0916313 0.0876731 -1.85504 3.44122
259900 0.0918813 0.0879021 -1.86697 3.48563
260000 0.0921313 0.0881311 -1.84848 3.41695
260100 0.0923812 0.0883599 -1.86108 3.46368
260200 0.0926312 0.0885888 -1.85547 3.44288
260300 0.0928813 0.0888176 -1.84536 3.40541
260400 0.0931313 0.0890463 -1.851 3.42625
260500 0.0933812 0.089275 -1.83666 3.37337
260600 0.0936312 0.0895036 -1.83492 3.36703
260700 0.0938812 0.0897321 -1.81349 3.28878
260800 0.0941313 0.0899607 -1.81883 3.30823
260900 0.0943813 0.0901891 -1.82081 3.31555
261000 0.0946312 0.0904175 -1.84935 3.42024
261100 0.0948812 0.0906459 -1.81003 3.27629
261200 0.0951312 0.0908742 -1.8385 3.38021
261300 0.0953813 0.0911025 -1.83034 3.35032
261400 0.0956312 0.0913307 -1.85229 3.43128
261500 0.0958813 0.0915588 -1.83237 3.35785
261600 0.0961313 0.0917869 -1.83468 3.36628
261700 0.0963812 0.092015 -1.83293 3.35973
261800 0.0966312 0.092243 -1.8278 3.34134
261900 0.0968813 0.0924709 -1.85524 3.44207
262000 0.0971313 0.0926988 -1.81474 3.29335
262100 0.0973812 0.0929267 -1.8417 3.39192
262200 0.0976312 0.0931544 -1.80273 3.24998
262300 0.0978812 0.0933822 -1.80786 3.26854
262400 0.0981313 0.0936099 -1.79913 3.2371
262500 0.0983813 0.0938375 -1.80882 3.27208
262600 0.0986312 0.0940651 -1.82206 3.32009
262700 0.0988812 0.0942926 -1.78327 3.18012
262800 0.0991312 0.0945201 -1.78702 3.19348
262900 0.0993813 0.0947475 -1.77265 3.14234
263000 0.0996313 0.0949749 -1.7981 3.23327
263100 0.0998812 0.0952022 -1.78371 3.18179
263200 0.100131 0.0954295 -1.78415 3.18331
263300 0.100381 0.0956567 -1.79788 3.23247
263400 0.100631 0.0958839 -1.79238 3.2129
263500 0.100881 0.096111 -1.81531 3.29539
263600 0.101131 0.0963381 -1.79388 3.21802
263700 0.101381 0.0965651 -1.79463 3.22076
263800 0.101631 0.096792 -1.75857 3.09269
263900 0.101881 0.0970189 -1.78652 3.19195
264000 0.102131 0.0972458 -1.7708 3.13613
264100 0.102381 0.0974726 -1.76858 3.1284
264200 0.102631 0.0976994 -1.78061 3.17074
264300 0.102881 0.0979261 -1.77682 3.15742
264400 0.103131 0.0981527 -1.81121 3.28064
264500 0.103381 0.0983793 -1.77368 3.14615
264600 0.103631 0.0986059 -1.83613 3.37161
264700 0.103881 0.0988324 -1.77454 3.14974
264800 0.104131 0.0990588 -1.78898 3.2008
264900 0.104381 0.0992852 -1.79281 3.21469
265000 0.104631 0.0995116 -1.79475 3.22152
265100 0.104881 0.0997379 -1.80518 3.25903
265200 0.105131 0.0999641 -1.7835 3.18096
265300 0.105381 0.10019 -1.81007 3.27647
265400 0.105631 0.100416 -1.79927 3.23754
265500 0.105881 0.100643 -1.83142 3.35415
265600 0.106131 0.100869 -1.79563 3.22444
265700 0.106381 0.101095 -1.82384 3.32653
265800 0.106631 0.10132 -1.8254 3.33218
265900 0.106881 0.101546 -1.8189 3.30852
266000 0.107131 0.101772 -1.82327 3.32452
266100 0.107381 0.101998 -1.78851 3.19886
266200 0.107631 0.102224 -1.80132 3.24478
266300 0.107881 0.102449 -1.79813 3.23333
266400 0.108131 0.102675 -1.79509 3.22236
266500 0.108381 0.102901 -1.79241 3.21275
266600 0.108631 0.103126 -1.79371 3.21742
266700 0.108881 0.103352 -1.76951 3.13124
266800 0.109131 0.103577 -1.7561 3.08391
266900 0.109381 0.103802 -1.7527 3.07198
267000 0.109631 0.104028 -1.75052 3.06435
267100 0.109881 0.104253 -1.74135 3.03241
267200 0.110131 0.104478 -1.75742 3.08873
267300 0.110381 0.104703 -1.74865 3.058
267400 0.110631 0.104929 -1.73846 3.02232
267500 0.110881 0.105154 -1.75452 3.07841
267600 0.111131 0.105379 -1.74402 3.04164
267700 0.111381 0.105604 -1.7489 3.05871
267800 0.111631 0.105829 -1.77654 3.15611
267900 0.111881 0.106053 -1.74825 3.05645
268000 0.112131 0.106278 -1.77529 3.15185
268100 0.112381 0.106503 -1.7602 3.09856
268200 0.112631 0.106728 -1.7591 3.09481
268300 0.112881 0.106952 -1.78864 3.19928
268400 0.113131 0.107177 -1.77122 3.1373
268500 0.113381 0.107402 -1.77866 3.16373
268600 0.113631 0.107626 -1.75989 3.09732
268700 0.113881 0.107851 -1.7821 3.1759
268800 0.114131 0.108075 -1.76616 3.11952
268900 0.114381 0.108299 -1.78352 3.18104
269000 0.114631 0.108524 -1.77287 3.14311
269100 0.114881 0.108748 -1.79046 3.20584
269200 0.115131 0.108972 -1.76895 3.1293
269300 0.115381 0.109196 -1.77262 3.14233
269400 0.115631 0.10942 -1.78598 3.19003
269500 0.115881 0.109644 -1.74159 3.03323
269600 0.116131 0.109868 -1.77049 3.13469
269700 0.116381 0.110092 -1.75256 3.07152
269800 0.116631 0.110316 -1.78417 3.1835
269900 0.116881 0.11054 -1.78589 3.18944
270000 0.117131 0.110764 -1.79351 3.21677
270100 0.117381 0.110988 -1.78681 3.19271
270200 0.117631 0.111211 -1.79772 3.23192
270300 0.117881 0.111435 -1.81477 3.29341
270400 0.118131 0.111659 -1.80197 3.2471
270500 0.118381 0.111882 -1.80305 3.2511
270600 0.118631 0.112106 -1.79851 3.23472
270700 0.118881 0.112329 -1.78524 3.18726
270800 0.119131 0.112553 -1.75752 3.08895
270900 0.119381 0.112776 -1.77993 3.16822
271000 0.119631 0.112999 -1.7684 3.12729
271100 0.119881 0.113223 -1.76794 3.12573
271200 0.120131 0.113446 -1.7563 3.08462
271300 0.120381 0.113669 -1.77168 3.13894
271400 0.120631 0.113892 -1.76997 3.13287
271500 0.120881 0.114115 -1.7706 3.1351
271600 0.121131 0.114338 -1.76149 3.103
271700 0.121381 0.114561 -1.74053 3.02948
271800 0.121631 0.114784 -1.77184 3.13947
271900 0.121881 0.115007 -1.74385 3.04111
272000 0.122131 0.11523 -1.76852 3.1279
272100 0.122381 0.115453 -1.76878 3.12886
272200 0.122631 0.115675 -1.75198 3.06948
272300 0.122881 0.115898 -1.73427 3.00784
272400 0.123131 0.116121 -1.73606 3.01422
272500 0.123381 0.116343 -1.76222 3.10547
272600 0.123631 0.116566 -1.73807 3.02098
272700 0.123881 0.116788 -1.74898 3.05895
272800 0.124131 0.117011 -1.73887 3.02372
272900 0.124381 0.117233 -1.7541 3.07688
273000 0.124631 0.117455 -1.73488 3.01
273100 0.124881 0.117677 -1.73086 2.99623
273200 0.125131 0.1179 -1.75314 3.07363
273300 0.125381 0.118122 -1.7314 2.99785
273400 0.125631 0.118344 -1.76664 3.12114
273500 0.125881 0.118566 -1.7318 2.9992
273600 0.126131 0.118788 -1.77962 3.16722
273700 0.126381 0.11901 -1.74041 3.02952
273800 0.126631 0.119232 -1.76153 3.10343
273900 0.126881 0.119454 -1.76605 3.11908
274000 0.127131 0.119676 -1.77679 3.15731
274100 0.127381 0.119897 -1.78522 3.18713
274200 0.127631 0.120119 -1.78296 3.17919
274300 0.127881 0.120341 -1.79568 3.22476
274400 0.128131 0.120563 -1.77247 3.14174
274500 0.128381 0.120784 -1.79468 3.22102
274600 0.128631 0.121006 -1.76541 3.1168
274700 0.128881 0.121227 -1.79983 3.23945
274800 0.129131 0.121449 -1.78009 3.16879
274900 0.129381 0.12167 -1.82372 3.32614
275000 0.129631 0.121891 -1.79921 3.23769
